Using pre-set license
Built from '2022.3/staging' branch; Version is '2022.3.7f1 (b16b3b16c7a0) revision 11627323'; Using compiler version '192829333'; Build Type 'Release'
OS: 'Windows 11  (10.0.22621) 64bit Core' Language: 'en' Physical Memory: 16237 MB
BatchMode: 1, IsHumanControllingUs: 0, StartBugReporterOnCrash: 0, Is64bit: 1, IsPro: 1

COMMAND LINE ARGUMENTS:
C:\Program Files\Unity\Hub\Editor\2022.3.7f1\Editor\Unity.exe
-adb2
-batchMode
-noUpm
-name
AssetImportWorker3
-projectPath
C:/Users/Morga/Documents/GitHub/ZombCube
-logFile
Logs/AssetImportWorker3.log
-srvPort
50161
Successfully changed project path to: C:/Users/Morga/Documents/GitHub/ZombCube
C:/Users/Morga/Documents/GitHub/ZombCube
[UnityMemory] Configuration Parameters - Can be set up in boot.config
    "memorysetup-bucket-allocator-granularity=16"
    "memorysetup-bucket-allocator-bucket-count=8"
    "memorysetup-bucket-allocator-block-size=33554432"
    "memorysetup-bucket-allocator-block-count=8"
    "memorysetup-main-allocator-block-size=16777216"
    "memorysetup-thread-allocator-block-size=16777216"
    "memorysetup-gfx-main-allocator-block-size=16777216"
    "memorysetup-gfx-thread-allocator-block-size=16777216"
    "memorysetup-cache-allocator-block-size=4194304"
    "memorysetup-typetree-allocator-block-size=2097152"
    "memorysetup-profiler-bucket-allocator-granularity=16"
    "memorysetup-profiler-bucket-allocator-bucket-count=8"
    "memorysetup-profiler-bucket-allocator-block-size=33554432"
    "memorysetup-profiler-bucket-allocator-block-count=8"
    "memorysetup-profiler-allocator-block-size=16777216"
    "memorysetup-profiler-editor-allocator-block-size=1048576"
    "memorysetup-temp-allocator-size-main=16777216"
    "memorysetup-job-temp-allocator-block-size=2097152"
    "memorysetup-job-temp-allocator-block-size-background=1048576"
    "memorysetup-job-temp-allocator-reduction-small-platforms=262144"
    "memorysetup-allocator-temp-initial-block-size-main=262144"
    "memorysetup-allocator-temp-initial-block-size-worker=262144"
    "memorysetup-temp-allocator-size-background-worker=32768"
    "memorysetup-temp-allocator-size-job-worker=262144"
    "memorysetup-temp-allocator-size-preload-manager=33554432"
    "memorysetup-temp-allocator-size-nav-mesh-worker=65536"
    "memorysetup-temp-allocator-size-audio-worker=65536"
    "memorysetup-temp-allocator-size-cloud-worker=32768"
    "memorysetup-temp-allocator-size-gi-baking-worker=262144"
    "memorysetup-temp-allocator-size-gfx=262144"
Player connection [31244] Host "[IP] 192.168.0.146 [Port] 0 [Flags] 2 [Guid] 3650660391 [EditorId] 3650660391 [Version] 1048832 [Id] WindowsEditor(7,MMPC6) [Debug] 1 [PackageName] WindowsEditor [ProjectName] Editor" joined multi-casting on [225.0.0.222:54997]...

Player connection [31244] Host "[IP] 192.168.0.146 [Port] 0 [Flags] 2 [Guid] 3650660391 [EditorId] 3650660391 [Version] 1048832 [Id] WindowsEditor(7,MMPC6) [Debug] 1 [PackageName] WindowsEditor [ProjectName] Editor" joined alternative multi-casting on [225.0.0.222:34997]...

Refreshing native plugins compatible for Editor in 356.40 ms, found 3 plugins.
Preloading 0 native plugins for Editor in 0.00 ms.
Initialize engine version: 2022.3.7f1 (b16b3b16c7a0)
[Subsystems] Discovering subsystems at path C:/Program Files/Unity/Hub/Editor/2022.3.7f1/Editor/Data/Resources/UnitySubsystems
[Subsystems] Discovering subsystems at path C:/Users/Morga/Documents/GitHub/ZombCube/Assets
GfxDevice: creating device client; threaded=0; jobified=0
Direct3D:
    Version:  Direct3D 11.0 [level 11.1]
    Renderer: NVIDIA GeForce RTX 4070 Ti (ID=0x2782)
    Vendor:   NVIDIA
    VRAM:     12010 MB
    Driver:   31.0.15.4617
Initialize mono
Mono path[0] = 'C:/Program Files/Unity/Hub/Editor/2022.3.7f1/Editor/Data/Managed'
Mono path[1] = 'C:/Program Files/Unity/Hub/Editor/2022.3.7f1/Editor/Data/MonoBleedingEdge/lib/mono/unityjit-win32'
Mono config path = 'C:/Program Files/Unity/Hub/Editor/2022.3.7f1/Editor/Data/MonoBleedingEdge/etc'
Using monoOptions --debugger-agent=transport=dt_socket,embedding=1,server=y,suspend=n,address=127.0.0.1:56176
Begin MonoManager ReloadAssembly
Registering precompiled unity dll's ...
Register platform support module: C:/Program Files/Unity/Hub/Editor/2022.3.7f1/Editor/Data/PlaybackEngines/WebGLSupport/UnityEditor.WebGL.Extensions.dll
Register platform support module: C:/Program Files/Unity/Hub/Editor/2022.3.7f1/Editor/Data/PlaybackEngines/AndroidPlayer/UnityEditor.Android.Extensions.dll
Register platform support module: C:/Program Files/Unity/Hub/Editor/2022.3.7f1/Editor/Data/PlaybackEngines/iOSSupport/UnityEditor.iOS.Extensions.dll
Register platform support module: C:/Program Files/Unity/Hub/Editor/2022.3.7f1/Editor/Data/PlaybackEngines/WindowsStandaloneSupport/UnityEditor.WindowsStandalone.Extensions.dll
Register platform support module: C:/Program Files/Unity/Hub/Editor/2022.3.7f1/Editor/Data/PlaybackEngines/MetroSupport/UnityEditor.UWP.Extensions.dll
Registered in 0.014908 seconds.
- Loaded All Assemblies, in  0.397 seconds
Native extension for UWP target not found
Native extension for WindowsStandalone target not found
[usbmuxd] Start listen thread
[usbmuxd] Listen thread started
Native extension for iOS target not found
Native extension for Android target not found
Android Extension - Scanning For ADB Devices 355 ms
Native extension for WebGL target not found
Mono: successfully reloaded assembly
- Finished resetting the current domain, in  0.747 seconds
Domain Reload Profiling: 1142ms
	BeginReloadAssembly (119ms)
		ExecutionOrderSort (0ms)
		DisableScriptedObjects (0ms)
		BackupInstance (0ms)
		ReleaseScriptingObjects (0ms)
		CreateAndSetChildDomain (1ms)
	RebuildCommonClasses (35ms)
	RebuildNativeTypeToScriptingClass (12ms)
	initialDomainReloadingComplete (68ms)
	LoadAllAssembliesAndSetupDomain (161ms)
		LoadAssemblies (118ms)
		RebuildTransferFunctionScriptingTraits (0ms)
		AnalyzeDomain (157ms)
			TypeCache.Refresh (156ms)
				TypeCache.ScanAssembly (140ms)
			ScanForSourceGeneratedMonoScriptInfo (0ms)
			ResolveRequiredComponents (0ms)
	FinalizeReload (747ms)
		ReleaseScriptCaches (0ms)
		RebuildScriptCaches (0ms)
		SetupLoadedEditorAssemblies (685ms)
			LogAssemblyErrors (0ms)
			InitializePlatformSupportModulesInManaged (528ms)
			SetLoadedEditorAssemblies (4ms)
			RefreshPlugins (0ms)
			BeforeProcessingInitializeOnLoad (2ms)
			ProcessInitializeOnLoadAttributes (98ms)
			ProcessInitializeOnLoadMethodAttributes (53ms)
			AfterProcessingInitializeOnLoad (0ms)
			EditorAssembliesLoaded (0ms)
		ExecutionOrderSort2 (0ms)
		AwakeInstancesAfterBackupRestoration (0ms)
========================================================================
Worker process is ready to serve import requests
Begin MonoManager ReloadAssembly
Duplicate assembly 'websocket-sharp.dll' with different versions detected, using 'Assets/Photon/PhotonLibs/WebSocket/websocket-sharp.dll, AssemblyName=websocket-sharp, Version=1.0.2.59611, Culture=neutral, PublicKeyToken=5660b08a1845a91e' and ignoring 'Packages/com.unity.services.wire/Plugins/websocket-sharp.dll, AssemblyName=websocket-sharp, Version=1.0.2.18559, Culture=neutral, PublicKeyToken=5660b08a1845a91e'.Symbol file LoadedFromMemory is not a mono symbol file
- Loaded All Assemblies, in  0.791 seconds
Refreshing native plugins compatible for Editor in 17.03 ms, found 3 plugins.
Native extension for UWP target not found
Native extension for WindowsStandalone target not found
Native extension for iOS target not found
Native extension for Android target not found
Native extension for WebGL target not found
Mono: successfully reloaded assembly
- Finished resetting the current domain, in  0.762 seconds
Domain Reload Profiling: 1547ms
	BeginReloadAssembly (155ms)
		ExecutionOrderSort (0ms)
		DisableScriptedObjects (5ms)
		BackupInstance (0ms)
		ReleaseScriptingObjects (0ms)
		CreateAndSetChildDomain (20ms)
	RebuildCommonClasses (36ms)
	RebuildNativeTypeToScriptingClass (12ms)
	initialDomainReloadingComplete (66ms)
	LoadAllAssembliesAndSetupDomain (516ms)
		LoadAssemblies (401ms)
		RebuildTransferFunctionScriptingTraits (0ms)
		AnalyzeDomain (209ms)
			TypeCache.Refresh (158ms)
				TypeCache.ScanAssembly (135ms)
			ScanForSourceGeneratedMonoScriptInfo (38ms)
			ResolveRequiredComponents (13ms)
	FinalizeReload (763ms)
		ReleaseScriptCaches (0ms)
		RebuildScriptCaches (0ms)
		SetupLoadedEditorAssemblies (562ms)
			LogAssemblyErrors (0ms)
			InitializePlatformSupportModulesInManaged (38ms)
			SetLoadedEditorAssemblies (6ms)
			RefreshPlugins (0ms)
			BeforeProcessingInitializeOnLoad (112ms)
			ProcessInitializeOnLoadAttributes (297ms)
			ProcessInitializeOnLoadMethodAttributes (100ms)
			AfterProcessingInitializeOnLoad (7ms)
			EditorAssembliesLoaded (0ms)
		ExecutionOrderSort2 (0ms)
		AwakeInstancesAfterBackupRestoration (6ms)
Launched and connected shader compiler UnityShaderCompiler.exe after 0.05 seconds
Refreshing native plugins compatible for Editor in 17.05 ms, found 3 plugins.
Preloading 0 native plugins for Editor in 0.00 ms.
Unloading 6287 Unused Serialized files (Serialized files now loaded: 0)
Unloading 155 unused Assets / (169.1 KB). Loaded Objects now: 6701.
Memory consumption went from 248.6 MB to 248.4 MB.
Total: 4.367300 ms (FindLiveObjects: 0.381300 ms CreateObjectMapping: 0.141500 ms MarkObjects: 3.468200 ms  DeleteObjects: 0.375200 ms)

AssetImportParameters requested are different than current active one (requested -> active):
  custom:scripting/monoscript/fileName/IEventsClient.cs: 490614701f477a29835b124093e6f4e7 -> 
  custom:scripting/monoscript/fileName/PlayGamesAchievement.cs: 4faa74100a6f37443d6536c8bb532a5e -> 
  custom:container-demuxer-ogg: 62fdf1f143b41e24485cea50d1cbac27 -> 
  custom:scripting/monoscript/fileName/Achievement.cs: 34a444cc2c64c1df8b3122860f4a2cb5 -> 
  custom:scripting/monoscript/fileName/PlayerProfile.cs: cdaa619d7b4c4b8093fe9c484085425f -> 
  custom:video-codec-MediaFoundation-h265: 746d11721c4dcdbdad8f713fa42b33f4 -> 
  custom:scripting/monoscript/fileName/GPGSUpgrader.cs: 0e924e1ca8e04d585123d9b1b9c2359b -> 
  custom:video-decoder-ogg-theora: a1e56fd34408186e4bbccfd4996cb3dc -> 
  custom:scripting/monoscript/fileName/AndroidSnapshotMetadata.cs: 434b9795edbc047225f5dee3f9fd3f62 -> 
  custom:framework-win-MediaFoundation: 216162199b28c13a410421893ffa2e32 -> 
  custom:scripting/monoscript/fileName/PlayGamesUserProfile.cs: 0406e05eb0b7d757e65ed8e4d3c11941 -> 
  custom:scripting/monoscript/fileName/DummyNearbyConnectionClient.cs: c5a6392552e6ef3593fbcbbcd95fba03 -> 
  custom:CustomObjectIndexerAttribute: a3ef5dd2817f97addfee359851a9dba5 -> 
  custom:scripting/monoscript/fileName/DummyClient.cs: 6806ba3b0cb3f44136d7f03e56ebd244 -> 
  custom:scripting/monoscript/fileName/NearbyHelperObject.cs: bb4527bd1da27a040ec9eb841f73df9b -> 
  custom:scripting/monoscript/fileName/AndroidHelperFragment.cs: fb9d25bf0365de8ea560328c8f555efb -> 
  custom:container-demuxer-webm: 4f35f7cbe854078d1ac9338744f61a02 -> 
  custom:scripting/monoscript/fileName/LeaderboardScoreData.cs: 4979fe6942be5c3e1bc0a28e499f8395 -> 
  custom:scripting/monoscript/fileName/PlatformUtils.cs: 4d06ff4d12cc9d25f9a117befb68cfc6 -> 
  custom:scripting/monoscript/fileName/AndroidNearbyConnectionClient.cs: 6b779eb60708bd67e3da441ebe1f7cf7 -> 
  custom:scripting/monoscript/fileName/PlayGamesClientFactory.cs: d90fd440da3ed64c0542ba88e2908c30 -> 
  custom:scripting/monoscript/fileName/NearbyConnectionClientFactory.cs: 181f0dcaab41a3008b26e4c7f97a498e -> 
  custom:scripting/monoscript/fileName/GameInfo.cs: 4a747fef470df5e286a08bdededcb9f6 -> 
  custom:container-muxer-webm: aa71ff27fc2769a1b78a27578f13a17b -> 
  custom:scripting/monoscript/fileName/AndroidEventsClient.cs: 46ce78040b8b7bc8464083c7dd55232a -> 
  custom:scripting/monoscript/fileName/PlayGamesScore.cs: 968d89301f54c3071f616d6f3fff8f94 -> 
  custom:scripting/monoscript/fileName/ScorePageToken.cs: 7c6febe92170234326cc5d1aeb8ec1d1 -> 
  custom:video-decoder-webm-vp8: 9c59270c3fd7afecdb556c50c9e8de78 -> 
  custom:SearchIndexIgnoredProperties: e643bd26f0fe6173181afceb89e7c659 -> 
  custom:AudioImporter_EditorPlatform: d09bf68614088b80899f8185d706f6e7 -> 
  custom:scripting/monoscript/fileName/AndroidUtils.cs: f14de4686b589a012e48daae776f3163 -> 
  custom:scripting/monoscript/fileName/AndroidClient.cs: 0bd9dd9e9d097a6cd6ce1b8690d2e3ec -> 
  custom:scripting/monoscript/fileName/PlayGamesLeaderboard.cs: 42111bb7f7f077d8bde7e5ba98045e3b -> 
  custom:scripting/monoscript/fileName/GPGSPostBuild.cs: 2b24793b5237f406b18671714e81a38c -> 
  custom:video-encoder-webm-vp8: eb34c28f22e8b96e1ab97ce403110664 -> 
  custom:audio-decoder-ogg-vorbis: bf7c407c2cedff20999df2af8eb42d56 -> 
  custom:scripting/monoscript/fileName/AndroidTaskUtils.cs: aef4459b026df1b4a512f3bef38f35e1 -> 
  custom:scripting/monoscript/fileName/AndroidJavaConverter.cs: 926805c832222d5b8e4fc33c8ed42984 -> 
  custom:scripting/monoscript/fileName/PlayGamesPlatform.cs: 2d24e6555106632ec79a995be5668547 -> 
  custom:scripting/monoscript/fileName/AndroidBanner.cs: 282e9473b9351b3ad8cc7993d8b7cc25 -> 
  custom:scripting/monoscript/fileName/AndroidPlatform.cs: ec502a76f2de8159fa482f5b711d49f3 -> 
  custom:scripting/monoscript/fileName/Player.cs: 4ee1b23051609f6df1743e53ef483c49 -> fcc73d36ccb8f7928d8e51dc0f7f7715
  custom:audio-encoder-webm-vorbis: bf7c407c2cedff20999df2af8eb42d56 -> 
  custom:scripting/monoscript/fileName/PlayGamesLocalUser.cs: d6f4261cf1872dfb27cdfbbd83331271 -> 
  custom:scripting/monoscript/fileName/NearbyConnectionUI.cs: 9d9e0378f5d86be1d9f6cfb8bddd7a7d -> 
  custom:scripting/monoscript/fileName/AndroidSavedGameClient.cs: 1ac71cec45080808da35f87ebcb3e79a -> 
  custom:scripting/monoscript/fileName/IPlayGamesClient.cs: 2ca28e9275059b613ba547b671074dfb -> 
  custom:scripting/monoscript/fileName/PlayerStats.cs: 13f936ba969548226f7b99de9ead9e41 -> 
========================================================================
Received Import Request.
  Time since last request: 19922.530342 seconds.
  path: Assets/Audio/hitHurt.wav
  artifactKey: Guid(7e0775bdcdf87164ea4047d5e5a51314) Importer(815301076,1909f56bfc062723c751e8b465ee728b)
Start importing Assets/Audio/hitHurt.wav using Guid(7e0775bdcdf87164ea4047d5e5a51314) Importer(815301076,1909f56bfc062723c751e8b465ee728b)  -> (artifact id: '504da5253fd73de11be6f8efc81eaca9') in 0.011733 seconds
Number of updated asset objects reloaded before import = 0
Number of asset objects unloaded after import = 1
========================================================================
Received Import Request.
  Time since last request: 16.153433 seconds.
  path: Assets/Audio/hitHurt.wav
  artifactKey: Guid(7e0775bdcdf87164ea4047d5e5a51314) Importer(815301076,1909f56bfc062723c751e8b465ee728b)
Start importing Assets/Audio/hitHurt.wav using Guid(7e0775bdcdf87164ea4047d5e5a51314) Importer(815301076,1909f56bfc062723c751e8b465ee728b)  -> (artifact id: '8477fb19056f3faf62864cdc0a41b3c0') in 0.001097 seconds
Number of updated asset objects reloaded before import = 0
Number of asset objects unloaded after import = 1
========================================================================
Received Import Request.
  Time since last request: 3.173698 seconds.
  path: Assets/Audio/hitHurt.wav
  artifactKey: Guid(7e0775bdcdf87164ea4047d5e5a51314) Importer(815301076,1909f56bfc062723c751e8b465ee728b)
Start importing Assets/Audio/hitHurt.wav using Guid(7e0775bdcdf87164ea4047d5e5a51314) Importer(815301076,1909f56bfc062723c751e8b465ee728b)  -> (artifact id: 'e5021d809360676eb1bd3651d4d902ea') in 0.001033 seconds
Number of updated asset objects reloaded before import = 0
Number of asset objects unloaded after import = 1
========================================================================
Received Import Request.
  Time since last request: 4.406476 seconds.
  path: Assets/Audio/hitHurt.wav
  artifactKey: Guid(7e0775bdcdf87164ea4047d5e5a51314) Importer(815301076,1909f56bfc062723c751e8b465ee728b)
Start importing Assets/Audio/hitHurt.wav using Guid(7e0775bdcdf87164ea4047d5e5a51314) Importer(815301076,1909f56bfc062723c751e8b465ee728b)  -> (artifact id: '988ce0b912b11505ab291613c962ae83') in 0.001077 seconds
Number of updated asset objects reloaded before import = 0
Number of asset objects unloaded after import = 1
========================================================================
Received Import Request.
  Time since last request: 6.632802 seconds.
  path: Assets/Audio/hitHurt.wav
  artifactKey: Guid(7e0775bdcdf87164ea4047d5e5a51314) Importer(815301076,1909f56bfc062723c751e8b465ee728b)
Start importing Assets/Audio/hitHurt.wav using Guid(7e0775bdcdf87164ea4047d5e5a51314) Importer(815301076,1909f56bfc062723c751e8b465ee728b)  -> (artifact id: '822cf2720373cc982825f4fd3d4af4cf') in 0.001118 seconds
Number of updated asset objects reloaded before import = 0
Number of asset objects unloaded after import = 1
========================================================================
Received Import Request.
  Time since last request: 3.983312 seconds.
  path: Assets/Audio/hitHurt.wav
  artifactKey: Guid(7e0775bdcdf87164ea4047d5e5a51314) Importer(815301076,1909f56bfc062723c751e8b465ee728b)
Start importing Assets/Audio/hitHurt.wav using Guid(7e0775bdcdf87164ea4047d5e5a51314) Importer(815301076,1909f56bfc062723c751e8b465ee728b)  -> (artifact id: '7e00cd95e80403ee3cb7e3b3e988b15a') in 0.001037 seconds
Number of updated asset objects reloaded before import = 0
Number of asset objects unloaded after import = 1
========================================================================
Received Import Request.
  Time since last request: 11.750281 seconds.
  path: Assets/Audio/hitHurt.wav
  artifactKey: Guid(7e0775bdcdf87164ea4047d5e5a51314) Importer(815301076,1909f56bfc062723c751e8b465ee728b)
Start importing Assets/Audio/hitHurt.wav using Guid(7e0775bdcdf87164ea4047d5e5a51314) Importer(815301076,1909f56bfc062723c751e8b465ee728b)  -> (artifact id: '2b340ceedd6e6c3f0962a72adf95422a') in 0.001042 seconds
Number of updated asset objects reloaded before import = 0
Number of asset objects unloaded after import = 1
========================================================================
Received Import Request.
  Time since last request: 3.238733 seconds.
  path: Assets/Audio/hitHurt.wav
  artifactKey: Guid(7e0775bdcdf87164ea4047d5e5a51314) Importer(815301076,1909f56bfc062723c751e8b465ee728b)
Start importing Assets/Audio/hitHurt.wav using Guid(7e0775bdcdf87164ea4047d5e5a51314) Importer(815301076,1909f56bfc062723c751e8b465ee728b)  -> (artifact id: '84f7a7228ea3b1d297ba7db9217d6347') in 0.001030 seconds
Number of updated asset objects reloaded before import = 0
Number of asset objects unloaded after import = 1
========================================================================
Received Import Request.
  Time since last request: 5.116519 seconds.
  path: Assets/Audio/hitHurt.wav
  artifactKey: Guid(7e0775bdcdf87164ea4047d5e5a51314) Importer(815301076,1909f56bfc062723c751e8b465ee728b)
Start importing Assets/Audio/hitHurt.wav using Guid(7e0775bdcdf87164ea4047d5e5a51314) Importer(815301076,1909f56bfc062723c751e8b465ee728b)  -> (artifact id: '6f9a28946fe188584f736da37bd4652b') in 0.001062 seconds
Number of updated asset objects reloaded before import = 0
Number of asset objects unloaded after import = 1
========================================================================
Received Prepare
Begin MonoManager ReloadAssembly
Duplicate assembly 'websocket-sharp.dll' with different versions detected, using 'Assets/Photon/PhotonLibs/WebSocket/websocket-sharp.dll, AssemblyName=websocket-sharp, Version=1.0.2.59611, Culture=neutral, PublicKeyToken=5660b08a1845a91e' and ignoring 'Packages/com.unity.services.wire/Plugins/websocket-sharp.dll, AssemblyName=websocket-sharp, Version=1.0.2.18559, Culture=neutral, PublicKeyToken=5660b08a1845a91e'.Symbol file LoadedFromMemory is not a mono symbol file
- Loaded All Assemblies, in  0.598 seconds
Refreshing native plugins compatible for Editor in 17.21 ms, found 3 plugins.
Native extension for UWP target not found
Native extension for WindowsStandalone target not found
Native extension for iOS target not found
Native extension for Android target not found
Native extension for WebGL target not found
Mono: successfully reloaded assembly
- Finished resetting the current domain, in  1.174 seconds
Domain Reload Profiling: 1766ms
	BeginReloadAssembly (171ms)
		ExecutionOrderSort (0ms)
		DisableScriptedObjects (5ms)
		BackupInstance (0ms)
		ReleaseScriptingObjects (0ms)
		CreateAndSetChildDomain (35ms)
	RebuildCommonClasses (35ms)
	RebuildNativeTypeToScriptingClass (14ms)
	initialDomainReloadingComplete (69ms)
	LoadAllAssembliesAndSetupDomain (303ms)
		LoadAssemblies (370ms)
		RebuildTransferFunctionScriptingTraits (0ms)
		AnalyzeDomain (21ms)
			TypeCache.Refresh (6ms)
				TypeCache.ScanAssembly (0ms)
			ScanForSourceGeneratedMonoScriptInfo (0ms)
			ResolveRequiredComponents (13ms)
	FinalizeReload (1174ms)
		ReleaseScriptCaches (0ms)
		RebuildScriptCaches (0ms)
		SetupLoadedEditorAssemblies (538ms)
			LogAssemblyErrors (0ms)
			InitializePlatformSupportModulesInManaged (45ms)
			SetLoadedEditorAssemblies (7ms)
			RefreshPlugins (0ms)
			BeforeProcessingInitializeOnLoad (115ms)
			ProcessInitializeOnLoadAttributes (271ms)
			ProcessInitializeOnLoadMethodAttributes (92ms)
			AfterProcessingInitializeOnLoad (8ms)
			EditorAssembliesLoaded (1ms)
		ExecutionOrderSort2 (0ms)
		AwakeInstancesAfterBackupRestoration (19ms)
Refreshing native plugins compatible for Editor in 20.59 ms, found 3 plugins.
Preloading 0 native plugins for Editor in 0.00 ms.
Unloading 6090 Unused Serialized files (Serialized files now loaded: 0)
Unloading 116 unused Assets / (125.4 KB). Loaded Objects now: 6707.
Memory consumption went from 211.7 MB to 211.6 MB.
Total: 4.339800 ms (FindLiveObjects: 0.344200 ms CreateObjectMapping: 0.148400 ms MarkObjects: 3.457200 ms  DeleteObjects: 0.389000 ms)

Prepare: number of updated asset objects reloaded= 0
AssetImportParameters requested are different than current active one (requested -> active):
  custom:scripting/monoscript/fileName/IEventsClient.cs: 490614701f477a29835b124093e6f4e7 -> 
  custom:scripting/monoscript/fileName/PlayGamesAchievement.cs: 4faa74100a6f37443d6536c8bb532a5e -> 
  custom:container-demuxer-ogg: 62fdf1f143b41e24485cea50d1cbac27 -> 
  custom:scripting/monoscript/fileName/Achievement.cs: 34a444cc2c64c1df8b3122860f4a2cb5 -> 
  custom:scripting/monoscript/fileName/PlayerProfile.cs: cdaa619d7b4c4b8093fe9c484085425f -> 
  custom:video-codec-MediaFoundation-h265: 746d11721c4dcdbdad8f713fa42b33f4 -> 
  custom:scripting/monoscript/fileName/GPGSUpgrader.cs: 0e924e1ca8e04d585123d9b1b9c2359b -> 
  custom:video-decoder-ogg-theora: a1e56fd34408186e4bbccfd4996cb3dc -> 
  custom:scripting/monoscript/fileName/AndroidSnapshotMetadata.cs: 434b9795edbc047225f5dee3f9fd3f62 -> 
  custom:framework-win-MediaFoundation: 216162199b28c13a410421893ffa2e32 -> 
  custom:scripting/monoscript/fileName/PlayGamesUserProfile.cs: 0406e05eb0b7d757e65ed8e4d3c11941 -> 
  custom:scripting/monoscript/fileName/DummyNearbyConnectionClient.cs: c5a6392552e6ef3593fbcbbcd95fba03 -> 
  custom:CustomObjectIndexerAttribute: a3ef5dd2817f97addfee359851a9dba5 -> 
  custom:scripting/monoscript/fileName/DummyClient.cs: 6806ba3b0cb3f44136d7f03e56ebd244 -> 
  custom:scripting/monoscript/fileName/NearbyHelperObject.cs: bb4527bd1da27a040ec9eb841f73df9b -> 
  custom:scripting/monoscript/fileName/AndroidHelperFragment.cs: fb9d25bf0365de8ea560328c8f555efb -> 
  custom:container-demuxer-webm: 4f35f7cbe854078d1ac9338744f61a02 -> 
  custom:scripting/monoscript/fileName/LeaderboardScoreData.cs: 4979fe6942be5c3e1bc0a28e499f8395 -> 
  custom:scripting/monoscript/fileName/PlatformUtils.cs: 4d06ff4d12cc9d25f9a117befb68cfc6 -> 
  custom:scripting/monoscript/fileName/AndroidNearbyConnectionClient.cs: 6b779eb60708bd67e3da441ebe1f7cf7 -> 
  custom:scripting/monoscript/fileName/PlayGamesClientFactory.cs: d90fd440da3ed64c0542ba88e2908c30 -> 
  custom:scripting/monoscript/fileName/NearbyConnectionClientFactory.cs: 181f0dcaab41a3008b26e4c7f97a498e -> 
  custom:scripting/monoscript/fileName/GameInfo.cs: 4a747fef470df5e286a08bdededcb9f6 -> 
  custom:container-muxer-webm: aa71ff27fc2769a1b78a27578f13a17b -> 
  custom:scripting/monoscript/fileName/AndroidEventsClient.cs: 46ce78040b8b7bc8464083c7dd55232a -> 
  custom:scripting/monoscript/fileName/PlayGamesScore.cs: 968d89301f54c3071f616d6f3fff8f94 -> 
  custom:scripting/monoscript/fileName/ScorePageToken.cs: 7c6febe92170234326cc5d1aeb8ec1d1 -> 
  custom:video-decoder-webm-vp8: 9c59270c3fd7afecdb556c50c9e8de78 -> 
  custom:SearchIndexIgnoredProperties: e643bd26f0fe6173181afceb89e7c659 -> 
  custom:AudioImporter_EditorPlatform: d09bf68614088b80899f8185d706f6e7 -> 
  custom:scripting/monoscript/fileName/AndroidUtils.cs: f14de4686b589a012e48daae776f3163 -> 
  custom:scripting/monoscript/fileName/AndroidClient.cs: 0bd9dd9e9d097a6cd6ce1b8690d2e3ec -> 
  custom:scripting/monoscript/fileName/PlayGamesLeaderboard.cs: 42111bb7f7f077d8bde7e5ba98045e3b -> 
  custom:scripting/monoscript/fileName/GPGSPostBuild.cs: 2b24793b5237f406b18671714e81a38c -> 
  custom:video-encoder-webm-vp8: eb34c28f22e8b96e1ab97ce403110664 -> 
  custom:audio-decoder-ogg-vorbis: bf7c407c2cedff20999df2af8eb42d56 -> 
  custom:scripting/monoscript/fileName/AndroidTaskUtils.cs: aef4459b026df1b4a512f3bef38f35e1 -> 
  custom:scripting/monoscript/fileName/AndroidJavaConverter.cs: 926805c832222d5b8e4fc33c8ed42984 -> 
  custom:scripting/monoscript/fileName/PlayGamesPlatform.cs: 2d24e6555106632ec79a995be5668547 -> 
  custom:scripting/monoscript/fileName/AndroidBanner.cs: 282e9473b9351b3ad8cc7993d8b7cc25 -> 
  custom:scripting/monoscript/fileName/AndroidPlatform.cs: ec502a76f2de8159fa482f5b711d49f3 -> 
  custom:scripting/monoscript/fileName/Player.cs: 4ee1b23051609f6df1743e53ef483c49 -> fcc73d36ccb8f7928d8e51dc0f7f7715
  custom:audio-encoder-webm-vorbis: bf7c407c2cedff20999df2af8eb42d56 -> 
  custom:scripting/monoscript/fileName/PlayGamesLocalUser.cs: d6f4261cf1872dfb27cdfbbd83331271 -> 
  custom:scripting/monoscript/fileName/NearbyConnectionUI.cs: 9d9e0378f5d86be1d9f6cfb8bddd7a7d -> 
  custom:scripting/monoscript/fileName/AndroidSavedGameClient.cs: 1ac71cec45080808da35f87ebcb3e79a -> 
  custom:scripting/monoscript/fileName/IPlayGamesClient.cs: 2ca28e9275059b613ba547b671074dfb -> 
  custom:scripting/monoscript/fileName/PlayerStats.cs: 13f936ba969548226f7b99de9ead9e41 -> 
========================================================================
Received Prepare
Begin MonoManager ReloadAssembly
Duplicate assembly 'websocket-sharp.dll' with different versions detected, using 'Assets/Photon/PhotonLibs/WebSocket/websocket-sharp.dll, AssemblyName=websocket-sharp, Version=1.0.2.59611, Culture=neutral, PublicKeyToken=5660b08a1845a91e' and ignoring 'Packages/com.unity.services.wire/Plugins/websocket-sharp.dll, AssemblyName=websocket-sharp, Version=1.0.2.18559, Culture=neutral, PublicKeyToken=5660b08a1845a91e'.Symbol file LoadedFromMemory is not a mono symbol file
- Loaded All Assemblies, in  0.586 seconds
Refreshing native plugins compatible for Editor in 16.89 ms, found 3 plugins.
Native extension for UWP target not found
Native extension for WindowsStandalone target not found
Native extension for iOS target not found
Native extension for Android target not found
Native extension for WebGL target not found
Mono: successfully reloaded assembly
- Finished resetting the current domain, in  1.121 seconds
Domain Reload Profiling: 1702ms
	BeginReloadAssembly (166ms)
		ExecutionOrderSort (0ms)
		DisableScriptedObjects (5ms)
		BackupInstance (0ms)
		ReleaseScriptingObjects (0ms)
		CreateAndSetChildDomain (34ms)
	RebuildCommonClasses (35ms)
	RebuildNativeTypeToScriptingClass (13ms)
	initialDomainReloadingComplete (60ms)
	LoadAllAssembliesAndSetupDomain (306ms)
		LoadAssemblies (371ms)
		RebuildTransferFunctionScriptingTraits (0ms)
		AnalyzeDomain (21ms)
			TypeCache.Refresh (6ms)
				TypeCache.ScanAssembly (0ms)
			ScanForSourceGeneratedMonoScriptInfo (0ms)
			ResolveRequiredComponents (13ms)
	FinalizeReload (1122ms)
		ReleaseScriptCaches (0ms)
		RebuildScriptCaches (0ms)
		SetupLoadedEditorAssemblies (512ms)
			LogAssemblyErrors (0ms)
			InitializePlatformSupportModulesInManaged (38ms)
			SetLoadedEditorAssemblies (6ms)
			RefreshPlugins (0ms)
			BeforeProcessingInitializeOnLoad (111ms)
			ProcessInitializeOnLoadAttributes (261ms)
			ProcessInitializeOnLoadMethodAttributes (87ms)
			AfterProcessingInitializeOnLoad (7ms)
			EditorAssembliesLoaded (1ms)
		ExecutionOrderSort2 (0ms)
		AwakeInstancesAfterBackupRestoration (18ms)
Refreshing native plugins compatible for Editor in 19.99 ms, found 3 plugins.
Preloading 0 native plugins for Editor in 0.00 ms.
Unloading 6090 Unused Serialized files (Serialized files now loaded: 0)
Unloading 116 unused Assets / (125.5 KB). Loaded Objects now: 6712.
Memory consumption went from 211.7 MB to 211.6 MB.
Total: 4.869400 ms (FindLiveObjects: 0.361300 ms CreateObjectMapping: 0.170600 ms MarkObjects: 4.001200 ms  DeleteObjects: 0.335100 ms)

Prepare: number of updated asset objects reloaded= 0
AssetImportParameters requested are different than current active one (requested -> active):
  custom:scripting/monoscript/fileName/IEventsClient.cs: 490614701f477a29835b124093e6f4e7 -> 
  custom:scripting/monoscript/fileName/PlayGamesAchievement.cs: 4faa74100a6f37443d6536c8bb532a5e -> 
  custom:container-demuxer-ogg: 62fdf1f143b41e24485cea50d1cbac27 -> 
  custom:scripting/monoscript/fileName/Achievement.cs: 34a444cc2c64c1df8b3122860f4a2cb5 -> 
  custom:scripting/monoscript/fileName/PlayerProfile.cs: cdaa619d7b4c4b8093fe9c484085425f -> 
  custom:video-codec-MediaFoundation-h265: 746d11721c4dcdbdad8f713fa42b33f4 -> 
  custom:scripting/monoscript/fileName/GPGSUpgrader.cs: 0e924e1ca8e04d585123d9b1b9c2359b -> 
  custom:video-decoder-ogg-theora: a1e56fd34408186e4bbccfd4996cb3dc -> 
  custom:scripting/monoscript/fileName/AndroidSnapshotMetadata.cs: 434b9795edbc047225f5dee3f9fd3f62 -> 
  custom:framework-win-MediaFoundation: 216162199b28c13a410421893ffa2e32 -> 
  custom:scripting/monoscript/fileName/PlayGamesUserProfile.cs: 0406e05eb0b7d757e65ed8e4d3c11941 -> 
  custom:scripting/monoscript/fileName/DummyNearbyConnectionClient.cs: c5a6392552e6ef3593fbcbbcd95fba03 -> 
  custom:CustomObjectIndexerAttribute: a3ef5dd2817f97addfee359851a9dba5 -> 
  custom:scripting/monoscript/fileName/DummyClient.cs: 6806ba3b0cb3f44136d7f03e56ebd244 -> 
  custom:scripting/monoscript/fileName/NearbyHelperObject.cs: bb4527bd1da27a040ec9eb841f73df9b -> 
  custom:scripting/monoscript/fileName/AndroidHelperFragment.cs: fb9d25bf0365de8ea560328c8f555efb -> 
  custom:container-demuxer-webm: 4f35f7cbe854078d1ac9338744f61a02 -> 
  custom:scripting/monoscript/fileName/LeaderboardScoreData.cs: 4979fe6942be5c3e1bc0a28e499f8395 -> 
  custom:scripting/monoscript/fileName/PlatformUtils.cs: 4d06ff4d12cc9d25f9a117befb68cfc6 -> 
  custom:scripting/monoscript/fileName/AndroidNearbyConnectionClient.cs: 6b779eb60708bd67e3da441ebe1f7cf7 -> 
  custom:scripting/monoscript/fileName/PlayGamesClientFactory.cs: d90fd440da3ed64c0542ba88e2908c30 -> 
  custom:scripting/monoscript/fileName/NearbyConnectionClientFactory.cs: 181f0dcaab41a3008b26e4c7f97a498e -> 
  custom:scripting/monoscript/fileName/GameInfo.cs: 4a747fef470df5e286a08bdededcb9f6 -> 
  custom:container-muxer-webm: aa71ff27fc2769a1b78a27578f13a17b -> 
  custom:scripting/monoscript/fileName/AndroidEventsClient.cs: 46ce78040b8b7bc8464083c7dd55232a -> 
  custom:scripting/monoscript/fileName/PlayGamesScore.cs: 968d89301f54c3071f616d6f3fff8f94 -> 
  custom:scripting/monoscript/fileName/ScorePageToken.cs: 7c6febe92170234326cc5d1aeb8ec1d1 -> 
  custom:video-decoder-webm-vp8: 9c59270c3fd7afecdb556c50c9e8de78 -> 
  custom:SearchIndexIgnoredProperties: e643bd26f0fe6173181afceb89e7c659 -> 
  custom:AudioImporter_EditorPlatform: d09bf68614088b80899f8185d706f6e7 -> 
  custom:scripting/monoscript/fileName/AndroidUtils.cs: f14de4686b589a012e48daae776f3163 -> 
  custom:scripting/monoscript/fileName/AndroidClient.cs: 0bd9dd9e9d097a6cd6ce1b8690d2e3ec -> 
  custom:scripting/monoscript/fileName/PlayGamesLeaderboard.cs: 42111bb7f7f077d8bde7e5ba98045e3b -> 
  custom:scripting/monoscript/fileName/GPGSPostBuild.cs: 2b24793b5237f406b18671714e81a38c -> 
  custom:video-encoder-webm-vp8: eb34c28f22e8b96e1ab97ce403110664 -> 
  custom:audio-decoder-ogg-vorbis: bf7c407c2cedff20999df2af8eb42d56 -> 
  custom:scripting/monoscript/fileName/AndroidTaskUtils.cs: aef4459b026df1b4a512f3bef38f35e1 -> 
  custom:scripting/monoscript/fileName/AndroidJavaConverter.cs: 926805c832222d5b8e4fc33c8ed42984 -> 
  custom:scripting/monoscript/fileName/PlayGamesPlatform.cs: 2d24e6555106632ec79a995be5668547 -> 
  custom:scripting/monoscript/fileName/AndroidBanner.cs: 282e9473b9351b3ad8cc7993d8b7cc25 -> 
  custom:scripting/monoscript/fileName/AndroidPlatform.cs: ec502a76f2de8159fa482f5b711d49f3 -> 
  custom:scripting/monoscript/fileName/Player.cs: 4ee1b23051609f6df1743e53ef483c49 -> fcc73d36ccb8f7928d8e51dc0f7f7715
  custom:audio-encoder-webm-vorbis: bf7c407c2cedff20999df2af8eb42d56 -> 
  custom:scripting/monoscript/fileName/PlayGamesLocalUser.cs: d6f4261cf1872dfb27cdfbbd83331271 -> 
  custom:scripting/monoscript/fileName/NearbyConnectionUI.cs: 9d9e0378f5d86be1d9f6cfb8bddd7a7d -> 
  custom:scripting/monoscript/fileName/AndroidSavedGameClient.cs: 1ac71cec45080808da35f87ebcb3e79a -> 
  custom:scripting/monoscript/fileName/IPlayGamesClient.cs: 2ca28e9275059b613ba547b671074dfb -> 
  custom:scripting/monoscript/fileName/PlayerStats.cs: 13f936ba969548226f7b99de9ead9e41 -> 
========================================================================
Received Import Request.
  Time since last request: 137.918450 seconds.
  path: Assets/Screenshots/gctclogo_rgb_stacked.png
  artifactKey: Guid(fe00e5191a127bf44ab5106f35c8aebf) Importer(815301076,1909f56bfc062723c751e8b465ee728b)
Start importing Assets/Screenshots/gctclogo_rgb_stacked.png using Guid(fe00e5191a127bf44ab5106f35c8aebf) Importer(815301076,1909f56bfc062723c751e8b465ee728b)  -> (artifact id: '8939536ba94c8f9075c53510eb05f79d') in 0.014337 seconds
Number of updated asset objects reloaded before import = 0
Number of asset objects unloaded after import = 2
========================================================================
Received Import Request.
  Time since last request: 0.000021 seconds.
  path: Assets/Screenshots/Twitter Banner PNG.png
  artifactKey: Guid(ce7f71d660fa4684d9f139cd7a8d12fe) Importer(815301076,1909f56bfc062723c751e8b465ee728b)
Start importing Assets/Screenshots/Twitter Banner PNG.png using Guid(ce7f71d660fa4684d9f139cd7a8d12fe) Importer(815301076,1909f56bfc062723c751e8b465ee728b)  -> (artifact id: '8c33980339fa1d1921aa938d5fc1f6fa') in 0.007472 seconds
Number of updated asset objects reloaded before import = 0
Number of asset objects unloaded after import = 2
========================================================================
Received Import Request.
  Time since last request: 310.015181 seconds.
  path: Assets/Audio/hitHurt 1.wav
  artifactKey: Guid(a3f9021ac88135943ba1512ee0494748) Importer(815301076,1909f56bfc062723c751e8b465ee728b)
Start importing Assets/Audio/hitHurt 1.wav using Guid(a3f9021ac88135943ba1512ee0494748) Importer(815301076,1909f56bfc062723c751e8b465ee728b)  -> (artifact id: 'e81c8e7ef08157164ac0ca15dac25d00') in 0.032835 seconds
Number of updated asset objects reloaded before import = 0
Number of asset objects unloaded after import = 1
========================================================================
Received Import Request.
  Time since last request: 56.612192 seconds.
  path: Assets/Audio/hitHurt.wav
  artifactKey: Guid(7e0775bdcdf87164ea4047d5e5a51314) Importer(815301076,1909f56bfc062723c751e8b465ee728b)
Start importing Assets/Audio/hitHurt.wav using Guid(7e0775bdcdf87164ea4047d5e5a51314) Importer(815301076,1909f56bfc062723c751e8b465ee728b)  -> (artifact id: 'a900baf525515752542d4855ea411c5a') in 0.002421 seconds
Number of updated asset objects reloaded before import = 0
Number of asset objects unloaded after import = 1
========================================================================
Received Prepare
Refreshing native plugins compatible for Editor in 35.24 ms, found 3 plugins.
Preloading 0 native plugins for Editor in 0.00 ms.
Unloading 3 Unused Serialized files (Serialized files now loaded: 0)
Unloading 3 unused Assets / (60.5 KB). Loaded Objects now: 6712.
Memory consumption went from 116.2 MB to 116.1 MB.
Total: 20.257400 ms (FindLiveObjects: 0.798600 ms CreateObjectMapping: 0.152900 ms MarkObjects: 19.056400 ms  DeleteObjects: 0.246600 ms)

Prepare: number of updated asset objects reloaded= 0
AssetImportParameters requested are different than current active one (requested -> active):
  custom:scripting/monoscript/fileName/IEventsClient.cs: 490614701f477a29835b124093e6f4e7 -> 
  custom:scripting/monoscript/fileName/PlayGamesAchievement.cs: 4faa74100a6f37443d6536c8bb532a5e -> 
  custom:container-demuxer-ogg: 62fdf1f143b41e24485cea50d1cbac27 -> 
  custom:scripting/monoscript/fileName/Achievement.cs: 34a444cc2c64c1df8b3122860f4a2cb5 -> 
  custom:scripting/monoscript/fileName/PlayerProfile.cs: cdaa619d7b4c4b8093fe9c484085425f -> 
  custom:video-codec-MediaFoundation-h265: 746d11721c4dcdbdad8f713fa42b33f4 -> 
  custom:scripting/monoscript/fileName/GPGSUpgrader.cs: 0e924e1ca8e04d585123d9b1b9c2359b -> 
  custom:video-decoder-ogg-theora: a1e56fd34408186e4bbccfd4996cb3dc -> 
  custom:scripting/monoscript/fileName/AndroidSnapshotMetadata.cs: 434b9795edbc047225f5dee3f9fd3f62 -> 
  custom:framework-win-MediaFoundation: 216162199b28c13a410421893ffa2e32 -> 
  custom:scripting/monoscript/fileName/PlayGamesUserProfile.cs: 0406e05eb0b7d757e65ed8e4d3c11941 -> 
  custom:scripting/monoscript/fileName/DummyNearbyConnectionClient.cs: c5a6392552e6ef3593fbcbbcd95fba03 -> 
  custom:CustomObjectIndexerAttribute: a3ef5dd2817f97addfee359851a9dba5 -> 
  custom:scripting/monoscript/fileName/DummyClient.cs: 6806ba3b0cb3f44136d7f03e56ebd244 -> 
  custom:scripting/monoscript/fileName/NearbyHelperObject.cs: bb4527bd1da27a040ec9eb841f73df9b -> 
  custom:scripting/monoscript/fileName/AndroidHelperFragment.cs: fb9d25bf0365de8ea560328c8f555efb -> 
  custom:container-demuxer-webm: 4f35f7cbe854078d1ac9338744f61a02 -> 
  custom:scripting/monoscript/fileName/LeaderboardScoreData.cs: 4979fe6942be5c3e1bc0a28e499f8395 -> 
  custom:scripting/monoscript/fileName/PlatformUtils.cs: 4d06ff4d12cc9d25f9a117befb68cfc6 -> 
  custom:scripting/monoscript/fileName/AndroidNearbyConnectionClient.cs: 6b779eb60708bd67e3da441ebe1f7cf7 -> 
  custom:scripting/monoscript/fileName/PlayGamesClientFactory.cs: d90fd440da3ed64c0542ba88e2908c30 -> 
  custom:scripting/monoscript/fileName/NearbyConnectionClientFactory.cs: 181f0dcaab41a3008b26e4c7f97a498e -> 
  custom:scripting/monoscript/fileName/GameInfo.cs: 4a747fef470df5e286a08bdededcb9f6 -> 
  custom:container-muxer-webm: aa71ff27fc2769a1b78a27578f13a17b -> 
  custom:scripting/monoscript/fileName/AndroidEventsClient.cs: 46ce78040b8b7bc8464083c7dd55232a -> 
  custom:scripting/monoscript/fileName/PlayGamesScore.cs: 968d89301f54c3071f616d6f3fff8f94 -> 
  custom:scripting/monoscript/fileName/ScorePageToken.cs: 7c6febe92170234326cc5d1aeb8ec1d1 -> 
  custom:video-decoder-webm-vp8: 9c59270c3fd7afecdb556c50c9e8de78 -> 
  custom:SearchIndexIgnoredProperties: e643bd26f0fe6173181afceb89e7c659 -> 
  custom:AudioImporter_EditorPlatform: d09bf68614088b80899f8185d706f6e7 -> 
  custom:scripting/monoscript/fileName/AndroidUtils.cs: f14de4686b589a012e48daae776f3163 -> 
  custom:scripting/monoscript/fileName/AndroidClient.cs: 0bd9dd9e9d097a6cd6ce1b8690d2e3ec -> 
  custom:scripting/monoscript/fileName/PlayGamesLeaderboard.cs: 42111bb7f7f077d8bde7e5ba98045e3b -> 
  custom:scripting/monoscript/fileName/GPGSPostBuild.cs: 2b24793b5237f406b18671714e81a38c -> 
  custom:video-encoder-webm-vp8: eb34c28f22e8b96e1ab97ce403110664 -> 
  custom:audio-decoder-ogg-vorbis: bf7c407c2cedff20999df2af8eb42d56 -> 
  custom:scripting/monoscript/fileName/AndroidTaskUtils.cs: aef4459b026df1b4a512f3bef38f35e1 -> 
  custom:scripting/monoscript/fileName/AndroidJavaConverter.cs: 926805c832222d5b8e4fc33c8ed42984 -> 
  custom:scripting/monoscript/fileName/PlayGamesPlatform.cs: 2d24e6555106632ec79a995be5668547 -> 
  custom:scripting/monoscript/fileName/AndroidBanner.cs: 282e9473b9351b3ad8cc7993d8b7cc25 -> 
  custom:scripting/monoscript/fileName/AndroidPlatform.cs: ec502a76f2de8159fa482f5b711d49f3 -> 
  custom:scripting/monoscript/fileName/Player.cs: 4ee1b23051609f6df1743e53ef483c49 -> fcc73d36ccb8f7928d8e51dc0f7f7715
  custom:audio-encoder-webm-vorbis: bf7c407c2cedff20999df2af8eb42d56 -> 
  custom:scripting/monoscript/fileName/PlayGamesLocalUser.cs: d6f4261cf1872dfb27cdfbbd83331271 -> 
  custom:scripting/monoscript/fileName/NearbyConnectionUI.cs: 9d9e0378f5d86be1d9f6cfb8bddd7a7d -> 
  custom:scripting/monoscript/fileName/AndroidSavedGameClient.cs: 1ac71cec45080808da35f87ebcb3e79a -> 
  custom:scripting/monoscript/fileName/IPlayGamesClient.cs: 2ca28e9275059b613ba547b671074dfb -> 
  custom:scripting/monoscript/fileName/PlayerStats.cs: 13f936ba969548226f7b99de9ead9e41 -> 
========================================================================
Received Prepare
Refreshing native plugins compatible for Editor in 18.03 ms, found 3 plugins.
Preloading 0 native plugins for Editor in 0.00 ms.
Unloading 3 Unused Serialized files (Serialized files now loaded: 0)
Unloading 3 unused Assets / (60.6 KB). Loaded Objects now: 6712.
Memory consumption went from 116.2 MB to 116.1 MB.
Total: 8.744400 ms (FindLiveObjects: 0.384400 ms CreateObjectMapping: 0.153500 ms MarkObjects: 8.077200 ms  DeleteObjects: 0.127900 ms)

Prepare: number of updated asset objects reloaded= 0
AssetImportParameters requested are different than current active one (requested -> active):
  custom:scripting/monoscript/fileName/IEventsClient.cs: 490614701f477a29835b124093e6f4e7 -> 
  custom:scripting/monoscript/fileName/PlayGamesAchievement.cs: 4faa74100a6f37443d6536c8bb532a5e -> 
  custom:container-demuxer-ogg: 62fdf1f143b41e24485cea50d1cbac27 -> 
  custom:scripting/monoscript/fileName/Achievement.cs: 34a444cc2c64c1df8b3122860f4a2cb5 -> 
  custom:scripting/monoscript/fileName/PlayerProfile.cs: cdaa619d7b4c4b8093fe9c484085425f -> 
  custom:video-codec-MediaFoundation-h265: 746d11721c4dcdbdad8f713fa42b33f4 -> 
  custom:scripting/monoscript/fileName/GPGSUpgrader.cs: 0e924e1ca8e04d585123d9b1b9c2359b -> 
  custom:video-decoder-ogg-theora: a1e56fd34408186e4bbccfd4996cb3dc -> 
  custom:scripting/monoscript/fileName/AndroidSnapshotMetadata.cs: 434b9795edbc047225f5dee3f9fd3f62 -> 
  custom:framework-win-MediaFoundation: 216162199b28c13a410421893ffa2e32 -> 
  custom:scripting/monoscript/fileName/PlayGamesUserProfile.cs: 0406e05eb0b7d757e65ed8e4d3c11941 -> 
  custom:scripting/monoscript/fileName/DummyNearbyConnectionClient.cs: c5a6392552e6ef3593fbcbbcd95fba03 -> 
  custom:CustomObjectIndexerAttribute: a3ef5dd2817f97addfee359851a9dba5 -> 
  custom:scripting/monoscript/fileName/DummyClient.cs: 6806ba3b0cb3f44136d7f03e56ebd244 -> 
  custom:scripting/monoscript/fileName/NearbyHelperObject.cs: bb4527bd1da27a040ec9eb841f73df9b -> 
  custom:scripting/monoscript/fileName/AndroidHelperFragment.cs: fb9d25bf0365de8ea560328c8f555efb -> 
  custom:container-demuxer-webm: 4f35f7cbe854078d1ac9338744f61a02 -> 
  custom:scripting/monoscript/fileName/LeaderboardScoreData.cs: 4979fe6942be5c3e1bc0a28e499f8395 -> 
  custom:scripting/monoscript/fileName/PlatformUtils.cs: 4d06ff4d12cc9d25f9a117befb68cfc6 -> 
  custom:scripting/monoscript/fileName/AndroidNearbyConnectionClient.cs: 6b779eb60708bd67e3da441ebe1f7cf7 -> 
  custom:scripting/monoscript/fileName/PlayGamesClientFactory.cs: d90fd440da3ed64c0542ba88e2908c30 -> 
  custom:scripting/monoscript/fileName/NearbyConnectionClientFactory.cs: 181f0dcaab41a3008b26e4c7f97a498e -> 
  custom:scripting/monoscript/fileName/GameInfo.cs: 4a747fef470df5e286a08bdededcb9f6 -> 
  custom:container-muxer-webm: aa71ff27fc2769a1b78a27578f13a17b -> 
  custom:scripting/monoscript/fileName/AndroidEventsClient.cs: 46ce78040b8b7bc8464083c7dd55232a -> 
  custom:scripting/monoscript/fileName/PlayGamesScore.cs: 968d89301f54c3071f616d6f3fff8f94 -> 
  custom:scripting/monoscript/fileName/ScorePageToken.cs: 7c6febe92170234326cc5d1aeb8ec1d1 -> 
  custom:video-decoder-webm-vp8: 9c59270c3fd7afecdb556c50c9e8de78 -> 
  custom:SearchIndexIgnoredProperties: e643bd26f0fe6173181afceb89e7c659 -> 
  custom:AudioImporter_EditorPlatform: d09bf68614088b80899f8185d706f6e7 -> 
  custom:scripting/monoscript/fileName/AndroidUtils.cs: f14de4686b589a012e48daae776f3163 -> 
  custom:scripting/monoscript/fileName/AndroidClient.cs: 0bd9dd9e9d097a6cd6ce1b8690d2e3ec -> 
  custom:scripting/monoscript/fileName/PlayGamesLeaderboard.cs: 42111bb7f7f077d8bde7e5ba98045e3b -> 
  custom:scripting/monoscript/fileName/GPGSPostBuild.cs: 2b24793b5237f406b18671714e81a38c -> 
  custom:video-encoder-webm-vp8: eb34c28f22e8b96e1ab97ce403110664 -> 
  custom:audio-decoder-ogg-vorbis: bf7c407c2cedff20999df2af8eb42d56 -> 
  custom:scripting/monoscript/fileName/AndroidTaskUtils.cs: aef4459b026df1b4a512f3bef38f35e1 -> 
  custom:scripting/monoscript/fileName/AndroidJavaConverter.cs: 926805c832222d5b8e4fc33c8ed42984 -> 
  custom:scripting/monoscript/fileName/PlayGamesPlatform.cs: 2d24e6555106632ec79a995be5668547 -> 
  custom:scripting/monoscript/fileName/AndroidBanner.cs: 282e9473b9351b3ad8cc7993d8b7cc25 -> 
  custom:scripting/monoscript/fileName/AndroidPlatform.cs: ec502a76f2de8159fa482f5b711d49f3 -> 
  custom:scripting/monoscript/fileName/Player.cs: 4ee1b23051609f6df1743e53ef483c49 -> fcc73d36ccb8f7928d8e51dc0f7f7715
  custom:audio-encoder-webm-vorbis: bf7c407c2cedff20999df2af8eb42d56 -> 
  custom:scripting/monoscript/fileName/PlayGamesLocalUser.cs: d6f4261cf1872dfb27cdfbbd83331271 -> 
  custom:scripting/monoscript/fileName/NearbyConnectionUI.cs: 9d9e0378f5d86be1d9f6cfb8bddd7a7d -> 
  custom:scripting/monoscript/fileName/AndroidSavedGameClient.cs: 1ac71cec45080808da35f87ebcb3e79a -> 
  custom:scripting/monoscript/fileName/IPlayGamesClient.cs: 2ca28e9275059b613ba547b671074dfb -> 
  custom:scripting/monoscript/fileName/PlayerStats.cs: 13f936ba969548226f7b99de9ead9e41 -> 
