Using pre-set license
Built from '2020.3/staging' branch; Version is '2020.3.29f1 (2ff179115da0) revision 3142009'; Using compiler version '192528614'; Build Type 'Release'
OS: 'Windows 10  (10.0.19044) 64bit Professional' Language: 'en' Physical Memory: 32711 MB
BatchMode: 1, IsHumanControllingUs: 0, StartBugReporterOnCrash: 0, Is64bit: 1, IsPro: 0

COMMAND LINE ARGUMENTS:
D:\Program Files\2020.3.29f1\Editor\Unity.exe
-adb2
-batchMode
-noUpm
-name
AssetImportWorker0
-projectPath
D:/Morga/Documents/ZombCube
-logFile
Logs/AssetImportWorker0.log
-srvPort
64199
Successfully changed project path to: D:/Morga/Documents/ZombCube
D:/Morga/Documents/ZombCube
Using Asset Import Pipeline V2.
Refreshing native plugins compatible for Editor in 291.32 ms, found 2 plugins.
Preloading 0 native plugins for Editor in 0.00 ms.
Initialize engine version: 2020.3.29f1 (2ff179115da0)
[Subsystems] Discovering subsystems at path D:/Program Files/2020.3.29f1/Editor/Data/Resources/UnitySubsystems
[Subsystems] Discovering subsystems at path D:/Morga/Documents/ZombCube/Assets
GfxDevice: creating device client; threaded=0
Direct3D:
    Version:  Direct3D 11.0 [level 11.1]
    Renderer: NVIDIA GeForce GTX 1050 Ti (ID=0x1c82)
    Vendor:   
    VRAM:     4018 MB
    Driver:   27.21.14.6109
Initialize mono
Mono path[0] = 'D:/Program Files/2020.3.29f1/Editor/Data/Managed'
Mono path[1] = 'D:/Program Files/2020.3.29f1/Editor/Data/MonoBleedingEdge/lib/mono/unityjit'
Mono config path = 'D:/Program Files/2020.3.29f1/Editor/Data/MonoBleedingEdge/etc'
Using monoOptions --debugger-agent=transport=dt_socket,embedding=1,server=y,suspend=n,address=127.0.0.1:56544
Begin MonoManager ReloadAssembly
Registering precompiled unity dll's ...
Register platform support module: D:/Program Files/2020.3.29f1/Editor/Data/PlaybackEngines/WebGLSupport/UnityEditor.WebGL.Extensions.dll
Register platform support module: D:/Program Files/2020.3.29f1/Editor/Data/PlaybackEngines/WindowsStandaloneSupport/UnityEditor.WindowsStandalone.Extensions.dll
Registered in 0.006680 seconds.
Native extension for WindowsStandalone target not found
Native extension for WebGL target not found
Refreshing native plugins compatible for Editor in 130.32 ms, found 2 plugins.
Preloading 0 native plugins for Editor in 0.00 ms.
Mono: successfully reloaded assembly
- Completed reload, in  0.835 seconds
Domain Reload Profiling:
	ReloadAssembly (835ms)
		BeginReloadAssembly (113ms)
			ExecutionOrderSort (0ms)
			DisableScriptedObjects (0ms)
			BackupInstance (0ms)
			ReleaseScriptingObjects (0ms)
			CreateAndSetChildDomain (1ms)
		EndReloadAssembly (612ms)
			LoadAssemblies (108ms)
			RebuildTransferFunctionScriptingTraits (0ms)
			SetupTypeCache (167ms)
			ReleaseScriptCaches (0ms)
			RebuildScriptCaches (31ms)
			SetupLoadedEditorAssemblies (276ms)
				LogAssemblyErrors (0ms)
				InitializePlatformSupportModulesInManaged (6ms)
				SetLoadedEditorAssemblies (0ms)
				RefreshPlugins (130ms)
				BeforeProcessingInitializeOnLoad (18ms)
				ProcessInitializeOnLoadAttributes (86ms)
				ProcessInitializeOnLoadMethodAttributes (36ms)
				AfterProcessingInitializeOnLoad (0ms)
				EditorAssembliesLoaded (0ms)
			ExecutionOrderSort2 (0ms)
			AwakeInstancesAfterBackupRestoration (0ms)
Platform modules already initialized, skipping
Registering precompiled user dll's ...
Registered in 0.024360 seconds.
Begin MonoManager ReloadAssembly
Native extension for WindowsStandalone target not found
Native extension for WebGL target not found
Refreshing native plugins compatible for Editor in 134.75 ms, found 2 plugins.
Preloading 0 native plugins for Editor in 0.00 ms.
System.NullReferenceException: Object reference not set to an instance of an object
  at Unity.Services.Core.Editor.PackageConfig..ctor (UnityEditor.PackageManager.PackageInfo packageInfo) [0x00000] in D:\Morga\Documents\ZombCube\Library\PackageCache\com.unity.services.core@1.1.0-pre.41\Editor\Core\Telemetry\PackageConfig.cs:15 
  at Unity.Services.Core.Editor.OperatePackageVersionConfigProvider.<FindAllOperatePackageInProject>g__GetPackageConfigFrom|7_0 (System.Type type) [0x0000b] in D:\Morga\Documents\ZombCube\Library\PackageCache\com.unity.services.core@1.1.0-pre.41\Editor\Core\Telemetry\OperatePackageVersionConfigProvider.cs:50 
  at (wrapper delegate-invoke) System.Func`2[System.Type,Unity.Services.Core.Editor.PackageConfig].invoke_TResult_T(System.Type)
  at System.Linq.Enumerable+SelectIListIterator`2[TSource,TResult].MoveNext () [0x00048] in <351e49e2a5bf4fd6beabb458ce2255f3>:0 
  at System.Linq.Set`1[TElement].UnionWith (System.Collections.Generic.IEnumerable`1[T] other) [0x00018] in <351e49e2a5bf4fd6beabb458ce2255f3>:0 
  at System.Linq.Enumerable+DistinctIterator`1[TSource].FillSet () [0x0000b] in <351e49e2a5bf4fd6beabb458ce2255f3>:0 
  at System.Linq.Enumerable+DistinctIterator`1[TSource].ToList () [0x00000] in <351e49e2a5bf4fd6beabb458ce2255f3>:0 
  at System.Linq.Enumerable.ToList[TSource] (System.Collections.Generic.IEnumerable`1[T] source) [0x0001f] in <351e49e2a5bf4fd6beabb458ce2255f3>:0 
  at Unity.Services.Core.Editor.OperatePackageVersionConfigProvider.FindAllOperatePackageInProject () [0x00000] in D:\Morga\Documents\ZombCube\Library\PackageCache\com.unity.services.core@1.1.0-pre.41\Editor\Core\Telemetry\OperatePackageVersionConfigProvider.cs:41 
  at Unity.Services.Core.Editor.OperatePackageVersionConfigProvider..cctor () [0x00000] in D:\Morga\Documents\ZombCube\Library\PackageCache\com.unity.services.core@1.1.0-pre.41\Editor\Core\Telemetry\OperatePackageVersionConfigProvider.cs:20 
UnityEngine.StackTraceUtility:ExtractStackTrace ()
UnityEngine.DebugLogHandler:LogFormat (UnityEngine.LogType,UnityEngine.Object,string,object[])
UnityEngine.Logger:Log (UnityEngine.LogType,object)
UnityEngine.Debug:LogError (object)
UnityEditor.EditorAssemblies:ProcessInitializeOnLoadAttributes (System.Type[])

System.Reflection.TargetInvocationException: Exception has been thrown by the target of an invocation. ---> System.Reflection.TargetInvocationException: Exception has been thrown by the target of an invocation. ---> System.TypeInitializationException: The type initializer for 'Unity.Services.Core.Editor.OperatePackageVersionConfigProvider' threw an exception. ---> System.NullReferenceException: Object reference not set to an instance of an object
  at Unity.Services.Core.Editor.PackageConfig..ctor (UnityEditor.PackageManager.PackageInfo packageInfo) [0x00000] in D:\Morga\Documents\ZombCube\Library\PackageCache\com.unity.services.core@1.1.0-pre.41\Editor\Core\Telemetry\PackageConfig.cs:15 
  at Unity.Services.Core.Editor.OperatePackageVersionConfigProvider.<FindAllOperatePackageInProject>g__GetPackageConfigFrom|7_0 (System.Type type) [0x0000b] in D:\Morga\Documents\ZombCube\Library\PackageCache\com.unity.services.core@1.1.0-pre.41\Editor\Core\Telemetry\OperatePackageVersionConfigProvider.cs:50 
  at (wrapper delegate-invoke) System.Func`2[System.Type,Unity.Services.Core.Editor.PackageConfig].invoke_TResult_T(System.Type)
  at System.Linq.Enumerable+SelectIListIterator`2[TSource,TResult].MoveNext () [0x00048] in <351e49e2a5bf4fd6beabb458ce2255f3>:0 
  at System.Linq.Set`1[TElement].UnionWith (System.Collections.Generic.IEnumerable`1[T] other) [0x00018] in <351e49e2a5bf4fd6beabb458ce2255f3>:0 
  at System.Linq.Enumerable+DistinctIterator`1[TSource].FillSet () [0x0000b] in <351e49e2a5bf4fd6beabb458ce2255f3>:0 
  at System.Linq.Enumerable+DistinctIterator`1[TSource].ToList () [0x00000] in <351e49e2a5bf4fd6beabb458ce2255f3>:0 
  at System.Linq.Enumerable.ToList[TSource] (System.Collections.Generic.IEnumerable`1[T] source) [0x0001f] in <351e49e2a5bf4fd6beabb458ce2255f3>:0 
  at Unity.Services.Core.Editor.OperatePackageVersionConfigProvider.FindAllOperatePackageInProject () [0x00000] in D:\Morga\Documents\ZombCube\Library\PackageCache\com.unity.services.core@1.1.0-pre.41\Editor\Core\Telemetry\OperatePackageVersionConfigProvider.cs:41 
  at Unity.Services.Core.Editor.OperatePackageVersionConfigProvider..cctor () [0x00000] in D:\Morga\Documents\ZombCube\Library\PackageCache\com.unity.services.core@1.1.0-pre.41\Editor\Core\Telemetry\OperatePackageVersionConfigProvider.cs:20 
   --- End of inner exception stack trace ---
  at (wrapper managed-to-native) System.Reflection.MonoCMethod.InternalInvoke(System.Reflection.MonoCMethod,object,object[],System.Exception&)
  at System.Reflection.MonoCMethod.InternalInvoke (System.Object obj, System.Object[] parameters) [0x00002] in <695d1cc93cca45069c528c15c9fdd749>:0 
   --- End of inner exception stack trace ---
  at System.Reflection.MonoCMethod.InternalInvoke (System.Object obj, System.Object[] parameters) [0x00014] in <695d1cc93cca45069c528c15c9fdd749>:0 
  at System.RuntimeType.CreateInstanceMono (System.Boolean nonPublic) [0x000a8] in <695d1cc93cca45069c528c15c9fdd749>:0 
  at System.RuntimeType.CreateInstanceSlow (System.Boolean publicOnly, System.Boolean skipCheckThis, System.Boolean fillCache, System.Threading.StackCrawlMark& stackMark) [0x00009] in <695d1cc93cca45069c528c15c9fdd749>:0 
  at System.RuntimeType.CreateInstanceDefaultCtor (System.Boolean publicOnly, System.Boolean skipCheckThis, System.Boolean fillCache, System.Threading.StackCrawlMark& stackMark) [0x00027] in <695d1cc93cca45069c528c15c9fdd749>:0 
  at System.Activator.CreateInstance (System.Type type, System.Boolean nonPublic) [0x00020] in <695d1cc93cca45069c528c15c9fdd749>:0 
  at System.Activator.CreateInstance (System.Type type) [0x00000] in <695d1cc93cca45069c528c15c9fdd749>:0 
  at Unity.Services.Core.Configuration.Editor.ProjectConfigurationBuilder+<>c.<GenerateOrderedConfigurationProviders>b__5_1 (System.Type type) [0x00000] in D:\Morga\Documents\ZombCube\Library\PackageCache\com.unity.services.core@1.1.0-pre.41\Editor\Core\Configuration\ProjectConfigurationBuilder.cs:46 
  at System.Linq.Enumerable+WhereSelectEnumerableIterator`2[TSource,TResult].ToArray () [0x0002b] in <351e49e2a5bf4fd6beabb458ce2255f3>:0 
  at System.Linq.Buffer`1[TElement]..ctor (System.Collections.Generic.IEnumerable`1[T] source) [0x0000a] in <351e49e2a5bf4fd6beabb458ce2255f3>:0 
  at System.Linq.OrderedEnumerable`1[TElement].ToArray () [0x00000] in <351e49e2a5bf4fd6beabb458ce2255f3>:0 
  at System.Linq.Enumerable.ToArray[TSource] (System.Collections.Generic.IEnumerable`1[T] source) [0x0001f] in <351e49e2a5bf4fd6beabb458ce2255f3>:0 
  at Unity.Services.Core.Configuration.Editor.ProjectConfigurationBuilder.GenerateOrderedConfigurationProviders () [0x00000] in D:\Morga\Documents\ZombCube\Library\PackageCache\com.unity.services.core@1.1.0-pre.41\Editor\Core\Configuration\ProjectConfigurationBuilder.cs:44 
  at Unity.Services.Core.Configuration.Editor.ProjectConfigurationBuilder.CreateEditorInstanceIfNone () [0x00008] in D:\Morga\Documents\ZombCube\Library\PackageCache\com.unity.services.core@1.1.0-pre.41\Editor\Core\Configuration\ProjectConfigurationBuilder.cs:38 
  at (wrapper managed-to-native) System.Reflection.MonoMethod.InternalInvoke(System.Reflection.MonoMethod,object,object[],System.Exception&)
  at System.Reflection.MonoMethod.Invoke (System.Object obj, System.Reflection.BindingFlags invokeAttr, System.Reflection.Binder binder, System.Object[] parameters, System.Globalization.CultureInfo culture) [0x00032] in <695d1cc93cca45069c528c15c9fdd749>:0 
   --- End of inner exception stack trace ---
  at System.Reflection.MonoMethod.Invoke (System.Object obj, System.Reflection.BindingFlags invokeAttr, System.Reflection.Binder binder, System.Object[] parameters, System.Globalization.CultureInfo culture) [0x00048] in <695d1cc93cca45069c528c15c9fdd749>:0 
  at System.Reflection.MethodBase.Invoke (System.Object obj, System.Object[] parameters) [0x00000] in <695d1cc93cca45069c528c15c9fdd749>:0 
  at UnityEditor.EditorAssemblies.ProcessInitializeOnLoadMethodAttributes () [0x00047] in <7ebb9dc74040436998557fc331a964ba>:0 
UnityEngine.StackTraceUtility:ExtractStackTrace ()
UnityEngine.DebugLogHandler:LogFormat (UnityEngine.LogType,UnityEngine.Object,string,object[])
UnityEngine.Logger:Log (UnityEngine.LogType,object)
UnityEngine.Debug:LogError (object)
UnityEditor.EditorAssemblies:ProcessInitializeOnLoadMethodAttributes ()

Mono: successfully reloaded assembly
- Completed reload, in  2.790 seconds
Domain Reload Profiling:
	ReloadAssembly (2792ms)
		BeginReloadAssembly (235ms)
			ExecutionOrderSort (0ms)
			DisableScriptedObjects (5ms)
			BackupInstance (0ms)
			ReleaseScriptingObjects (3ms)
			CreateAndSetChildDomain (21ms)
		EndReloadAssembly (2454ms)
			LoadAssemblies (256ms)
			RebuildTransferFunctionScriptingTraits (0ms)
			SetupTypeCache (481ms)
			ReleaseScriptCaches (1ms)
			RebuildScriptCaches (83ms)
			SetupLoadedEditorAssemblies (1521ms)
				LogAssemblyErrors (0ms)
				InitializePlatformSupportModulesInManaged (6ms)
				SetLoadedEditorAssemblies (0ms)
				RefreshPlugins (135ms)
				BeforeProcessingInitializeOnLoad (232ms)
				ProcessInitializeOnLoadAttributes (1045ms)
				ProcessInitializeOnLoadMethodAttributes (85ms)
				AfterProcessingInitializeOnLoad (17ms)
				EditorAssembliesLoaded (1ms)
			ExecutionOrderSort2 (0ms)
			AwakeInstancesAfterBackupRestoration (7ms)
Platform modules already initialized, skipping
========================================================================
Worker process is ready to serve import requests
Launched and connected shader compiler UnityShaderCompiler.exe after 0.07 seconds
Refreshing native plugins compatible for Editor in 1.32 ms, found 2 plugins.
Preloading 0 native plugins for Editor in 0.00 ms.
Unloading 5395 Unused Serialized files (Serialized files now loaded: 0)
System memory in use before: 220.8 MB.
System memory in use after: 221.2 MB.

Unloading 78 unused Assets to reduce memory usage. Loaded Objects now: 5799.
Total: 8.338500 ms (FindLiveObjects: 0.471400 ms CreateObjectMapping: 0.421900 ms MarkObjects: 7.392500 ms  DeleteObjects: 0.051400 ms)

AssetImportParameters requested are different than current active one (requested -> active):
  custom:framework-win-MediaFoundation: 216162199b28c13a410421893ffa2e32 -> 
  custom:video-decoder-ogg-theora: a1e56fd34408186e4bbccfd4996cb3dc -> 
  custom:container-muxer-webm: aa71ff27fc2769a1b78a27578f13a17b -> 
  custom:container-demuxer-webm: 4f35f7cbe854078d1ac9338744f61a02 -> 
  custom:container-demuxer-ogg: 62fdf1f143b41e24485cea50d1cbac27 -> 
  custom:video-encoder-webm-vp8: eb34c28f22e8b96e1ab97ce403110664 -> 
  custom:video-decoder-webm-vp8: 9c59270c3fd7afecdb556c50c9e8de78 -> 
  custom:audio-decoder-ogg-vorbis: bf7c407c2cedff20999df2af8eb42d56 -> 
  custom:audio-encoder-webm-vorbis: bf7c407c2cedff20999df2af8eb42d56 -> 
========================================================================
Received Import Request.
  path: Assets/Scenes/NetworkGameScene.unity
  artifactKey: Guid(97b34cc1e90d9f04a9d902910e71a165) Importer(815301076,1909f56bfc062723c751e8b465ee728b)
Start importing Assets/Scenes/NetworkGameScene.unity using Guid(97b34cc1e90d9f04a9d902910e71a165) Importer(815301076,1909f56bfc062723c751e8b465ee728b)  -> (artifact id: '89b94ea272455f747e7ba2eecd7bad36') in 0.050526 seconds 
  Import took 0.069028 seconds .

========================================================================
Received Import Request.
  Time since last request: 3.578153 seconds.
  path: Assets/Scenes/GameScene.unity
  artifactKey: Guid(072fc27fc5b5903498f916d8c85cfd03) Importer(815301076,1909f56bfc062723c751e8b465ee728b)
Start importing Assets/Scenes/GameScene.unity using Guid(072fc27fc5b5903498f916d8c85cfd03) Importer(815301076,1909f56bfc062723c751e8b465ee728b)  -> (artifact id: '4a88ab591336dc51f8b9e7e8cdf527b9') in 0.033800 seconds 
  Import took 0.046921 seconds .

========================================================================
Received Prepare
Refreshing native plugins compatible for Editor in 44.89 ms, found 2 plugins.
Preloading 0 native plugins for Editor in 0.00 ms.
Unloading 65 Unused Serialized files (Serialized files now loaded: 0)
System memory in use before: 107.6 MB.
System memory in use after: 108.1 MB.

Unloading 65 unused Assets to reduce memory usage. Loaded Objects now: 5799.
Total: 11.672000 ms (FindLiveObjects: 0.516000 ms CreateObjectMapping: 0.468500 ms MarkObjects: 10.639900 ms  DeleteObjects: 0.046000 ms)

AssetImportParameters requested are different than current active one (requested -> active):
  custom:framework-win-MediaFoundation: 216162199b28c13a410421893ffa2e32 -> 
  custom:video-decoder-ogg-theora: a1e56fd34408186e4bbccfd4996cb3dc -> 
  custom:container-muxer-webm: aa71ff27fc2769a1b78a27578f13a17b -> 
  custom:container-demuxer-webm: 4f35f7cbe854078d1ac9338744f61a02 -> 
  custom:container-demuxer-ogg: 62fdf1f143b41e24485cea50d1cbac27 -> 
  custom:video-encoder-webm-vp8: eb34c28f22e8b96e1ab97ce403110664 -> 
  custom:video-decoder-webm-vp8: 9c59270c3fd7afecdb556c50c9e8de78 -> 
  custom:audio-decoder-ogg-vorbis: bf7c407c2cedff20999df2af8eb42d56 -> 
  custom:audio-encoder-webm-vorbis: bf7c407c2cedff20999df2af8eb42d56 -> 
========================================================================
Received Prepare
Registering precompiled user dll's ...
Registered in 0.027752 seconds.
Begin MonoManager ReloadAssembly
Native extension for WindowsStandalone target not found
Native extension for WebGL target not found
Refreshing native plugins compatible for Editor in 1.36 ms, found 2 plugins.
Preloading 0 native plugins for Editor in 0.00 ms.
System.NullReferenceException: Object reference not set to an instance of an object
  at Unity.Services.Core.Editor.PackageConfig..ctor (UnityEditor.PackageManager.PackageInfo packageInfo) [0x00000] in D:\Morga\Documents\ZombCube\Library\PackageCache\com.unity.services.core@1.1.0-pre.41\Editor\Core\Telemetry\PackageConfig.cs:15 
  at Unity.Services.Core.Editor.OperatePackageVersionConfigProvider.<FindAllOperatePackageInProject>g__GetPackageConfigFrom|7_0 (System.Type type) [0x0000b] in D:\Morga\Documents\ZombCube\Library\PackageCache\com.unity.services.core@1.1.0-pre.41\Editor\Core\Telemetry\OperatePackageVersionConfigProvider.cs:50 
  at (wrapper delegate-invoke) System.Func`2[System.Type,Unity.Services.Core.Editor.PackageConfig].invoke_TResult_T(System.Type)
  at System.Linq.Enumerable+SelectIListIterator`2[TSource,TResult].MoveNext () [0x00048] in <351e49e2a5bf4fd6beabb458ce2255f3>:0 
  at System.Linq.Set`1[TElement].UnionWith (System.Collections.Generic.IEnumerable`1[T] other) [0x00018] in <351e49e2a5bf4fd6beabb458ce2255f3>:0 
  at System.Linq.Enumerable+DistinctIterator`1[TSource].FillSet () [0x0000b] in <351e49e2a5bf4fd6beabb458ce2255f3>:0 
  at System.Linq.Enumerable+DistinctIterator`1[TSource].ToList () [0x00000] in <351e49e2a5bf4fd6beabb458ce2255f3>:0 
  at System.Linq.Enumerable.ToList[TSource] (System.Collections.Generic.IEnumerable`1[T] source) [0x0001f] in <351e49e2a5bf4fd6beabb458ce2255f3>:0 
  at Unity.Services.Core.Editor.OperatePackageVersionConfigProvider.FindAllOperatePackageInProject () [0x00000] in D:\Morga\Documents\ZombCube\Library\PackageCache\com.unity.services.core@1.1.0-pre.41\Editor\Core\Telemetry\OperatePackageVersionConfigProvider.cs:41 
  at Unity.Services.Core.Editor.OperatePackageVersionConfigProvider..cctor () [0x00000] in D:\Morga\Documents\ZombCube\Library\PackageCache\com.unity.services.core@1.1.0-pre.41\Editor\Core\Telemetry\OperatePackageVersionConfigProvider.cs:20 
UnityEngine.StackTraceUtility:ExtractStackTrace ()
UnityEngine.DebugLogHandler:LogFormat (UnityEngine.LogType,UnityEngine.Object,string,object[])
UnityEngine.Logger:Log (UnityEngine.LogType,object)
UnityEngine.Debug:LogError (object)
UnityEditor.EditorAssemblies:ProcessInitializeOnLoadAttributes (System.Type[])

System.Reflection.TargetInvocationException: Exception has been thrown by the target of an invocation. ---> System.Reflection.TargetInvocationException: Exception has been thrown by the target of an invocation. ---> System.TypeInitializationException: The type initializer for 'Unity.Services.Core.Editor.OperatePackageVersionConfigProvider' threw an exception. ---> System.NullReferenceException: Object reference not set to an instance of an object
  at Unity.Services.Core.Editor.PackageConfig..ctor (UnityEditor.PackageManager.PackageInfo packageInfo) [0x00000] in D:\Morga\Documents\ZombCube\Library\PackageCache\com.unity.services.core@1.1.0-pre.41\Editor\Core\Telemetry\PackageConfig.cs:15 
  at Unity.Services.Core.Editor.OperatePackageVersionConfigProvider.<FindAllOperatePackageInProject>g__GetPackageConfigFrom|7_0 (System.Type type) [0x0000b] in D:\Morga\Documents\ZombCube\Library\PackageCache\com.unity.services.core@1.1.0-pre.41\Editor\Core\Telemetry\OperatePackageVersionConfigProvider.cs:50 
  at (wrapper delegate-invoke) System.Func`2[System.Type,Unity.Services.Core.Editor.PackageConfig].invoke_TResult_T(System.Type)
  at System.Linq.Enumerable+SelectIListIterator`2[TSource,TResult].MoveNext () [0x00048] in <351e49e2a5bf4fd6beabb458ce2255f3>:0 
  at System.Linq.Set`1[TElement].UnionWith (System.Collections.Generic.IEnumerable`1[T] other) [0x00018] in <351e49e2a5bf4fd6beabb458ce2255f3>:0 
  at System.Linq.Enumerable+DistinctIterator`1[TSource].FillSet () [0x0000b] in <351e49e2a5bf4fd6beabb458ce2255f3>:0 
  at System.Linq.Enumerable+DistinctIterator`1[TSource].ToList () [0x00000] in <351e49e2a5bf4fd6beabb458ce2255f3>:0 
  at System.Linq.Enumerable.ToList[TSource] (System.Collections.Generic.IEnumerable`1[T] source) [0x0001f] in <351e49e2a5bf4fd6beabb458ce2255f3>:0 
  at Unity.Services.Core.Editor.OperatePackageVersionConfigProvider.FindAllOperatePackageInProject () [0x00000] in D:\Morga\Documents\ZombCube\Library\PackageCache\com.unity.services.core@1.1.0-pre.41\Editor\Core\Telemetry\OperatePackageVersionConfigProvider.cs:41 
  at Unity.Services.Core.Editor.OperatePackageVersionConfigProvider..cctor () [0x00000] in D:\Morga\Documents\ZombCube\Library\PackageCache\com.unity.services.core@1.1.0-pre.41\Editor\Core\Telemetry\OperatePackageVersionConfigProvider.cs:20 
   --- End of inner exception stack trace ---
  at (wrapper managed-to-native) System.Reflection.MonoCMethod.InternalInvoke(System.Reflection.MonoCMethod,object,object[],System.Exception&)
  at System.Reflection.MonoCMethod.InternalInvoke (System.Object obj, System.Object[] parameters) [0x00002] in <695d1cc93cca45069c528c15c9fdd749>:0 
   --- End of inner exception stack trace ---
  at System.Reflection.MonoCMethod.InternalInvoke (System.Object obj, System.Object[] parameters) [0x00014] in <695d1cc93cca45069c528c15c9fdd749>:0 
  at System.RuntimeType.CreateInstanceMono (System.Boolean nonPublic) [0x000a8] in <695d1cc93cca45069c528c15c9fdd749>:0 
  at System.RuntimeType.CreateInstanceSlow (System.Boolean publicOnly, System.Boolean skipCheckThis, System.Boolean fillCache, System.Threading.StackCrawlMark& stackMark) [0x00009] in <695d1cc93cca45069c528c15c9fdd749>:0 
  at System.RuntimeType.CreateInstanceDefaultCtor (System.Boolean publicOnly, System.Boolean skipCheckThis, System.Boolean fillCache, System.Threading.StackCrawlMark& stackMark) [0x00027] in <695d1cc93cca45069c528c15c9fdd749>:0 
  at System.Activator.CreateInstance (System.Type type, System.Boolean nonPublic) [0x00020] in <695d1cc93cca45069c528c15c9fdd749>:0 
  at System.Activator.CreateInstance (System.Type type) [0x00000] in <695d1cc93cca45069c528c15c9fdd749>:0 
  at Unity.Services.Core.Configuration.Editor.ProjectConfigurationBuilder+<>c.<GenerateOrderedConfigurationProviders>b__5_1 (System.Type type) [0x00000] in D:\Morga\Documents\ZombCube\Library\PackageCache\com.unity.services.core@1.1.0-pre.41\Editor\Core\Configuration\ProjectConfigurationBuilder.cs:46 
  at System.Linq.Enumerable+WhereSelectEnumerableIterator`2[TSource,TResult].ToArray () [0x0002b] in <351e49e2a5bf4fd6beabb458ce2255f3>:0 
  at System.Linq.Buffer`1[TElement]..ctor (System.Collections.Generic.IEnumerable`1[T] source) [0x0000a] in <351e49e2a5bf4fd6beabb458ce2255f3>:0 
  at System.Linq.OrderedEnumerable`1[TElement].ToArray () [0x00000] in <351e49e2a5bf4fd6beabb458ce2255f3>:0 
  at System.Linq.Enumerable.ToArray[TSource] (System.Collections.Generic.IEnumerable`1[T] source) [0x0001f] in <351e49e2a5bf4fd6beabb458ce2255f3>:0 
  at Unity.Services.Core.Configuration.Editor.ProjectConfigurationBuilder.GenerateOrderedConfigurationProviders () [0x00000] in D:\Morga\Documents\ZombCube\Library\PackageCache\com.unity.services.core@1.1.0-pre.41\Editor\Core\Configuration\ProjectConfigurationBuilder.cs:44 
  at Unity.Services.Core.Configuration.Editor.ProjectConfigurationBuilder.CreateEditorInstanceIfNone () [0x00008] in D:\Morga\Documents\ZombCube\Library\PackageCache\com.unity.services.core@1.1.0-pre.41\Editor\Core\Configuration\ProjectConfigurationBuilder.cs:38 
  at (wrapper managed-to-native) System.Reflection.MonoMethod.InternalInvoke(System.Reflection.MonoMethod,object,object[],System.Exception&)
  at System.Reflection.MonoMethod.Invoke (System.Object obj, System.Reflection.BindingFlags invokeAttr, System.Reflection.Binder binder, System.Object[] parameters, System.Globalization.CultureInfo culture) [0x00032] in <695d1cc93cca45069c528c15c9fdd749>:0 
   --- End of inner exception stack trace ---
  at System.Reflection.MonoMethod.Invoke (System.Object obj, System.Reflection.BindingFlags invokeAttr, System.Reflection.Binder binder, System.Object[] parameters, System.Globalization.CultureInfo culture) [0x00048] in <695d1cc93cca45069c528c15c9fdd749>:0 
  at System.Reflection.MethodBase.Invoke (System.Object obj, System.Object[] parameters) [0x00000] in <695d1cc93cca45069c528c15c9fdd749>:0 
  at UnityEditor.EditorAssemblies.ProcessInitializeOnLoadMethodAttributes () [0x00047] in <7ebb9dc74040436998557fc331a964ba>:0 
UnityEngine.StackTraceUtility:ExtractStackTrace ()
UnityEngine.DebugLogHandler:LogFormat (UnityEngine.LogType,UnityEngine.Object,string,object[])
UnityEngine.Logger:Log (UnityEngine.LogType,object)
UnityEngine.Debug:LogError (object)
UnityEditor.EditorAssemblies:ProcessInitializeOnLoadMethodAttributes ()

Mono: successfully reloaded assembly
- Completed reload, in  2.019 seconds
Domain Reload Profiling:
	ReloadAssembly (2019ms)
		BeginReloadAssembly (217ms)
			ExecutionOrderSort (0ms)
			DisableScriptedObjects (8ms)
			BackupInstance (0ms)
			ReleaseScriptingObjects (0ms)
			CreateAndSetChildDomain (57ms)
		EndReloadAssembly (1710ms)
			LoadAssemblies (227ms)
			RebuildTransferFunctionScriptingTraits (0ms)
			SetupTypeCache (468ms)
			ReleaseScriptCaches (2ms)
			RebuildScriptCaches (55ms)
			SetupLoadedEditorAssemblies (812ms)
				LogAssemblyErrors (0ms)
				InitializePlatformSupportModulesInManaged (6ms)
				SetLoadedEditorAssemblies (1ms)
				RefreshPlugins (1ms)
				BeforeProcessingInitializeOnLoad (207ms)
				ProcessInitializeOnLoadAttributes (514ms)
				ProcessInitializeOnLoadMethodAttributes (63ms)
				AfterProcessingInitializeOnLoad (20ms)
				EditorAssembliesLoaded (0ms)
			ExecutionOrderSort2 (0ms)
			AwakeInstancesAfterBackupRestoration (11ms)
Platform modules already initialized, skipping
Switching build target platform(19) subTarget(0) extendedPlatform(0) -> platform(21) subTarget(0) extendedPlatform(0)
Refreshing native plugins compatible for Editor in 1.36 ms, found 2 plugins.
Preloading 0 native plugins for Editor in 0.00 ms.
Unloading 5250 Unused Serialized files (Serialized files now loaded: 0)
System memory in use before: 210.3 MB.
System memory in use after: 210.7 MB.

Unloading 67 unused Assets to reduce memory usage. Loaded Objects now: 5802.
Total: 8.919200 ms (FindLiveObjects: 0.539700 ms CreateObjectMapping: 0.476700 ms MarkObjects: 7.845100 ms  DeleteObjects: 0.056300 ms)

AssetImportParameters requested are different than current active one (requested -> active):
  custom:framework-win-MediaFoundation: 216162199b28c13a410421893ffa2e32 -> 
  custom:video-decoder-ogg-theora: a1e56fd34408186e4bbccfd4996cb3dc -> 
  custom:container-muxer-webm: aa71ff27fc2769a1b78a27578f13a17b -> 
  custom:container-demuxer-webm: 4f35f7cbe854078d1ac9338744f61a02 -> 
  custom:container-demuxer-ogg: 62fdf1f143b41e24485cea50d1cbac27 -> 
  custom:video-encoder-webm-vp8: eb34c28f22e8b96e1ab97ce403110664 -> 
  custom:video-decoder-webm-vp8: 9c59270c3fd7afecdb556c50c9e8de78 -> 
  custom:audio-decoder-ogg-vorbis: bf7c407c2cedff20999df2af8eb42d56 -> 
  custom:audio-encoder-webm-vorbis: bf7c407c2cedff20999df2af8eb42d56 -> 
========================================================================
Received Prepare
Refreshing native plugins compatible for Editor in 38.18 ms, found 2 plugins.
Preloading 0 native plugins for Editor in 0.00 ms.
Unloading 65 Unused Serialized files (Serialized files now loaded: 0)
System memory in use before: 108.2 MB.
System memory in use after: 108.7 MB.

Unloading 65 unused Assets to reduce memory usage. Loaded Objects now: 5802.
Total: 13.411900 ms (FindLiveObjects: 0.503900 ms CreateObjectMapping: 0.983300 ms MarkObjects: 11.878600 ms  DeleteObjects: 0.044400 ms)

AssetImportParameters requested are different than current active one (requested -> active):
  custom:framework-win-MediaFoundation: 216162199b28c13a410421893ffa2e32 -> 
  custom:video-decoder-ogg-theora: a1e56fd34408186e4bbccfd4996cb3dc -> 
  custom:container-muxer-webm: aa71ff27fc2769a1b78a27578f13a17b -> 
  custom:container-demuxer-webm: 4f35f7cbe854078d1ac9338744f61a02 -> 
  custom:container-demuxer-ogg: 62fdf1f143b41e24485cea50d1cbac27 -> 
  custom:video-encoder-webm-vp8: eb34c28f22e8b96e1ab97ce403110664 -> 
  custom:video-decoder-webm-vp8: 9c59270c3fd7afecdb556c50c9e8de78 -> 
  custom:audio-decoder-ogg-vorbis: bf7c407c2cedff20999df2af8eb42d56 -> 
  custom:audio-encoder-webm-vorbis: bf7c407c2cedff20999df2af8eb42d56 -> 
========================================================================
Received Import Request.
  Time since last request: 6087.506683 seconds.
  path: Assets/Scripts/Networking/NetworkGameManager.cs
  artifactKey: Guid(219f326b9a84b794b9e22fbc592b6c7f) Importer(815301076,1909f56bfc062723c751e8b465ee728b)
Start importing Assets/Scripts/Networking/NetworkGameManager.cs using Guid(219f326b9a84b794b9e22fbc592b6c7f) Importer(815301076,1909f56bfc062723c751e8b465ee728b)  -> (artifact id: '11a94983fb4587f1642d3fd0b0be718f') in 0.055350 seconds 
  Import took 0.080042 seconds .

========================================================================
Received Prepare
Registering precompiled user dll's ...
Registered in 0.024706 seconds.
Begin MonoManager ReloadAssembly
Native extension for WindowsStandalone target not found
Native extension for WebGL target not found
Refreshing native plugins compatible for Editor in 1.61 ms, found 2 plugins.
Preloading 0 native plugins for Editor in 0.00 ms.
System.NullReferenceException: Object reference not set to an instance of an object
  at Unity.Services.Core.Editor.PackageConfig..ctor (UnityEditor.PackageManager.PackageInfo packageInfo) [0x00000] in D:\Morga\Documents\ZombCube\Library\PackageCache\com.unity.services.core@1.1.0-pre.41\Editor\Core\Telemetry\PackageConfig.cs:15 
  at Unity.Services.Core.Editor.OperatePackageVersionConfigProvider.<FindAllOperatePackageInProject>g__GetPackageConfigFrom|7_0 (System.Type type) [0x0000b] in D:\Morga\Documents\ZombCube\Library\PackageCache\com.unity.services.core@1.1.0-pre.41\Editor\Core\Telemetry\OperatePackageVersionConfigProvider.cs:50 
  at (wrapper delegate-invoke) System.Func`2[System.Type,Unity.Services.Core.Editor.PackageConfig].invoke_TResult_T(System.Type)
  at System.Linq.Enumerable+SelectIListIterator`2[TSource,TResult].MoveNext () [0x00048] in <351e49e2a5bf4fd6beabb458ce2255f3>:0 
  at System.Linq.Set`1[TElement].UnionWith (System.Collections.Generic.IEnumerable`1[T] other) [0x00018] in <351e49e2a5bf4fd6beabb458ce2255f3>:0 
  at System.Linq.Enumerable+DistinctIterator`1[TSource].FillSet () [0x0000b] in <351e49e2a5bf4fd6beabb458ce2255f3>:0 
  at System.Linq.Enumerable+DistinctIterator`1[TSource].ToList () [0x00000] in <351e49e2a5bf4fd6beabb458ce2255f3>:0 
  at System.Linq.Enumerable.ToList[TSource] (System.Collections.Generic.IEnumerable`1[T] source) [0x0001f] in <351e49e2a5bf4fd6beabb458ce2255f3>:0 
  at Unity.Services.Core.Editor.OperatePackageVersionConfigProvider.FindAllOperatePackageInProject () [0x00000] in D:\Morga\Documents\ZombCube\Library\PackageCache\com.unity.services.core@1.1.0-pre.41\Editor\Core\Telemetry\OperatePackageVersionConfigProvider.cs:41 
  at Unity.Services.Core.Editor.OperatePackageVersionConfigProvider..cctor () [0x00000] in D:\Morga\Documents\ZombCube\Library\PackageCache\com.unity.services.core@1.1.0-pre.41\Editor\Core\Telemetry\OperatePackageVersionConfigProvider.cs:20 
UnityEngine.StackTraceUtility:ExtractStackTrace ()
UnityEngine.DebugLogHandler:LogFormat (UnityEngine.LogType,UnityEngine.Object,string,object[])
UnityEngine.Logger:Log (UnityEngine.LogType,object)
UnityEngine.Debug:LogError (object)
UnityEditor.EditorAssemblies:ProcessInitializeOnLoadAttributes (System.Type[])

System.Reflection.TargetInvocationException: Exception has been thrown by the target of an invocation. ---> System.Reflection.TargetInvocationException: Exception has been thrown by the target of an invocation. ---> System.TypeInitializationException: The type initializer for 'Unity.Services.Core.Editor.OperatePackageVersionConfigProvider' threw an exception. ---> System.NullReferenceException: Object reference not set to an instance of an object
  at Unity.Services.Core.Editor.PackageConfig..ctor (UnityEditor.PackageManager.PackageInfo packageInfo) [0x00000] in D:\Morga\Documents\ZombCube\Library\PackageCache\com.unity.services.core@1.1.0-pre.41\Editor\Core\Telemetry\PackageConfig.cs:15 
  at Unity.Services.Core.Editor.OperatePackageVersionConfigProvider.<FindAllOperatePackageInProject>g__GetPackageConfigFrom|7_0 (System.Type type) [0x0000b] in D:\Morga\Documents\ZombCube\Library\PackageCache\com.unity.services.core@1.1.0-pre.41\Editor\Core\Telemetry\OperatePackageVersionConfigProvider.cs:50 
  at (wrapper delegate-invoke) System.Func`2[System.Type,Unity.Services.Core.Editor.PackageConfig].invoke_TResult_T(System.Type)
  at System.Linq.Enumerable+SelectIListIterator`2[TSource,TResult].MoveNext () [0x00048] in <351e49e2a5bf4fd6beabb458ce2255f3>:0 
  at System.Linq.Set`1[TElement].UnionWith (System.Collections.Generic.IEnumerable`1[T] other) [0x00018] in <351e49e2a5bf4fd6beabb458ce2255f3>:0 
  at System.Linq.Enumerable+DistinctIterator`1[TSource].FillSet () [0x0000b] in <351e49e2a5bf4fd6beabb458ce2255f3>:0 
  at System.Linq.Enumerable+DistinctIterator`1[TSource].ToList () [0x00000] in <351e49e2a5bf4fd6beabb458ce2255f3>:0 
  at System.Linq.Enumerable.ToList[TSource] (System.Collections.Generic.IEnumerable`1[T] source) [0x0001f] in <351e49e2a5bf4fd6beabb458ce2255f3>:0 
  at Unity.Services.Core.Editor.OperatePackageVersionConfigProvider.FindAllOperatePackageInProject () [0x00000] in D:\Morga\Documents\ZombCube\Library\PackageCache\com.unity.services.core@1.1.0-pre.41\Editor\Core\Telemetry\OperatePackageVersionConfigProvider.cs:41 
  at Unity.Services.Core.Editor.OperatePackageVersionConfigProvider..cctor () [0x00000] in D:\Morga\Documents\ZombCube\Library\PackageCache\com.unity.services.core@1.1.0-pre.41\Editor\Core\Telemetry\OperatePackageVersionConfigProvider.cs:20 
   --- End of inner exception stack trace ---
  at (wrapper managed-to-native) System.Reflection.MonoCMethod.InternalInvoke(System.Reflection.MonoCMethod,object,object[],System.Exception&)
  at System.Reflection.MonoCMethod.InternalInvoke (System.Object obj, System.Object[] parameters) [0x00002] in <695d1cc93cca45069c528c15c9fdd749>:0 
   --- End of inner exception stack trace ---
  at System.Reflection.MonoCMethod.InternalInvoke (System.Object obj, System.Object[] parameters) [0x00014] in <695d1cc93cca45069c528c15c9fdd749>:0 
  at System.RuntimeType.CreateInstanceMono (System.Boolean nonPublic) [0x000a8] in <695d1cc93cca45069c528c15c9fdd749>:0 
  at System.RuntimeType.CreateInstanceSlow (System.Boolean publicOnly, System.Boolean skipCheckThis, System.Boolean fillCache, System.Threading.StackCrawlMark& stackMark) [0x00009] in <695d1cc93cca45069c528c15c9fdd749>:0 
  at System.RuntimeType.CreateInstanceDefaultCtor (System.Boolean publicOnly, System.Boolean skipCheckThis, System.Boolean fillCache, System.Threading.StackCrawlMark& stackMark) [0x00027] in <695d1cc93cca45069c528c15c9fdd749>:0 
  at System.Activator.CreateInstance (System.Type type, System.Boolean nonPublic) [0x00020] in <695d1cc93cca45069c528c15c9fdd749>:0 
  at System.Activator.CreateInstance (System.Type type) [0x00000] in <695d1cc93cca45069c528c15c9fdd749>:0 
  at Unity.Services.Core.Configuration.Editor.ProjectConfigurationBuilder+<>c.<GenerateOrderedConfigurationProviders>b__5_1 (System.Type type) [0x00000] in D:\Morga\Documents\ZombCube\Library\PackageCache\com.unity.services.core@1.1.0-pre.41\Editor\Core\Configuration\ProjectConfigurationBuilder.cs:46 
  at System.Linq.Enumerable+WhereSelectEnumerableIterator`2[TSource,TResult].ToArray () [0x0002b] in <351e49e2a5bf4fd6beabb458ce2255f3>:0 
  at System.Linq.Buffer`1[TElement]..ctor (System.Collections.Generic.IEnumerable`1[T] source) [0x0000a] in <351e49e2a5bf4fd6beabb458ce2255f3>:0 
  at System.Linq.OrderedEnumerable`1[TElement].ToArray () [0x00000] in <351e49e2a5bf4fd6beabb458ce2255f3>:0 
  at System.Linq.Enumerable.ToArray[TSource] (System.Collections.Generic.IEnumerable`1[T] source) [0x0001f] in <351e49e2a5bf4fd6beabb458ce2255f3>:0 
  at Unity.Services.Core.Configuration.Editor.ProjectConfigurationBuilder.GenerateOrderedConfigurationProviders () [0x00000] in D:\Morga\Documents\ZombCube\Library\PackageCache\com.unity.services.core@1.1.0-pre.41\Editor\Core\Configuration\ProjectConfigurationBuilder.cs:44 
  at Unity.Services.Core.Configuration.Editor.ProjectConfigurationBuilder.CreateEditorInstanceIfNone () [0x00008] in D:\Morga\Documents\ZombCube\Library\PackageCache\com.unity.services.core@1.1.0-pre.41\Editor\Core\Configuration\ProjectConfigurationBuilder.cs:38 
  at (wrapper managed-to-native) System.Reflection.MonoMethod.InternalInvoke(System.Reflection.MonoMethod,object,object[],System.Exception&)
  at System.Reflection.MonoMethod.Invoke (System.Object obj, System.Reflection.BindingFlags invokeAttr, System.Reflection.Binder binder, System.Object[] parameters, System.Globalization.CultureInfo culture) [0x00032] in <695d1cc93cca45069c528c15c9fdd749>:0 
   --- End of inner exception stack trace ---
  at System.Reflection.MonoMethod.Invoke (System.Object obj, System.Reflection.BindingFlags invokeAttr, System.Reflection.Binder binder, System.Object[] parameters, System.Globalization.CultureInfo culture) [0x00048] in <695d1cc93cca45069c528c15c9fdd749>:0 
  at System.Reflection.MethodBase.Invoke (System.Object obj, System.Object[] parameters) [0x00000] in <695d1cc93cca45069c528c15c9fdd749>:0 
  at UnityEditor.EditorAssemblies.ProcessInitializeOnLoadMethodAttributes () [0x00047] in <7ebb9dc74040436998557fc331a964ba>:0 
UnityEngine.StackTraceUtility:ExtractStackTrace ()
UnityEngine.DebugLogHandler:LogFormat (UnityEngine.LogType,UnityEngine.Object,string,object[])
UnityEngine.Logger:Log (UnityEngine.LogType,object)
UnityEngine.Debug:LogError (object)
UnityEditor.EditorAssemblies:ProcessInitializeOnLoadMethodAttributes ()

Mono: successfully reloaded assembly
- Completed reload, in  2.065 seconds
Domain Reload Profiling:
	ReloadAssembly (2065ms)
		BeginReloadAssembly (207ms)
			ExecutionOrderSort (0ms)
			DisableScriptedObjects (7ms)
			BackupInstance (0ms)
			ReleaseScriptingObjects (0ms)
			CreateAndSetChildDomain (52ms)
		EndReloadAssembly (1764ms)
			LoadAssemblies (231ms)
			RebuildTransferFunctionScriptingTraits (0ms)
			SetupTypeCache (457ms)
			ReleaseScriptCaches (2ms)
			RebuildScriptCaches (53ms)
			SetupLoadedEditorAssemblies (862ms)
				LogAssemblyErrors (0ms)
				InitializePlatformSupportModulesInManaged (5ms)
				SetLoadedEditorAssemblies (1ms)
				RefreshPlugins (2ms)
				BeforeProcessingInitializeOnLoad (201ms)
				ProcessInitializeOnLoadAttributes (554ms)
				ProcessInitializeOnLoadMethodAttributes (79ms)
				AfterProcessingInitializeOnLoad (19ms)
				EditorAssembliesLoaded (0ms)
			ExecutionOrderSort2 (0ms)
			AwakeInstancesAfterBackupRestoration (11ms)
Platform modules already initialized, skipping
Switching build target platform(19) subTarget(0) extendedPlatform(0) -> platform(21) subTarget(0) extendedPlatform(0)
Refreshing native plugins compatible for Editor in 2.31 ms, found 2 plugins.
Preloading 0 native plugins for Editor in 0.00 ms.
Unloading 5250 Unused Serialized files (Serialized files now loaded: 0)
System memory in use before: 210.4 MB.
System memory in use after: 210.9 MB.

Unloading 67 unused Assets to reduce memory usage. Loaded Objects now: 5805.
Total: 15.030900 ms (FindLiveObjects: 0.636200 ms CreateObjectMapping: 0.636300 ms MarkObjects: 13.698000 ms  DeleteObjects: 0.057800 ms)

AssetImportParameters requested are different than current active one (requested -> active):
  custom:framework-win-MediaFoundation: 216162199b28c13a410421893ffa2e32 -> 
  custom:video-decoder-ogg-theora: a1e56fd34408186e4bbccfd4996cb3dc -> 
  custom:container-muxer-webm: aa71ff27fc2769a1b78a27578f13a17b -> 
  custom:container-demuxer-webm: 4f35f7cbe854078d1ac9338744f61a02 -> 
  custom:container-demuxer-ogg: 62fdf1f143b41e24485cea50d1cbac27 -> 
  custom:video-encoder-webm-vp8: eb34c28f22e8b96e1ab97ce403110664 -> 
  custom:video-decoder-webm-vp8: 9c59270c3fd7afecdb556c50c9e8de78 -> 
  custom:audio-decoder-ogg-vorbis: bf7c407c2cedff20999df2af8eb42d56 -> 
  custom:audio-encoder-webm-vorbis: bf7c407c2cedff20999df2af8eb42d56 -> 
========================================================================
Received Prepare
Registering precompiled user dll's ...
Registered in 0.042752 seconds.
Begin MonoManager ReloadAssembly
Native extension for WindowsStandalone target not found
Native extension for WebGL target not found
Refreshing native plugins compatible for Editor in 1.79 ms, found 2 plugins.
Preloading 0 native plugins for Editor in 0.00 ms.
System.NullReferenceException: Object reference not set to an instance of an object
  at Unity.Services.Core.Editor.PackageConfig..ctor (UnityEditor.PackageManager.PackageInfo packageInfo) [0x00000] in D:\Morga\Documents\ZombCube\Library\PackageCache\com.unity.services.core@1.1.0-pre.41\Editor\Core\Telemetry\PackageConfig.cs:15 
  at Unity.Services.Core.Editor.OperatePackageVersionConfigProvider.<FindAllOperatePackageInProject>g__GetPackageConfigFrom|7_0 (System.Type type) [0x0000b] in D:\Morga\Documents\ZombCube\Library\PackageCache\com.unity.services.core@1.1.0-pre.41\Editor\Core\Telemetry\OperatePackageVersionConfigProvider.cs:50 
  at (wrapper delegate-invoke) System.Func`2[System.Type,Unity.Services.Core.Editor.PackageConfig].invoke_TResult_T(System.Type)
  at System.Linq.Enumerable+SelectIListIterator`2[TSource,TResult].MoveNext () [0x00048] in <351e49e2a5bf4fd6beabb458ce2255f3>:0 
  at System.Linq.Set`1[TElement].UnionWith (System.Collections.Generic.IEnumerable`1[T] other) [0x00018] in <351e49e2a5bf4fd6beabb458ce2255f3>:0 
  at System.Linq.Enumerable+DistinctIterator`1[TSource].FillSet () [0x0000b] in <351e49e2a5bf4fd6beabb458ce2255f3>:0 
  at System.Linq.Enumerable+DistinctIterator`1[TSource].ToList () [0x00000] in <351e49e2a5bf4fd6beabb458ce2255f3>:0 
  at System.Linq.Enumerable.ToList[TSource] (System.Collections.Generic.IEnumerable`1[T] source) [0x0001f] in <351e49e2a5bf4fd6beabb458ce2255f3>:0 
  at Unity.Services.Core.Editor.OperatePackageVersionConfigProvider.FindAllOperatePackageInProject () [0x00000] in D:\Morga\Documents\ZombCube\Library\PackageCache\com.unity.services.core@1.1.0-pre.41\Editor\Core\Telemetry\OperatePackageVersionConfigProvider.cs:41 
  at Unity.Services.Core.Editor.OperatePackageVersionConfigProvider..cctor () [0x00000] in D:\Morga\Documents\ZombCube\Library\PackageCache\com.unity.services.core@1.1.0-pre.41\Editor\Core\Telemetry\OperatePackageVersionConfigProvider.cs:20 
UnityEngine.StackTraceUtility:ExtractStackTrace ()
UnityEngine.DebugLogHandler:LogFormat (UnityEngine.LogType,UnityEngine.Object,string,object[])
UnityEngine.Logger:Log (UnityEngine.LogType,object)
UnityEngine.Debug:LogError (object)
UnityEditor.EditorAssemblies:ProcessInitializeOnLoadAttributes (System.Type[])

System.Reflection.TargetInvocationException: Exception has been thrown by the target of an invocation. ---> System.Reflection.TargetInvocationException: Exception has been thrown by the target of an invocation. ---> System.TypeInitializationException: The type initializer for 'Unity.Services.Core.Editor.OperatePackageVersionConfigProvider' threw an exception. ---> System.NullReferenceException: Object reference not set to an instance of an object
  at Unity.Services.Core.Editor.PackageConfig..ctor (UnityEditor.PackageManager.PackageInfo packageInfo) [0x00000] in D:\Morga\Documents\ZombCube\Library\PackageCache\com.unity.services.core@1.1.0-pre.41\Editor\Core\Telemetry\PackageConfig.cs:15 
  at Unity.Services.Core.Editor.OperatePackageVersionConfigProvider.<FindAllOperatePackageInProject>g__GetPackageConfigFrom|7_0 (System.Type type) [0x0000b] in D:\Morga\Documents\ZombCube\Library\PackageCache\com.unity.services.core@1.1.0-pre.41\Editor\Core\Telemetry\OperatePackageVersionConfigProvider.cs:50 
  at (wrapper delegate-invoke) System.Func`2[System.Type,Unity.Services.Core.Editor.PackageConfig].invoke_TResult_T(System.Type)
  at System.Linq.Enumerable+SelectIListIterator`2[TSource,TResult].MoveNext () [0x00048] in <351e49e2a5bf4fd6beabb458ce2255f3>:0 
  at System.Linq.Set`1[TElement].UnionWith (System.Collections.Generic.IEnumerable`1[T] other) [0x00018] in <351e49e2a5bf4fd6beabb458ce2255f3>:0 
  at System.Linq.Enumerable+DistinctIterator`1[TSource].FillSet () [0x0000b] in <351e49e2a5bf4fd6beabb458ce2255f3>:0 
  at System.Linq.Enumerable+DistinctIterator`1[TSource].ToList () [0x00000] in <351e49e2a5bf4fd6beabb458ce2255f3>:0 
  at System.Linq.Enumerable.ToList[TSource] (System.Collections.Generic.IEnumerable`1[T] source) [0x0001f] in <351e49e2a5bf4fd6beabb458ce2255f3>:0 
  at Unity.Services.Core.Editor.OperatePackageVersionConfigProvider.FindAllOperatePackageInProject () [0x00000] in D:\Morga\Documents\ZombCube\Library\PackageCache\com.unity.services.core@1.1.0-pre.41\Editor\Core\Telemetry\OperatePackageVersionConfigProvider.cs:41 
  at Unity.Services.Core.Editor.OperatePackageVersionConfigProvider..cctor () [0x00000] in D:\Morga\Documents\ZombCube\Library\PackageCache\com.unity.services.core@1.1.0-pre.41\Editor\Core\Telemetry\OperatePackageVersionConfigProvider.cs:20 
   --- End of inner exception stack trace ---
  at (wrapper managed-to-native) System.Reflection.MonoCMethod.InternalInvoke(System.Reflection.MonoCMethod,object,object[],System.Exception&)
  at System.Reflection.MonoCMethod.InternalInvoke (System.Object obj, System.Object[] parameters) [0x00002] in <695d1cc93cca45069c528c15c9fdd749>:0 
   --- End of inner exception stack trace ---
  at System.Reflection.MonoCMethod.InternalInvoke (System.Object obj, System.Object[] parameters) [0x00014] in <695d1cc93cca45069c528c15c9fdd749>:0 
  at System.RuntimeType.CreateInstanceMono (System.Boolean nonPublic) [0x000a8] in <695d1cc93cca45069c528c15c9fdd749>:0 
  at System.RuntimeType.CreateInstanceSlow (System.Boolean publicOnly, System.Boolean skipCheckThis, System.Boolean fillCache, System.Threading.StackCrawlMark& stackMark) [0x00009] in <695d1cc93cca45069c528c15c9fdd749>:0 
  at System.RuntimeType.CreateInstanceDefaultCtor (System.Boolean publicOnly, System.Boolean skipCheckThis, System.Boolean fillCache, System.Threading.StackCrawlMark& stackMark) [0x00027] in <695d1cc93cca45069c528c15c9fdd749>:0 
  at System.Activator.CreateInstance (System.Type type, System.Boolean nonPublic) [0x00020] in <695d1cc93cca45069c528c15c9fdd749>:0 
  at System.Activator.CreateInstance (System.Type type) [0x00000] in <695d1cc93cca45069c528c15c9fdd749>:0 
  at Unity.Services.Core.Configuration.Editor.ProjectConfigurationBuilder+<>c.<GenerateOrderedConfigurationProviders>b__5_1 (System.Type type) [0x00000] in D:\Morga\Documents\ZombCube\Library\PackageCache\com.unity.services.core@1.1.0-pre.41\Editor\Core\Configuration\ProjectConfigurationBuilder.cs:46 
  at System.Linq.Enumerable+WhereSelectEnumerableIterator`2[TSource,TResult].ToArray () [0x0002b] in <351e49e2a5bf4fd6beabb458ce2255f3>:0 
  at System.Linq.Buffer`1[TElement]..ctor (System.Collections.Generic.IEnumerable`1[T] source) [0x0000a] in <351e49e2a5bf4fd6beabb458ce2255f3>:0 
  at System.Linq.OrderedEnumerable`1[TElement].ToArray () [0x00000] in <351e49e2a5bf4fd6beabb458ce2255f3>:0 
  at System.Linq.Enumerable.ToArray[TSource] (System.Collections.Generic.IEnumerable`1[T] source) [0x0001f] in <351e49e2a5bf4fd6beabb458ce2255f3>:0 
  at Unity.Services.Core.Configuration.Editor.ProjectConfigurationBuilder.GenerateOrderedConfigurationProviders () [0x00000] in D:\Morga\Documents\ZombCube\Library\PackageCache\com.unity.services.core@1.1.0-pre.41\Editor\Core\Configuration\ProjectConfigurationBuilder.cs:44 
  at Unity.Services.Core.Configuration.Editor.ProjectConfigurationBuilder.CreateEditorInstanceIfNone () [0x00008] in D:\Morga\Documents\ZombCube\Library\PackageCache\com.unity.services.core@1.1.0-pre.41\Editor\Core\Configuration\ProjectConfigurationBuilder.cs:38 
  at (wrapper managed-to-native) System.Reflection.MonoMethod.InternalInvoke(System.Reflection.MonoMethod,object,object[],System.Exception&)
  at System.Reflection.MonoMethod.Invoke (System.Object obj, System.Reflection.BindingFlags invokeAttr, System.Reflection.Binder binder, System.Object[] parameters, System.Globalization.CultureInfo culture) [0x00032] in <695d1cc93cca45069c528c15c9fdd749>:0 
   --- End of inner exception stack trace ---
  at System.Reflection.MonoMethod.Invoke (System.Object obj, System.Reflection.BindingFlags invokeAttr, System.Reflection.Binder binder, System.Object[] parameters, System.Globalization.CultureInfo culture) [0x00048] in <695d1cc93cca45069c528c15c9fdd749>:0 
  at System.Reflection.MethodBase.Invoke (System.Object obj, System.Object[] parameters) [0x00000] in <695d1cc93cca45069c528c15c9fdd749>:0 
  at UnityEditor.EditorAssemblies.ProcessInitializeOnLoadMethodAttributes () [0x00047] in <7ebb9dc74040436998557fc331a964ba>:0 
UnityEngine.StackTraceUtility:ExtractStackTrace ()
UnityEngine.DebugLogHandler:LogFormat (UnityEngine.LogType,UnityEngine.Object,string,object[])
UnityEngine.Logger:Log (UnityEngine.LogType,object)
UnityEngine.Debug:LogError (object)
UnityEditor.EditorAssemblies:ProcessInitializeOnLoadMethodAttributes ()

Mono: successfully reloaded assembly
- Completed reload, in  2.361 seconds
Domain Reload Profiling:
	ReloadAssembly (2362ms)
		BeginReloadAssembly (218ms)
			ExecutionOrderSort (0ms)
			DisableScriptedObjects (7ms)
			BackupInstance (0ms)
			ReleaseScriptingObjects (0ms)
			CreateAndSetChildDomain (56ms)
		EndReloadAssembly (1994ms)
			LoadAssemblies (331ms)
			RebuildTransferFunctionScriptingTraits (0ms)
			SetupTypeCache (484ms)
			ReleaseScriptCaches (2ms)
			RebuildScriptCaches (85ms)
			SetupLoadedEditorAssemblies (863ms)
				LogAssemblyErrors (0ms)
				InitializePlatformSupportModulesInManaged (11ms)
				SetLoadedEditorAssemblies (1ms)
				RefreshPlugins (2ms)
				BeforeProcessingInitializeOnLoad (240ms)
				ProcessInitializeOnLoadAttributes (511ms)
				ProcessInitializeOnLoadMethodAttributes (74ms)
				AfterProcessingInitializeOnLoad (22ms)
				EditorAssembliesLoaded (1ms)
			ExecutionOrderSort2 (0ms)
			AwakeInstancesAfterBackupRestoration (12ms)
Platform modules already initialized, skipping
Switching build target platform(19) subTarget(0) extendedPlatform(0) -> platform(21) subTarget(0) extendedPlatform(0)
Refreshing native plugins compatible for Editor in 1.80 ms, found 2 plugins.
Preloading 0 native plugins for Editor in 0.00 ms.
Unloading 5250 Unused Serialized files (Serialized files now loaded: 0)
System memory in use before: 210.5 MB.
System memory in use after: 210.9 MB.

Unloading 67 unused Assets to reduce memory usage. Loaded Objects now: 5808.
Total: 11.510300 ms (FindLiveObjects: 0.564800 ms CreateObjectMapping: 0.510500 ms MarkObjects: 10.381600 ms  DeleteObjects: 0.051300 ms)

AssetImportParameters requested are different than current active one (requested -> active):
  custom:framework-win-MediaFoundation: 216162199b28c13a410421893ffa2e32 -> 
  custom:video-decoder-ogg-theora: a1e56fd34408186e4bbccfd4996cb3dc -> 
  custom:container-muxer-webm: aa71ff27fc2769a1b78a27578f13a17b -> 
  custom:container-demuxer-webm: 4f35f7cbe854078d1ac9338744f61a02 -> 
  custom:container-demuxer-ogg: 62fdf1f143b41e24485cea50d1cbac27 -> 
  custom:video-encoder-webm-vp8: eb34c28f22e8b96e1ab97ce403110664 -> 
  custom:video-decoder-webm-vp8: 9c59270c3fd7afecdb556c50c9e8de78 -> 
  custom:audio-decoder-ogg-vorbis: bf7c407c2cedff20999df2af8eb42d56 -> 
  custom:audio-encoder-webm-vorbis: bf7c407c2cedff20999df2af8eb42d56 -> 
========================================================================
Received Prepare
Registering precompiled user dll's ...
Registered in 0.031066 seconds.
Begin MonoManager ReloadAssembly
Native extension for WindowsStandalone target not found
Native extension for WebGL target not found
Refreshing native plugins compatible for Editor in 1.67 ms, found 2 plugins.
Preloading 0 native plugins for Editor in 0.00 ms.
System.NullReferenceException: Object reference not set to an instance of an object
  at Unity.Services.Core.Editor.PackageConfig..ctor (UnityEditor.PackageManager.PackageInfo packageInfo) [0x00000] in D:\Morga\Documents\ZombCube\Library\PackageCache\com.unity.services.core@1.1.0-pre.41\Editor\Core\Telemetry\PackageConfig.cs:15 
  at Unity.Services.Core.Editor.OperatePackageVersionConfigProvider.<FindAllOperatePackageInProject>g__GetPackageConfigFrom|7_0 (System.Type type) [0x0000b] in D:\Morga\Documents\ZombCube\Library\PackageCache\com.unity.services.core@1.1.0-pre.41\Editor\Core\Telemetry\OperatePackageVersionConfigProvider.cs:50 
  at (wrapper delegate-invoke) System.Func`2[System.Type,Unity.Services.Core.Editor.PackageConfig].invoke_TResult_T(System.Type)
  at System.Linq.Enumerable+SelectIListIterator`2[TSource,TResult].MoveNext () [0x00048] in <351e49e2a5bf4fd6beabb458ce2255f3>:0 
  at System.Linq.Set`1[TElement].UnionWith (System.Collections.Generic.IEnumerable`1[T] other) [0x00018] in <351e49e2a5bf4fd6beabb458ce2255f3>:0 
  at System.Linq.Enumerable+DistinctIterator`1[TSource].FillSet () [0x0000b] in <351e49e2a5bf4fd6beabb458ce2255f3>:0 
  at System.Linq.Enumerable+DistinctIterator`1[TSource].ToList () [0x00000] in <351e49e2a5bf4fd6beabb458ce2255f3>:0 
  at System.Linq.Enumerable.ToList[TSource] (System.Collections.Generic.IEnumerable`1[T] source) [0x0001f] in <351e49e2a5bf4fd6beabb458ce2255f3>:0 
  at Unity.Services.Core.Editor.OperatePackageVersionConfigProvider.FindAllOperatePackageInProject () [0x00000] in D:\Morga\Documents\ZombCube\Library\PackageCache\com.unity.services.core@1.1.0-pre.41\Editor\Core\Telemetry\OperatePackageVersionConfigProvider.cs:41 
  at Unity.Services.Core.Editor.OperatePackageVersionConfigProvider..cctor () [0x00000] in D:\Morga\Documents\ZombCube\Library\PackageCache\com.unity.services.core@1.1.0-pre.41\Editor\Core\Telemetry\OperatePackageVersionConfigProvider.cs:20 
UnityEngine.StackTraceUtility:ExtractStackTrace ()
UnityEngine.DebugLogHandler:LogFormat (UnityEngine.LogType,UnityEngine.Object,string,object[])
UnityEngine.Logger:Log (UnityEngine.LogType,object)
UnityEngine.Debug:LogError (object)
UnityEditor.EditorAssemblies:ProcessInitializeOnLoadAttributes (System.Type[])

System.Reflection.TargetInvocationException: Exception has been thrown by the target of an invocation. ---> System.Reflection.TargetInvocationException: Exception has been thrown by the target of an invocation. ---> System.TypeInitializationException: The type initializer for 'Unity.Services.Core.Editor.OperatePackageVersionConfigProvider' threw an exception. ---> System.NullReferenceException: Object reference not set to an instance of an object
  at Unity.Services.Core.Editor.PackageConfig..ctor (UnityEditor.PackageManager.PackageInfo packageInfo) [0x00000] in D:\Morga\Documents\ZombCube\Library\PackageCache\com.unity.services.core@1.1.0-pre.41\Editor\Core\Telemetry\PackageConfig.cs:15 
  at Unity.Services.Core.Editor.OperatePackageVersionConfigProvider.<FindAllOperatePackageInProject>g__GetPackageConfigFrom|7_0 (System.Type type) [0x0000b] in D:\Morga\Documents\ZombCube\Library\PackageCache\com.unity.services.core@1.1.0-pre.41\Editor\Core\Telemetry\OperatePackageVersionConfigProvider.cs:50 
  at (wrapper delegate-invoke) System.Func`2[System.Type,Unity.Services.Core.Editor.PackageConfig].invoke_TResult_T(System.Type)
  at System.Linq.Enumerable+SelectIListIterator`2[TSource,TResult].MoveNext () [0x00048] in <351e49e2a5bf4fd6beabb458ce2255f3>:0 
  at System.Linq.Set`1[TElement].UnionWith (System.Collections.Generic.IEnumerable`1[T] other) [0x00018] in <351e49e2a5bf4fd6beabb458ce2255f3>:0 
  at System.Linq.Enumerable+DistinctIterator`1[TSource].FillSet () [0x0000b] in <351e49e2a5bf4fd6beabb458ce2255f3>:0 
  at System.Linq.Enumerable+DistinctIterator`1[TSource].ToList () [0x00000] in <351e49e2a5bf4fd6beabb458ce2255f3>:0 
  at System.Linq.Enumerable.ToList[TSource] (System.Collections.Generic.IEnumerable`1[T] source) [0x0001f] in <351e49e2a5bf4fd6beabb458ce2255f3>:0 
  at Unity.Services.Core.Editor.OperatePackageVersionConfigProvider.FindAllOperatePackageInProject () [0x00000] in D:\Morga\Documents\ZombCube\Library\PackageCache\com.unity.services.core@1.1.0-pre.41\Editor\Core\Telemetry\OperatePackageVersionConfigProvider.cs:41 
  at Unity.Services.Core.Editor.OperatePackageVersionConfigProvider..cctor () [0x00000] in D:\Morga\Documents\ZombCube\Library\PackageCache\com.unity.services.core@1.1.0-pre.41\Editor\Core\Telemetry\OperatePackageVersionConfigProvider.cs:20 
   --- End of inner exception stack trace ---
  at (wrapper managed-to-native) System.Reflection.MonoCMethod.InternalInvoke(System.Reflection.MonoCMethod,object,object[],System.Exception&)
  at System.Reflection.MonoCMethod.InternalInvoke (System.Object obj, System.Object[] parameters) [0x00002] in <695d1cc93cca45069c528c15c9fdd749>:0 
   --- End of inner exception stack trace ---
  at System.Reflection.MonoCMethod.InternalInvoke (System.Object obj, System.Object[] parameters) [0x00014] in <695d1cc93cca45069c528c15c9fdd749>:0 
  at System.RuntimeType.CreateInstanceMono (System.Boolean nonPublic) [0x000a8] in <695d1cc93cca45069c528c15c9fdd749>:0 
  at System.RuntimeType.CreateInstanceSlow (System.Boolean publicOnly, System.Boolean skipCheckThis, System.Boolean fillCache, System.Threading.StackCrawlMark& stackMark) [0x00009] in <695d1cc93cca45069c528c15c9fdd749>:0 
  at System.RuntimeType.CreateInstanceDefaultCtor (System.Boolean publicOnly, System.Boolean skipCheckThis, System.Boolean fillCache, System.Threading.StackCrawlMark& stackMark) [0x00027] in <695d1cc93cca45069c528c15c9fdd749>:0 
  at System.Activator.CreateInstance (System.Type type, System.Boolean nonPublic) [0x00020] in <695d1cc93cca45069c528c15c9fdd749>:0 
  at System.Activator.CreateInstance (System.Type type) [0x00000] in <695d1cc93cca45069c528c15c9fdd749>:0 
  at Unity.Services.Core.Configuration.Editor.ProjectConfigurationBuilder+<>c.<GenerateOrderedConfigurationProviders>b__5_1 (System.Type type) [0x00000] in D:\Morga\Documents\ZombCube\Library\PackageCache\com.unity.services.core@1.1.0-pre.41\Editor\Core\Configuration\ProjectConfigurationBuilder.cs:46 
  at System.Linq.Enumerable+WhereSelectEnumerableIterator`2[TSource,TResult].ToArray () [0x0002b] in <351e49e2a5bf4fd6beabb458ce2255f3>:0 
  at System.Linq.Buffer`1[TElement]..ctor (System.Collections.Generic.IEnumerable`1[T] source) [0x0000a] in <351e49e2a5bf4fd6beabb458ce2255f3>:0 
  at System.Linq.OrderedEnumerable`1[TElement].ToArray () [0x00000] in <351e49e2a5bf4fd6beabb458ce2255f3>:0 
  at System.Linq.Enumerable.ToArray[TSource] (System.Collections.Generic.IEnumerable`1[T] source) [0x0001f] in <351e49e2a5bf4fd6beabb458ce2255f3>:0 
  at Unity.Services.Core.Configuration.Editor.ProjectConfigurationBuilder.GenerateOrderedConfigurationProviders () [0x00000] in D:\Morga\Documents\ZombCube\Library\PackageCache\com.unity.services.core@1.1.0-pre.41\Editor\Core\Configuration\ProjectConfigurationBuilder.cs:44 
  at Unity.Services.Core.Configuration.Editor.ProjectConfigurationBuilder.CreateEditorInstanceIfNone () [0x00008] in D:\Morga\Documents\ZombCube\Library\PackageCache\com.unity.services.core@1.1.0-pre.41\Editor\Core\Configuration\ProjectConfigurationBuilder.cs:38 
  at (wrapper managed-to-native) System.Reflection.MonoMethod.InternalInvoke(System.Reflection.MonoMethod,object,object[],System.Exception&)
  at System.Reflection.MonoMethod.Invoke (System.Object obj, System.Reflection.BindingFlags invokeAttr, System.Reflection.Binder binder, System.Object[] parameters, System.Globalization.CultureInfo culture) [0x00032] in <695d1cc93cca45069c528c15c9fdd749>:0 
   --- End of inner exception stack trace ---
  at System.Reflection.MonoMethod.Invoke (System.Object obj, System.Reflection.BindingFlags invokeAttr, System.Reflection.Binder binder, System.Object[] parameters, System.Globalization.CultureInfo culture) [0x00048] in <695d1cc93cca45069c528c15c9fdd749>:0 
  at System.Reflection.MethodBase.Invoke (System.Object obj, System.Object[] parameters) [0x00000] in <695d1cc93cca45069c528c15c9fdd749>:0 
  at UnityEditor.EditorAssemblies.ProcessInitializeOnLoadMethodAttributes () [0x00047] in <7ebb9dc74040436998557fc331a964ba>:0 
UnityEngine.StackTraceUtility:ExtractStackTrace ()
UnityEngine.DebugLogHandler:LogFormat (UnityEngine.LogType,UnityEngine.Object,string,object[])
UnityEngine.Logger:Log (UnityEngine.LogType,object)
UnityEngine.Debug:LogError (object)
UnityEditor.EditorAssemblies:ProcessInitializeOnLoadMethodAttributes ()

Mono: successfully reloaded assembly
- Completed reload, in  2.051 seconds
Domain Reload Profiling:
	ReloadAssembly (2051ms)
		BeginReloadAssembly (203ms)
			ExecutionOrderSort (0ms)
			DisableScriptedObjects (6ms)
			BackupInstance (0ms)
			ReleaseScriptingObjects (0ms)
			CreateAndSetChildDomain (51ms)
		EndReloadAssembly (1750ms)
			LoadAssemblies (234ms)
			RebuildTransferFunctionScriptingTraits (0ms)
			SetupTypeCache (456ms)
			ReleaseScriptCaches (2ms)
			RebuildScriptCaches (51ms)
			SetupLoadedEditorAssemblies (815ms)
				LogAssemblyErrors (0ms)
				InitializePlatformSupportModulesInManaged (6ms)
				SetLoadedEditorAssemblies (1ms)
				RefreshPlugins (2ms)
				BeforeProcessingInitializeOnLoad (202ms)
				ProcessInitializeOnLoadAttributes (522ms)
				ProcessInitializeOnLoadMethodAttributes (63ms)
				AfterProcessingInitializeOnLoad (19ms)
				EditorAssembliesLoaded (1ms)
			ExecutionOrderSort2 (0ms)
			AwakeInstancesAfterBackupRestoration (11ms)
Platform modules already initialized, skipping
Switching build target platform(19) subTarget(0) extendedPlatform(0) -> platform(21) subTarget(0) extendedPlatform(0)
Refreshing native plugins compatible for Editor in 1.40 ms, found 2 plugins.
Preloading 0 native plugins for Editor in 0.00 ms.
Unloading 5250 Unused Serialized files (Serialized files now loaded: 0)
System memory in use before: 210.5 MB.
System memory in use after: 211.0 MB.

Unloading 67 unused Assets to reduce memory usage. Loaded Objects now: 5811.
Total: 9.315800 ms (FindLiveObjects: 0.485900 ms CreateObjectMapping: 0.395300 ms MarkObjects: 8.382600 ms  DeleteObjects: 0.050200 ms)

AssetImportParameters requested are different than current active one (requested -> active):
  custom:framework-win-MediaFoundation: 216162199b28c13a410421893ffa2e32 -> 
  custom:video-decoder-ogg-theora: a1e56fd34408186e4bbccfd4996cb3dc -> 
  custom:container-muxer-webm: aa71ff27fc2769a1b78a27578f13a17b -> 
  custom:container-demuxer-webm: 4f35f7cbe854078d1ac9338744f61a02 -> 
  custom:container-demuxer-ogg: 62fdf1f143b41e24485cea50d1cbac27 -> 
  custom:video-encoder-webm-vp8: eb34c28f22e8b96e1ab97ce403110664 -> 
  custom:video-decoder-webm-vp8: 9c59270c3fd7afecdb556c50c9e8de78 -> 
  custom:audio-decoder-ogg-vorbis: bf7c407c2cedff20999df2af8eb42d56 -> 
  custom:audio-encoder-webm-vorbis: bf7c407c2cedff20999df2af8eb42d56 -> 
========================================================================
Received Prepare
Refreshing native plugins compatible for Editor in 41.77 ms, found 2 plugins.
Preloading 0 native plugins for Editor in 0.00 ms.
Unloading 65 Unused Serialized files (Serialized files now loaded: 0)
System memory in use before: 108.4 MB.
System memory in use after: 108.9 MB.

Unloading 65 unused Assets to reduce memory usage. Loaded Objects now: 5811.
Total: 10.688400 ms (FindLiveObjects: 0.553200 ms CreateObjectMapping: 0.580000 ms MarkObjects: 9.506700 ms  DeleteObjects: 0.046800 ms)

AssetImportParameters requested are different than current active one (requested -> active):
  custom:framework-win-MediaFoundation: 216162199b28c13a410421893ffa2e32 -> 
  custom:video-decoder-ogg-theora: a1e56fd34408186e4bbccfd4996cb3dc -> 
  custom:container-muxer-webm: aa71ff27fc2769a1b78a27578f13a17b -> 
  custom:container-demuxer-webm: 4f35f7cbe854078d1ac9338744f61a02 -> 
  custom:container-demuxer-ogg: 62fdf1f143b41e24485cea50d1cbac27 -> 
  custom:video-encoder-webm-vp8: eb34c28f22e8b96e1ab97ce403110664 -> 
  custom:video-decoder-webm-vp8: 9c59270c3fd7afecdb556c50c9e8de78 -> 
  custom:audio-decoder-ogg-vorbis: bf7c407c2cedff20999df2af8eb42d56 -> 
  custom:audio-encoder-webm-vorbis: bf7c407c2cedff20999df2af8eb42d56 -> 
========================================================================
Received Prepare
Registering precompiled user dll's ...
Registered in 0.026971 seconds.
Begin MonoManager ReloadAssembly
Native extension for WindowsStandalone target not found
Native extension for WebGL target not found
Refreshing native plugins compatible for Editor in 1.38 ms, found 2 plugins.
Preloading 0 native plugins for Editor in 0.00 ms.
System.NullReferenceException: Object reference not set to an instance of an object
  at Unity.Services.Core.Editor.PackageConfig..ctor (UnityEditor.PackageManager.PackageInfo packageInfo) [0x00000] in D:\Morga\Documents\ZombCube\Library\PackageCache\com.unity.services.core@1.1.0-pre.41\Editor\Core\Telemetry\PackageConfig.cs:15 
  at Unity.Services.Core.Editor.OperatePackageVersionConfigProvider.<FindAllOperatePackageInProject>g__GetPackageConfigFrom|7_0 (System.Type type) [0x0000b] in D:\Morga\Documents\ZombCube\Library\PackageCache\com.unity.services.core@1.1.0-pre.41\Editor\Core\Telemetry\OperatePackageVersionConfigProvider.cs:50 
  at (wrapper delegate-invoke) System.Func`2[System.Type,Unity.Services.Core.Editor.PackageConfig].invoke_TResult_T(System.Type)
  at System.Linq.Enumerable+SelectIListIterator`2[TSource,TResult].MoveNext () [0x00048] in <351e49e2a5bf4fd6beabb458ce2255f3>:0 
  at System.Linq.Set`1[TElement].UnionWith (System.Collections.Generic.IEnumerable`1[T] other) [0x00018] in <351e49e2a5bf4fd6beabb458ce2255f3>:0 
  at System.Linq.Enumerable+DistinctIterator`1[TSource].FillSet () [0x0000b] in <351e49e2a5bf4fd6beabb458ce2255f3>:0 
  at System.Linq.Enumerable+DistinctIterator`1[TSource].ToList () [0x00000] in <351e49e2a5bf4fd6beabb458ce2255f3>:0 
  at System.Linq.Enumerable.ToList[TSource] (System.Collections.Generic.IEnumerable`1[T] source) [0x0001f] in <351e49e2a5bf4fd6beabb458ce2255f3>:0 
  at Unity.Services.Core.Editor.OperatePackageVersionConfigProvider.FindAllOperatePackageInProject () [0x00000] in D:\Morga\Documents\ZombCube\Library\PackageCache\com.unity.services.core@1.1.0-pre.41\Editor\Core\Telemetry\OperatePackageVersionConfigProvider.cs:41 
  at Unity.Services.Core.Editor.OperatePackageVersionConfigProvider..cctor () [0x00000] in D:\Morga\Documents\ZombCube\Library\PackageCache\com.unity.services.core@1.1.0-pre.41\Editor\Core\Telemetry\OperatePackageVersionConfigProvider.cs:20 
UnityEngine.StackTraceUtility:ExtractStackTrace ()
UnityEngine.DebugLogHandler:LogFormat (UnityEngine.LogType,UnityEngine.Object,string,object[])
UnityEngine.Logger:Log (UnityEngine.LogType,object)
UnityEngine.Debug:LogError (object)
UnityEditor.EditorAssemblies:ProcessInitializeOnLoadAttributes (System.Type[])

System.Reflection.TargetInvocationException: Exception has been thrown by the target of an invocation. ---> System.Reflection.TargetInvocationException: Exception has been thrown by the target of an invocation. ---> System.TypeInitializationException: The type initializer for 'Unity.Services.Core.Editor.OperatePackageVersionConfigProvider' threw an exception. ---> System.NullReferenceException: Object reference not set to an instance of an object
  at Unity.Services.Core.Editor.PackageConfig..ctor (UnityEditor.PackageManager.PackageInfo packageInfo) [0x00000] in D:\Morga\Documents\ZombCube\Library\PackageCache\com.unity.services.core@1.1.0-pre.41\Editor\Core\Telemetry\PackageConfig.cs:15 
  at Unity.Services.Core.Editor.OperatePackageVersionConfigProvider.<FindAllOperatePackageInProject>g__GetPackageConfigFrom|7_0 (System.Type type) [0x0000b] in D:\Morga\Documents\ZombCube\Library\PackageCache\com.unity.services.core@1.1.0-pre.41\Editor\Core\Telemetry\OperatePackageVersionConfigProvider.cs:50 
  at (wrapper delegate-invoke) System.Func`2[System.Type,Unity.Services.Core.Editor.PackageConfig].invoke_TResult_T(System.Type)
  at System.Linq.Enumerable+SelectIListIterator`2[TSource,TResult].MoveNext () [0x00048] in <351e49e2a5bf4fd6beabb458ce2255f3>:0 
  at System.Linq.Set`1[TElement].UnionWith (System.Collections.Generic.IEnumerable`1[T] other) [0x00018] in <351e49e2a5bf4fd6beabb458ce2255f3>:0 
  at System.Linq.Enumerable+DistinctIterator`1[TSource].FillSet () [0x0000b] in <351e49e2a5bf4fd6beabb458ce2255f3>:0 
  at System.Linq.Enumerable+DistinctIterator`1[TSource].ToList () [0x00000] in <351e49e2a5bf4fd6beabb458ce2255f3>:0 
  at System.Linq.Enumerable.ToList[TSource] (System.Collections.Generic.IEnumerable`1[T] source) [0x0001f] in <351e49e2a5bf4fd6beabb458ce2255f3>:0 
  at Unity.Services.Core.Editor.OperatePackageVersionConfigProvider.FindAllOperatePackageInProject () [0x00000] in D:\Morga\Documents\ZombCube\Library\PackageCache\com.unity.services.core@1.1.0-pre.41\Editor\Core\Telemetry\OperatePackageVersionConfigProvider.cs:41 
  at Unity.Services.Core.Editor.OperatePackageVersionConfigProvider..cctor () [0x00000] in D:\Morga\Documents\ZombCube\Library\PackageCache\com.unity.services.core@1.1.0-pre.41\Editor\Core\Telemetry\OperatePackageVersionConfigProvider.cs:20 
   --- End of inner exception stack trace ---
  at (wrapper managed-to-native) System.Reflection.MonoCMethod.InternalInvoke(System.Reflection.MonoCMethod,object,object[],System.Exception&)
  at System.Reflection.MonoCMethod.InternalInvoke (System.Object obj, System.Object[] parameters) [0x00002] in <695d1cc93cca45069c528c15c9fdd749>:0 
   --- End of inner exception stack trace ---
  at System.Reflection.MonoCMethod.InternalInvoke (System.Object obj, System.Object[] parameters) [0x00014] in <695d1cc93cca45069c528c15c9fdd749>:0 
  at System.RuntimeType.CreateInstanceMono (System.Boolean nonPublic) [0x000a8] in <695d1cc93cca45069c528c15c9fdd749>:0 
  at System.RuntimeType.CreateInstanceSlow (System.Boolean publicOnly, System.Boolean skipCheckThis, System.Boolean fillCache, System.Threading.StackCrawlMark& stackMark) [0x00009] in <695d1cc93cca45069c528c15c9fdd749>:0 
  at System.RuntimeType.CreateInstanceDefaultCtor (System.Boolean publicOnly, System.Boolean skipCheckThis, System.Boolean fillCache, System.Threading.StackCrawlMark& stackMark) [0x00027] in <695d1cc93cca45069c528c15c9fdd749>:0 
  at System.Activator.CreateInstance (System.Type type, System.Boolean nonPublic) [0x00020] in <695d1cc93cca45069c528c15c9fdd749>:0 
  at System.Activator.CreateInstance (System.Type type) [0x00000] in <695d1cc93cca45069c528c15c9fdd749>:0 
  at Unity.Services.Core.Configuration.Editor.ProjectConfigurationBuilder+<>c.<GenerateOrderedConfigurationProviders>b__5_1 (System.Type type) [0x00000] in D:\Morga\Documents\ZombCube\Library\PackageCache\com.unity.services.core@1.1.0-pre.41\Editor\Core\Configuration\ProjectConfigurationBuilder.cs:46 
  at System.Linq.Enumerable+WhereSelectEnumerableIterator`2[TSource,TResult].ToArray () [0x0002b] in <351e49e2a5bf4fd6beabb458ce2255f3>:0 
  at System.Linq.Buffer`1[TElement]..ctor (System.Collections.Generic.IEnumerable`1[T] source) [0x0000a] in <351e49e2a5bf4fd6beabb458ce2255f3>:0 
  at System.Linq.OrderedEnumerable`1[TElement].ToArray () [0x00000] in <351e49e2a5bf4fd6beabb458ce2255f3>:0 
  at System.Linq.Enumerable.ToArray[TSource] (System.Collections.Generic.IEnumerable`1[T] source) [0x0001f] in <351e49e2a5bf4fd6beabb458ce2255f3>:0 
  at Unity.Services.Core.Configuration.Editor.ProjectConfigurationBuilder.GenerateOrderedConfigurationProviders () [0x00000] in D:\Morga\Documents\ZombCube\Library\PackageCache\com.unity.services.core@1.1.0-pre.41\Editor\Core\Configuration\ProjectConfigurationBuilder.cs:44 
  at Unity.Services.Core.Configuration.Editor.ProjectConfigurationBuilder.CreateEditorInstanceIfNone () [0x00008] in D:\Morga\Documents\ZombCube\Library\PackageCache\com.unity.services.core@1.1.0-pre.41\Editor\Core\Configuration\ProjectConfigurationBuilder.cs:38 
  at (wrapper managed-to-native) System.Reflection.MonoMethod.InternalInvoke(System.Reflection.MonoMethod,object,object[],System.Exception&)
  at System.Reflection.MonoMethod.Invoke (System.Object obj, System.Reflection.BindingFlags invokeAttr, System.Reflection.Binder binder, System.Object[] parameters, System.Globalization.CultureInfo culture) [0x00032] in <695d1cc93cca45069c528c15c9fdd749>:0 
   --- End of inner exception stack trace ---
  at System.Reflection.MonoMethod.Invoke (System.Object obj, System.Reflection.BindingFlags invokeAttr, System.Reflection.Binder binder, System.Object[] parameters, System.Globalization.CultureInfo culture) [0x00048] in <695d1cc93cca45069c528c15c9fdd749>:0 
  at System.Reflection.MethodBase.Invoke (System.Object obj, System.Object[] parameters) [0x00000] in <695d1cc93cca45069c528c15c9fdd749>:0 
  at UnityEditor.EditorAssemblies.ProcessInitializeOnLoadMethodAttributes () [0x00047] in <7ebb9dc74040436998557fc331a964ba>:0 
UnityEngine.StackTraceUtility:ExtractStackTrace ()
UnityEngine.DebugLogHandler:LogFormat (UnityEngine.LogType,UnityEngine.Object,string,object[])
UnityEngine.Logger:Log (UnityEngine.LogType,object)
UnityEngine.Debug:LogError (object)
UnityEditor.EditorAssemblies:ProcessInitializeOnLoadMethodAttributes ()

Mono: successfully reloaded assembly
- Completed reload, in  2.240 seconds
Domain Reload Profiling:
	ReloadAssembly (2241ms)
		BeginReloadAssembly (226ms)
			ExecutionOrderSort (0ms)
			DisableScriptedObjects (7ms)
			BackupInstance (0ms)
			ReleaseScriptingObjects (0ms)
			CreateAndSetChildDomain (57ms)
		EndReloadAssembly (1851ms)
			LoadAssemblies (248ms)
			RebuildTransferFunctionScriptingTraits (0ms)
			SetupTypeCache (485ms)
			ReleaseScriptCaches (3ms)
			RebuildScriptCaches (56ms)
			SetupLoadedEditorAssemblies (843ms)
				LogAssemblyErrors (0ms)
				InitializePlatformSupportModulesInManaged (7ms)
				SetLoadedEditorAssemblies (1ms)
				RefreshPlugins (1ms)
				BeforeProcessingInitializeOnLoad (217ms)
				ProcessInitializeOnLoadAttributes (528ms)
				ProcessInitializeOnLoadMethodAttributes (69ms)
				AfterProcessingInitializeOnLoad (20ms)
				EditorAssembliesLoaded (1ms)
			ExecutionOrderSort2 (0ms)
			AwakeInstancesAfterBackupRestoration (12ms)
Platform modules already initialized, skipping
Switching build target platform(19) subTarget(0) extendedPlatform(0) -> platform(21) subTarget(0) extendedPlatform(0)
Refreshing native plugins compatible for Editor in 2.38 ms, found 2 plugins.
Preloading 0 native plugins for Editor in 0.00 ms.
Unloading 5250 Unused Serialized files (Serialized files now loaded: 0)
System memory in use before: 210.3 MB.
System memory in use after: 210.8 MB.

Unloading 67 unused Assets to reduce memory usage. Loaded Objects now: 5814.
Total: 11.240300 ms (FindLiveObjects: 0.527900 ms CreateObjectMapping: 0.479100 ms MarkObjects: 10.171400 ms  DeleteObjects: 0.060000 ms)

AssetImportParameters requested are different than current active one (requested -> active):
  custom:framework-win-MediaFoundation: 216162199b28c13a410421893ffa2e32 -> 
  custom:video-decoder-ogg-theora: a1e56fd34408186e4bbccfd4996cb3dc -> 
  custom:container-muxer-webm: aa71ff27fc2769a1b78a27578f13a17b -> 
  custom:container-demuxer-webm: 4f35f7cbe854078d1ac9338744f61a02 -> 
  custom:container-demuxer-ogg: 62fdf1f143b41e24485cea50d1cbac27 -> 
  custom:video-encoder-webm-vp8: eb34c28f22e8b96e1ab97ce403110664 -> 
  custom:video-decoder-webm-vp8: 9c59270c3fd7afecdb556c50c9e8de78 -> 
  custom:audio-decoder-ogg-vorbis: bf7c407c2cedff20999df2af8eb42d56 -> 
  custom:audio-encoder-webm-vorbis: bf7c407c2cedff20999df2af8eb42d56 -> 
========================================================================
Received Prepare
Refreshing native plugins compatible for Editor in 35.65 ms, found 2 plugins.
Preloading 0 native plugins for Editor in 0.00 ms.
Unloading 65 Unused Serialized files (Serialized files now loaded: 0)
System memory in use before: 108.3 MB.
System memory in use after: 108.8 MB.

Unloading 65 unused Assets to reduce memory usage. Loaded Objects now: 5814.
Total: 10.040300 ms (FindLiveObjects: 0.515800 ms CreateObjectMapping: 0.492600 ms MarkObjects: 8.983000 ms  DeleteObjects: 0.047600 ms)

AssetImportParameters requested are different than current active one (requested -> active):
  custom:framework-win-MediaFoundation: 216162199b28c13a410421893ffa2e32 -> 
  custom:video-decoder-ogg-theora: a1e56fd34408186e4bbccfd4996cb3dc -> 
  custom:container-muxer-webm: aa71ff27fc2769a1b78a27578f13a17b -> 
  custom:container-demuxer-webm: 4f35f7cbe854078d1ac9338744f61a02 -> 
  custom:container-demuxer-ogg: 62fdf1f143b41e24485cea50d1cbac27 -> 
  custom:video-encoder-webm-vp8: eb34c28f22e8b96e1ab97ce403110664 -> 
  custom:video-decoder-webm-vp8: 9c59270c3fd7afecdb556c50c9e8de78 -> 
  custom:audio-decoder-ogg-vorbis: bf7c407c2cedff20999df2af8eb42d56 -> 
  custom:audio-encoder-webm-vorbis: bf7c407c2cedff20999df2af8eb42d56 -> 
AssetImportWorkerClient::OnTransportError - code=2 error=End of file
