Using pre-set license
Built from '2022.3/staging' branch; Version is '2022.3.32f1 (c8300dc0a3fa) revision 13119501'; Using compiler version '192829333'; Build Type 'Release'
OS: 'Windows 11  (10.0.22631) 64bit Core' Language: 'en' Physical Memory: 16237 MB
BatchMode: 1, IsHumanControllingUs: 0, StartBugReporterOnCrash: 0, Is64bit: 1, IsPro: 1

COMMAND LINE ARGUMENTS:
C:\Program Files\Unity\Hub\Editor\2022.3.32f1\Editor\Unity.exe
-adb2
-batchMode
-noUpm
-name
AssetImportWorker7
-projectPath
C:/Users/Morga/Documents/GitHub/ZombCube
-logFile
Logs/AssetImportWorker7.log
-srvPort
54594
Successfully changed project path to: C:/Users/Morga/Documents/GitHub/ZombCube
C:/Users/Morga/Documents/GitHub/ZombCube
[UnityMemory] Configuration Parameters - Can be set up in boot.config
    "memorysetup-bucket-allocator-granularity=16"
    "memorysetup-bucket-allocator-bucket-count=8"
    "memorysetup-bucket-allocator-block-size=33554432"
    "memorysetup-bucket-allocator-block-count=8"
    "memorysetup-main-allocator-block-size=16777216"
    "memorysetup-thread-allocator-block-size=16777216"
    "memorysetup-gfx-main-allocator-block-size=16777216"
    "memorysetup-gfx-thread-allocator-block-size=16777216"
    "memorysetup-cache-allocator-block-size=4194304"
    "memorysetup-typetree-allocator-block-size=2097152"
    "memorysetup-profiler-bucket-allocator-granularity=16"
    "memorysetup-profiler-bucket-allocator-bucket-count=8"
    "memorysetup-profiler-bucket-allocator-block-size=33554432"
    "memorysetup-profiler-bucket-allocator-block-count=8"
    "memorysetup-profiler-allocator-block-size=16777216"
    "memorysetup-profiler-editor-allocator-block-size=1048576"
    "memorysetup-temp-allocator-size-main=16777216"
    "memorysetup-job-temp-allocator-block-size=2097152"
    "memorysetup-job-temp-allocator-block-size-background=1048576"
    "memorysetup-job-temp-allocator-reduction-small-platforms=262144"
    "memorysetup-allocator-temp-initial-block-size-main=262144"
    "memorysetup-allocator-temp-initial-block-size-worker=262144"
    "memorysetup-temp-allocator-size-background-worker=32768"
    "memorysetup-temp-allocator-size-job-worker=262144"
    "memorysetup-temp-allocator-size-preload-manager=33554432"
    "memorysetup-temp-allocator-size-nav-mesh-worker=65536"
    "memorysetup-temp-allocator-size-audio-worker=65536"
    "memorysetup-temp-allocator-size-cloud-worker=32768"
    "memorysetup-temp-allocator-size-gi-baking-worker=262144"
    "memorysetup-temp-allocator-size-gfx=262144"
Player connection [33368] Host "[IP] 192.168.0.147 [Port] 0 [Flags] 2 [Guid] 388688556 [EditorId] 388688556 [Version] 1048832 [Id] WindowsEditor(7,MMPC6) [Debug] 1 [PackageName] WindowsEditor [ProjectName] Editor" joined multi-casting on [225.0.0.222:54997]...

Player connection [33368] Host "[IP] 192.168.0.147 [Port] 0 [Flags] 2 [Guid] 388688556 [EditorId] 388688556 [Version] 1048832 [Id] WindowsEditor(7,MMPC6) [Debug] 1 [PackageName] WindowsEditor [ProjectName] Editor" joined alternative multi-casting on [225.0.0.222:34997]...

[PhysX] Initialized MultithreadedTaskDispatcher with 24 workers.
Refreshing native plugins compatible for Editor in 19.76 ms, found 4 plugins.
Preloading 0 native plugins for Editor in 0.00 ms.
Initialize engine version: 2022.3.32f1 (c8300dc0a3fa)
[Subsystems] Discovering subsystems at path C:/Program Files/Unity/Hub/Editor/2022.3.32f1/Editor/Data/Resources/UnitySubsystems
[Subsystems] Discovering subsystems at path C:/Users/Morga/Documents/GitHub/ZombCube/Assets
GfxDevice: creating device client; threaded=0; jobified=0
Direct3D:
    Version:  Direct3D 11.0 [level 11.1]
    Renderer: NVIDIA GeForce RTX 4070 Ti (ID=0x2782)
    Vendor:   NVIDIA
    VRAM:     11996 MB
    Driver:   31.0.15.5186
Initialize mono
Mono path[0] = 'C:/Program Files/Unity/Hub/Editor/2022.3.32f1/Editor/Data/Managed'
Mono path[1] = 'C:/Program Files/Unity/Hub/Editor/2022.3.32f1/Editor/Data/MonoBleedingEdge/lib/mono/unityjit-win32'
Mono config path = 'C:/Program Files/Unity/Hub/Editor/2022.3.32f1/Editor/Data/MonoBleedingEdge/etc'
Using monoOptions --debugger-agent=transport=dt_socket,embedding=1,server=y,suspend=n,address=127.0.0.1:56516
Begin MonoManager ReloadAssembly
Registering precompiled unity dll's ...
Register platform support module: C:/Program Files/Unity/Hub/Editor/2022.3.32f1/Editor/Data/PlaybackEngines/WebGLSupport/UnityEditor.WebGL.Extensions.dll
Register platform support module: C:/Program Files/Unity/Hub/Editor/2022.3.32f1/Editor/Data/PlaybackEngines/AndroidPlayer/UnityEditor.Android.Extensions.dll
Register platform support module: C:/Program Files/Unity/Hub/Editor/2022.3.32f1/Editor/Data/PlaybackEngines/WindowsStandaloneSupport/UnityEditor.WindowsStandalone.Extensions.dll
Register platform support module: C:/Program Files/Unity/Hub/Editor/2022.3.32f1/Editor/Data/PlaybackEngines/MetroSupport/UnityEditor.UWP.Extensions.dll
Register platform support module: C:/Program Files/Unity/Hub/Editor/2022.3.32f1/Editor/Data/PlaybackEngines/PS5Player/UnityEditor.PS5.Extensions.dll
Registered in 0.008173 seconds.
- Loaded All Assemblies, in  0.235 seconds
Native extension for UWP target not found
Native extension for WindowsStandalone target not found
Native extension for Android target not found
Android Extension - Scanning For ADB Devices 175 ms
Native extension for WebGL target not found
Mono: successfully reloaded assembly
- Finished resetting the current domain, in  0.391 seconds
Domain Reload Profiling: 625ms
	BeginReloadAssembly (69ms)
		ExecutionOrderSort (0ms)
		DisableScriptedObjects (0ms)
		BackupInstance (0ms)
		ReleaseScriptingObjects (0ms)
		CreateAndSetChildDomain (0ms)
	RebuildCommonClasses (21ms)
	RebuildNativeTypeToScriptingClass (6ms)
	initialDomainReloadingComplete (39ms)
	LoadAllAssembliesAndSetupDomain (98ms)
		LoadAssemblies (68ms)
		RebuildTransferFunctionScriptingTraits (0ms)
		AnalyzeDomain (96ms)
			TypeCache.Refresh (94ms)
				TypeCache.ScanAssembly (86ms)
			ScanForSourceGeneratedMonoScriptInfo (0ms)
			ResolveRequiredComponents (0ms)
	FinalizeReload (391ms)
		ReleaseScriptCaches (0ms)
		RebuildScriptCaches (0ms)
		SetupLoadedEditorAssemblies (354ms)
			LogAssemblyErrors (0ms)
			InitializePlatformSupportModulesInManaged (258ms)
			SetLoadedEditorAssemblies (2ms)
			RefreshPlugins (0ms)
			BeforeProcessingInitializeOnLoad (1ms)
			ProcessInitializeOnLoadAttributes (65ms)
			ProcessInitializeOnLoadMethodAttributes (28ms)
			AfterProcessingInitializeOnLoad (0ms)
			EditorAssembliesLoaded (0ms)
		ExecutionOrderSort2 (0ms)
		AwakeInstancesAfterBackupRestoration (0ms)
========================================================================
Worker process is ready to serve import requests
Begin MonoManager ReloadAssembly
Duplicate assembly 'websocket-sharp.dll' with different versions detected, using 'Assets/Photon/PhotonLibs/WebSocket/websocket-sharp.dll, AssemblyName=websocket-sharp, Version=1.0.2.59611, Culture=neutral, PublicKeyToken=5660b08a1845a91e' and ignoring 'Packages/com.unity.services.wire/Plugins/websocket-sharp.dll, AssemblyName=websocket-sharp, Version=1.0.2.18559, Culture=neutral, PublicKeyToken=5660b08a1845a91e'.Assembly 'Assets/ExternalDependencyManager/Editor/1.2.167/Google.IOSResolver.dll' will not be loaded due to errors:
Unable to resolve reference 'UnityEditor.iOS.Extensions.Xcode'. Is the assembly missing or incompatible with the current platform?
Reference validation can be disabled in the Plugin Inspector.
Symbol file LoadedFromMemory is not a mono symbol file
- Loaded All Assemblies, in  0.476 seconds
Refreshing native plugins compatible for Editor in 12.30 ms, found 4 plugins.
Native extension for UWP target not found
Native extension for WindowsStandalone target not found
Native extension for Android target not found
Native extension for WebGL target not found
Mono: successfully reloaded assembly
- Finished resetting the current domain, in  0.453 seconds
Domain Reload Profiling: 925ms
	BeginReloadAssembly (94ms)
		ExecutionOrderSort (0ms)
		DisableScriptedObjects (3ms)
		BackupInstance (0ms)
		ReleaseScriptingObjects (0ms)
		CreateAndSetChildDomain (13ms)
	RebuildCommonClasses (20ms)
	RebuildNativeTypeToScriptingClass (6ms)
	initialDomainReloadingComplete (39ms)
	LoadAllAssembliesAndSetupDomain (314ms)
		LoadAssemblies (248ms)
		RebuildTransferFunctionScriptingTraits (0ms)
		AnalyzeDomain (118ms)
			TypeCache.Refresh (86ms)
				TypeCache.ScanAssembly (73ms)
			ScanForSourceGeneratedMonoScriptInfo (24ms)
			ResolveRequiredComponents (7ms)
	FinalizeReload (453ms)
		ReleaseScriptCaches (0ms)
		RebuildScriptCaches (0ms)
		SetupLoadedEditorAssemblies (342ms)
			LogAssemblyErrors (0ms)
			InitializePlatformSupportModulesInManaged (16ms)
			SetLoadedEditorAssemblies (4ms)
			RefreshPlugins (0ms)
			BeforeProcessingInitializeOnLoad (67ms)
			ProcessInitializeOnLoadAttributes (138ms)
			ProcessInitializeOnLoadMethodAttributes (113ms)
			AfterProcessingInitializeOnLoad (4ms)
			EditorAssembliesLoaded (0ms)
		ExecutionOrderSort2 (0ms)
		AwakeInstancesAfterBackupRestoration (3ms)
Launched and connected shader compiler UnityShaderCompiler.exe after 0.02 seconds
Refreshing native plugins compatible for Editor in 10.68 ms, found 4 plugins.
Preloading 0 native plugins for Editor in 0.00 ms.
Unloading 7186 Unused Serialized files (Serialized files now loaded: 0)
Unloading 183 unused Assets / (452.2 KB). Loaded Objects now: 7577.
Memory consumption went from 279.7 MB to 279.2 MB.
Total: 4.347000 ms (FindLiveObjects: 0.269200 ms CreateObjectMapping: 0.076000 ms MarkObjects: 3.756900 ms  DeleteObjects: 0.244300 ms)

AssetImportParameters requested are different than current active one (requested -> active):
  custom:scripting/monoscript/fileName/AndroidLogcatVideoPlayer.cs: 64f32a213ea70852b5fffaa68b0a9425 -> 138f779bba37f053ae0ce30a60592fd3
  custom:scripting/monoscript/fileName/AndroidLogcatTaskResult.cs: 02f922f6788701b6857b35e68a4c2545 -> bbe8f3e47789974a3230748544655998
  custom:scripting/monoscript/fileName/TestsCallback.cs: 6648df980912e96eaae5c39374242936 -> 420027d2a6ccaf7376f849b0f965edcd
  custom:scripting/monoscript/fileName/ProjectPart.cs: fa153b81a1be75d157e4b8a3e4771fc2 -> e09789f5d21ec839c23f3a2c8c340a5a
  custom:scripting/monoscript/fileName/SolutionGuidGenerator.cs: fff5e43ac88ff72f14745857eb692caa -> 39a21c4f5e351b9b4a2916e800641a4a
  custom:scripting/monoscript/fileName/AndroidLogcatStyles.cs: 04ec3fff08fd523ca3f964fcfe43e15d -> 328901f7ff882ee0a8ba487644476bca
  custom:scripting/monoscript/fileName/AndroidLogcatProjectSettingsProvider.cs: e533fada96fe4f84923b37a2905a2969 -> 47e177b5b5659baeb4aabb6539781f33
  custom:container-demuxer-ogg: 62fdf1f143b41e24485cea50d1cbac27 -> 
  custom:scripting/monoscript/fileName/AndroidLogcatDeviceQuery.cs: 089420218261e531bbc84edf0b8634a6 -> 6f7671e49fb6d170e12421ae09b32274
  custom:scripting/monoscript/fileName/AndroidLogcatBuildInfo.cs: 3e80469b02992f102006708fdc5b45a4 -> d36174e1bb8933885ddb0c944c18c40e
  custom:scripting/monoscript/fileName/AndroidLogcatDeviceSelection.cs: ca7529e0852a89cc4e21ee002c3b1cbc -> 9989bfa3f83e5b91c903cac5870d2f78
  custom:scripting/monoscript/fileName/AndroidLogcatSendTrimMemoryUsage.cs: 72622004c306f521f76f91b17419eab7 -> 
  custom:scripting/monoscript/fileName/Splitter.cs: c40f5897a879aa5052c758f27af8a059 -> e2c62ef122c5403befbf9a5670e486bb
  custom:video-codec-MediaFoundation-h265: 746d11721c4dcdbdad8f713fa42b33f4 -> 
  custom:scripting/monoscript/fileName/AndroidLogcatEntry.cs: a51f71d96eb46b97cab96118391dbdfa -> d39af3a88a80167ecb3a0f1fb87c0065
  custom:video-decoder-ogg-theora: a1e56fd34408186e4bbccfd4996cb3dc -> 
  custom:scripting/monoscript/fileName/CommandLineParser.cs: a5ce035a20fc026f12db6b796b898d65 -> 25c8ce1c1ecf3aba3903da1187b88166
  custom:scripting/monoscript/fileName/AndroidLogcatManager.cs: 36df967381236737e33e00c15b54c89f -> 7d4535f16b64fb7fe8f2ef42fe786fe5
  custom:scripting/monoscript/fileName/RiderScriptEditor.cs: 4a0f526f1b31c7d9c331714a284a6791 -> 4ddd2581343451de6f696adaf8c0958f
  custom:scripting/monoscript/fileName/AndroidLogcatInternalLog.cs: e693436e637a80bb89eead146e7c6512 -> b8cdf7bcecf8b820e1d422fc82bba241
  custom:scripting/monoscript/fileName/AndroidLogcatInputs.cs: 94fcf05d4afbbdd6e708df8a55528026 -> 5a808ac8ecb3f535fd580f7629cfe853
  custom:scripting/monoscript/fileName/AndroidLogcatConnectToDeviceTask.cs: abb027da3fa0b081b38805b3ae1184f7 -> 638f284c771507871ab93d76e09b4a42
  custom:framework-win-MediaFoundation: 216162199b28c13a410421893ffa2e32 -> 
  custom:scripting/monoscript/fileName/LastWriteTracker.cs: e117305b6c922c0adb79679b01fac2c8 -> c78bd5b4fa28ac60ca7ed50f9c2b99d2
  custom:scripting/monoscript/fileName/AndroidLogcatDispatcher.cs: ffefb6e516621baeb83d569f786bb29e -> beae000db8002b4c9843a72f1b230077
  custom:scripting/monoscript/fileName/AndroidLogcatSettings.cs: df54344e2b6f909c215f365253a8b9d6 -> cb8687d84dc7b88fa5776756f56dc883
  custom:scripting/monoscript/fileName/AndroidLogcat.cs: 40b204debd66b51407f0a80ea84f40ff -> 205526712178aefb12d837d60441451a
  custom:scripting/monoscript/fileName/RiderStyles.cs: cd129c7ac3790ffa53f73149c91a781a -> 871a958d95b29e48af876a5d411c626a
  custom:scripting/monoscript/fileName/AndroidLogcatMessageProvider.cs: 9f73086cb7d69fe213f63f5316916f83 -> eb7bb399efd1fff1eb6f711561b5ce67
  custom:scripting/monoscript/fileName/AndroidLogcatCaptureVideo.cs: 1edd3e1a0e50380c8b8bbfc2dcff3872 -> c23788ed448acababfbb2285cc592e1a
  custom:scripting/monoscript/fileName/AndroidTools.cs: 7d4b1001a9c873c1ad2f5f476b0577ed -> 214b4cb092ffede0be163f7cfe8361ac
  custom:scripting/monoscript/fileName/RiderInitializer.cs: 68ef77945a5c56741cb9a0219dfe7657 -> d44ce07d40dcd4d066b6c1c8d08f3519
  custom:scripting/monoscript/fileName/AndroidLogcatContextMenu.cs: a53f96815da50de15010b1c479bc70cf -> 0cdf409b5aa8d4c25876d72b5c6a3b60
  custom:scripting/monoscript/fileName/TestEvent.cs: 600966b5c87333333e8aa4555a03efa6 -> ff94f6973aa3f0db280f3ed0b7577e48
  custom:scripting/monoscript/fileName/IFileIO.cs: f591b2fd0e7a5b3d1b89896fce5380e7 -> d1715877724f6e7813b95bae6fbc24d5
  custom:scripting/monoscript/fileName/ProjectGeneration.cs: 6a1cff937ba48d4507adb893269bdb3d -> 5d892aecaaa9b5c9f4162e2ae2b374ef
  custom:scripting/monoscript/fileName/RiderPathUtil.cs: b3d293b09b57cc7b91d500a8b861ad70 -> a77167e74e3a3d01856e2c8265c09e64
  custom:CustomObjectIndexerAttribute: 72b91833f83ae208fae7752999fa3104 -> 
  custom:scripting/monoscript/fileName/AndroidLogcatReordableListWithReset.cs: abe5d3682d98d7b597cf493f19d90ec2 -> b2ed22ba09750f598db10987b420086e
  custom:scripting/monoscript/fileName/AndroidLogcatCaptureScreenshot.cs: 93eb61411cd7fadbadf9e4139e5e52e5 -> 3ae68faf67d6f507a08fc742d6728501
  custom:container-demuxer-webm: 4f35f7cbe854078d1ac9338744f61a02 -> 
  custom:scripting/monoscript/fileName/SyncTestRunCallback.cs: 6109fbb45740725119ed9609ae2cb6ab -> 0f406f4b09f3b7bd1bfd8f867df2e978
  custom:scripting/monoscript/fileName/CallbackInitializer.cs: d227e453fc55ff33477a0f8f90826257 -> b6cad195ed4890ee7aed8c4de2807157
  custom:scripting/monoscript/fileName/AndroidLogcatColumnData.cs: 8dd1f35f3b07d077f145a3b7cbfdf6c1 -> 63fdeefc8412eb62a759e3e450e3cb07
  custom:scripting/monoscript/fileName/AndroidLogcatFastListView.cs: 874c9f3e72a54fdb066dc3538d34f127 -> 
  custom:scripting/monoscript/fileName/SyncTestRunEventsHandler.cs: a9e2807330a6f2c36d667ee1a2c4f414 -> 9ebe337aca2d71ac02fccc5c886e0668
  custom:scripting/monoscript/fileName/AndroidLogcatMemoryViewer.cs: 8e87f08d7f562ad0393fb2b64655fa34 -> d1b48d05cc68b5cabad5b8760e23fc2d
  custom:scripting/monoscript/fileName/StringUtils.cs: cd553e77d1122a9b1572dc41482ec6fa -> e49393bed9b27f8092372b1c93fd8ad8
  custom:scripting/monoscript/fileName/AndroidLogcatSessionSettings.cs: 646507e30c255f1bc5a1945e35e5bc1c -> 
  custom:scripting/monoscript/fileName/StringBuilderExtensions.cs: 2b127956e5840d9252dd1e86c60a3e9a -> 9c3fe87dfb0e6e574f80d909898312d9
  custom:scripting/monoscript/fileName/AndroidLogcatTagInformation.cs: 38c3999cec577ff8fe687709428dca5e -> a627b0c35fc6403a9b031d191707e16b
  custom:scripting/monoscript/fileName/IGenerator.cs: e53c624814a84a932e0860f584f7deb9 -> 7460422a7cf0a449df86606b185ffb0e
  custom:scripting/monoscript/fileName/IAssemblyNameProvider.cs: de79d586ca221e8ac344be669ec25f7e -> 005dc9d9c07dc825fea94e0fbc841e20
  custom:scripting/monoscript/fileName/GUIDProvider.cs: 27f6b36734be7c6510b3f0cc4a697fc7 -> cdd3f47e4fe593d2dfdf9915fa537e3f
  custom:scripting/monoscript/fileName/AndroidLogcatMessagesViews.cs: 34c6ff9cf0aa0d720e612550af5c5d26 -> 849ed7f5b11c9db237ef61b01c5a5104
  custom:container-muxer-webm: aa71ff27fc2769a1b78a27578f13a17b -> 
  custom:scripting/monoscript/fileName/IGUIDGenerator.cs: 153317bb7bf55f081a729ef02e3a13bd -> bad2c2e3b2dbec33c36bdfd6fc903e19
  custom:scripting/monoscript/fileName/BulletPool.cs: db00bfd48ef671ec4d643dcd1887ff78 -> 
  custom:video-decoder-webm-vp8: 9c59270c3fd7afecdb556c50c9e8de78 -> 
  custom:scripting/monoscript/fileName/RiderAssetPostprocessor.cs: e6ad4f374cd20986773f123ef82b628b -> e95044eb94149eee30f5192e36c02104
  custom:scripting/monoscript/fileName/AndroidLogcatProcessInformation.cs: b9fecd988ff53630379fd8a2001dc179 -> b5f6f66fc271774e95892a96719b60e7
  custom:scripting/monoscript/fileName/SerializableVersion.cs: 37d1dc623e9e336a7d92f02239a5eea0 -> 66cf30c0372dc35aea960f71af56ff8a
  custom:SearchIndexIgnoredProperties: e643bd26f0fe6173181afceb89e7c659 -> 
  custom:AudioImporter_EditorPlatform: d09bf68614088b80899f8185d706f6e7 -> 
  custom:scripting/monoscript/fileName/RiderMenu.cs: 2f14cf7eed9a2ad63962ab0ec2641b7b -> a430c0ff873704a92fbd3fa96f173c8d
  custom:scripting/monoscript/fileName/AndroidMemoryStatistics.cs: 2ce9cbcf39f824d1761dfcbeeb8f66d7 -> c8dd6364e4cc927fb91711356726b32b
  custom:scripting/monoscript/fileName/AndroidLogcatUtilities.cs: cf520f39e335eb4c1fefa1cc109c3921 -> 1500ae31fd86aca5e0f2a28b63874e7e
  custom:scripting/monoscript/fileName/AndroidLogcatRuntime.cs: 4afdae209d6cdaa6276fabc580530a4d -> c23ad602947592af8383d00a30ba13c2
  custom:scripting/monoscript/fileName/AndroidLogcatExtraWindow.cs: 500ee3b02b80feb8dabdfebb09a3e908 -> d269ad1a2018b11553732e9b38bef9d4
  custom:scripting/monoscript/fileName/Discovery.cs: 8029393f215a21f61e4b017c92f6b3d9 -> 2b1006b9be47307c73378eaafc98b6fb
  custom:scripting/monoscript/fileName/AndroidLogcatSymbolList.cs: 8edd0127280a188d527ee5c600da0490 -> 97f0a553cf445667718f6c906fcaa6e7
  custom:scripting/monoscript/fileName/FileIOProvider.cs: cd91aaa86c461e807d984ea50a1f782b -> 304525d180d2b661ce338fc8a3225752
  custom:scripting/monoscript/fileName/AndroidLogcatScreenCaptureWindow.cs: 8e541a96a5cd17d5297a43c234622030 -> 1d01a673efb48aff75b82bdba75c4246
  custom:scripting/monoscript/fileName/FileSystemUtil.cs: 6856b263874916a35e9cabf0faa6bad8 -> 3a1d37ca0015bdfbd542c903cf738043
  custom:scripting/monoscript/fileName/AndroidLogcatFilterOptions.cs: b4ed8d4d415d010cb2e97a1b66b78aa9 -> 846e2d532fdf85532ac76dbbe21d0159
  custom:scripting/monoscript/fileName/AndroidLogcatUserSettings.cs: 61bc5ca476ec5a6d7dcd4ef78d4d4025 -> 347054011bf0efc1d94a401c3d75fc79
  custom:scripting/monoscript/fileName/AndroidLogcatDevice.cs: c2670e749f385a816b428b8d8582d77e -> 639f84b5b6912bbf895cacbef81b7b3f
  custom:scripting/monoscript/fileName/ProjectileBlastParent.cs: 9979a859d2d7bec494703be12eb25e12 -> 
  custom:scripting/monoscript/fileName/StartUpMethodExecutor.cs: ecce11359b7760342ad14bc80bad2220 -> 45cc23141d36926881d69e4d2f8950c7
  custom:scripting/monoscript/fileName/AndroidLogcatStacktraceWindow.cs: c15a8d0851adf331b87ce01804aa66fe -> e8f4429bfa09e08561dbd128c57f41fd
  custom:video-encoder-webm-vp8: eb34c28f22e8b96e1ab97ce403110664 -> 
  custom:scripting/monoscript/fileName/AndroidBridge.cs: 884c62dada1fdc7ba377751e9aeca71e -> 6a91051db088a471ed986454436f2041
  custom:scripting/monoscript/fileName/AndroidLogcatReordableList.cs: 32627e55e1017bd14632c16e0ba1325d -> eb634ff4e1fba63b75a082b41c1cd75f
  custom:audio-decoder-ogg-vorbis: bf7c407c2cedff20999df2af8eb42d56 -> 
  custom:scripting/monoscript/fileName/PackageManagerTracker.cs: 6b4f549427cfb6e5a3495618f2118a44 -> 651bbc6653e509037fd83f80aa48fad7
  custom:scripting/monoscript/fileName/RiderScriptEditorDataPersisted.cs: 86b94c4c59f51e667ab7e1f2d997c184 -> 93e7c36b8be60b7055550adb6ace534f
  custom:scripting/monoscript/fileName/AssemblyNameProvider.cs: 3f6d31526fee168fdd424ef9cb4d7d60 -> 170b0fd934f78f2e6a09342014bfa1fc
  custom:scripting/monoscript/fileName/AndroidLogcatIPWindow.cs: 57866a2bad27db5ff407873e5a41c36a -> a02671136fc3a3988fa841ab10e8dfc6
  custom:scripting/monoscript/fileName/EditorPluginInterop.cs: 1a28103090f24bb43afd0997a69f9b48 -> 087796556f1ed2025e28209e52d82ccc
  custom:scripting/monoscript/fileName/AndroidLogcatCallbacks.cs: 37c5b7eb189a875508dd3e9cdc4bd73f -> f595ad8ec0517767a0e2865f51462d67
  custom:scripting/monoscript/fileName/RiderScriptEditorData.cs: ac763da56c18afcbbc99b7cf67651110 -> fb9aed0c9d95878995d450a00d549f78
  custom:scripting/monoscript/fileName/RiderTestRunner.cs: a09449e7603772ef60589c92d46be0c3 -> b9ea3ff0565ae2955ea8f15dd6e578d4
  custom:scripting/monoscript/fileName/AndroidLogcatSettingsProvider.cs: 982935ba34c9d2a93a49c47ab7d67a9a -> d003d16e9b268af6fb231c20780fd686
  custom:audio-encoder-webm-vorbis: bf7c407c2cedff20999df2af8eb42d56 -> 
  custom:scripting/monoscript/fileName/Paths.cs: e4bc0d8b7fecc2bbdc4534a26b28f253 -> f07d7c71ab2237634291133cb4a6191b
  custom:scripting/monoscript/fileName/AndroidLogcatTaskInput.cs: d4284ed8d0a2c1cb15342e82189204bf -> 991a74fe3e79b5af5cabd7b947bba382
  custom:scripting/monoscript/fileName/AndroidLogcatStatusBar.cs: f5006dcf5139ff3029715c69907202ac -> 7fbbcdd95b9ebefd0680bbce3a787931
  custom:scripting/monoscript/fileName/PluginSettings.cs: 727424108b6598a2387dd87fa5ed687f -> 4ee82f9c59f87f1dece05e6b9763c365
  custom:scripting/monoscript/fileName/AndroidLogcatTags.cs: 3237a4fa4f7a361b53a58324ed86091b -> 3c14027d9d0ad38a2b377872551d9b6d
  custom:scripting/monoscript/fileName/LibcNativeInterop.cs: c73f097a3ef89ebf41e7633fc6e71aff -> 77c1db6bef2e1063dc874463b520ed18
  custom:scripting/monoscript/fileName/CallbackData.cs: 244f50edb9a06e595eeca45abc022db5 -> b15b13425eedd78fb5c4fc4930a9e8b4
  custom:scripting/monoscript/fileName/AndroidLogcatActivityManager.cs: dffa3c9afcb20f5aa140cf4969503772 -> 
  custom:scripting/monoscript/fileName/Shell.cs: 55aa35c7347bcdd9bf60b882c4a91162 -> d6673e1ce2be2c2665d6f69fcf67ab6f
========================================================================
Received Import Request.
  Time since last request: 53552.547531 seconds.
  path: Assets/Sci-Fi Texture Pack 1/Materials/Texture_3 4.mat
  artifactKey: Guid(dd95b525d12527441a8fb6d0696186c8) Importer(815301076,1909f56bfc062723c751e8b465ee728b)
Start importing Assets/Sci-Fi Texture Pack 1/Materials/Texture_3 4.mat using Guid(dd95b525d12527441a8fb6d0696186c8) Importer(815301076,1909f56bfc062723c751e8b465ee728b) [PhysX] Initialized MultithreadedTaskDispatcher with 24 workers.
[PhysX] Initialized MultithreadedTaskDispatcher with 24 workers.
 -> (artifact id: '9f54abf08c557d432e2a2273f7a0de2d') in 0.189310 seconds
Number of updated asset objects reloaded before import = 0
Number of asset objects unloaded after import = 6
========================================================================
Received Prepare
Begin MonoManager ReloadAssembly
Duplicate assembly 'websocket-sharp.dll' with different versions detected, using 'Assets/Photon/PhotonLibs/WebSocket/websocket-sharp.dll, AssemblyName=websocket-sharp, Version=1.0.2.59611, Culture=neutral, PublicKeyToken=5660b08a1845a91e' and ignoring 'Packages/com.unity.services.wire/Plugins/websocket-sharp.dll, AssemblyName=websocket-sharp, Version=1.0.2.18559, Culture=neutral, PublicKeyToken=5660b08a1845a91e'.Assembly 'Assets/ExternalDependencyManager/Editor/1.2.167/Google.IOSResolver.dll' will not be loaded due to errors:
Unable to resolve reference 'UnityEditor.iOS.Extensions.Xcode'. Is the assembly missing or incompatible with the current platform?
Reference validation can be disabled in the Plugin Inspector.
Symbol file LoadedFromMemory is not a mono symbol file
- Loaded All Assemblies, in  0.363 seconds
Refreshing native plugins compatible for Editor in 13.13 ms, found 4 plugins.
Native extension for UWP target not found
Native extension for WindowsStandalone target not found
Native extension for Android target not found
Native extension for WebGL target not found
Mono: successfully reloaded assembly
- Finished resetting the current domain, in  0.698 seconds
Domain Reload Profiling: 1058ms
	BeginReloadAssembly (117ms)
		ExecutionOrderSort (0ms)
		DisableScriptedObjects (6ms)
		BackupInstance (0ms)
		ReleaseScriptingObjects (0ms)
		CreateAndSetChildDomain (27ms)
	RebuildCommonClasses (17ms)
	RebuildNativeTypeToScriptingClass (6ms)
	initialDomainReloadingComplete (31ms)
	LoadAllAssembliesAndSetupDomain (189ms)
		LoadAssemblies (228ms)
		RebuildTransferFunctionScriptingTraits (0ms)
		AnalyzeDomain (13ms)
			TypeCache.Refresh (4ms)
				TypeCache.ScanAssembly (0ms)
			ScanForSourceGeneratedMonoScriptInfo (0ms)
			ResolveRequiredComponents (7ms)
	FinalizeReload (699ms)
		ReleaseScriptCaches (0ms)
		RebuildScriptCaches (0ms)
		SetupLoadedEditorAssemblies (321ms)
			LogAssemblyErrors (0ms)
			InitializePlatformSupportModulesInManaged (16ms)
			SetLoadedEditorAssemblies (3ms)
			RefreshPlugins (0ms)
			BeforeProcessingInitializeOnLoad (66ms)
			ProcessInitializeOnLoadAttributes (122ms)
			ProcessInitializeOnLoadMethodAttributes (110ms)
			AfterProcessingInitializeOnLoad (4ms)
			EditorAssembliesLoaded (0ms)
		ExecutionOrderSort2 (0ms)
		AwakeInstancesAfterBackupRestoration (10ms)
Refreshing native plugins compatible for Editor in 12.03 ms, found 4 plugins.
Preloading 0 native plugins for Editor in 0.00 ms.
Unloading 6989 Unused Serialized files (Serialized files now loaded: 0)
Unloading 143 unused Assets / (430.5 KB). Loaded Objects now: 7661.
Memory consumption went from 242.7 MB to 242.3 MB.
Total: 5.349800 ms (FindLiveObjects: 0.561600 ms CreateObjectMapping: 0.282900 ms MarkObjects: 4.298600 ms  DeleteObjects: 0.205600 ms)

Prepare: number of updated asset objects reloaded= 0
AssetImportParameters requested are different than current active one (requested -> active):
  custom:scripting/monoscript/fileName/AndroidLogcatVideoPlayer.cs: 64f32a213ea70852b5fffaa68b0a9425 -> 138f779bba37f053ae0ce30a60592fd3
  custom:scripting/monoscript/fileName/AndroidLogcatTaskResult.cs: 02f922f6788701b6857b35e68a4c2545 -> bbe8f3e47789974a3230748544655998
  custom:scripting/monoscript/fileName/TestsCallback.cs: 6648df980912e96eaae5c39374242936 -> 420027d2a6ccaf7376f849b0f965edcd
  custom:scripting/monoscript/fileName/ProjectPart.cs: fa153b81a1be75d157e4b8a3e4771fc2 -> e09789f5d21ec839c23f3a2c8c340a5a
  custom:scripting/monoscript/fileName/SolutionGuidGenerator.cs: fff5e43ac88ff72f14745857eb692caa -> 39a21c4f5e351b9b4a2916e800641a4a
  custom:scripting/monoscript/fileName/AndroidLogcatStyles.cs: 04ec3fff08fd523ca3f964fcfe43e15d -> 328901f7ff882ee0a8ba487644476bca
  custom:scripting/monoscript/fileName/AndroidLogcatProjectSettingsProvider.cs: e533fada96fe4f84923b37a2905a2969 -> 47e177b5b5659baeb4aabb6539781f33
  custom:container-demuxer-ogg: 62fdf1f143b41e24485cea50d1cbac27 -> 
  custom:scripting/monoscript/fileName/AndroidLogcatDeviceQuery.cs: 089420218261e531bbc84edf0b8634a6 -> 6f7671e49fb6d170e12421ae09b32274
  custom:scripting/monoscript/fileName/AndroidLogcatBuildInfo.cs: 3e80469b02992f102006708fdc5b45a4 -> d36174e1bb8933885ddb0c944c18c40e
  custom:scripting/monoscript/fileName/AndroidLogcatDeviceSelection.cs: ca7529e0852a89cc4e21ee002c3b1cbc -> 9989bfa3f83e5b91c903cac5870d2f78
  custom:scripting/monoscript/fileName/AndroidLogcatSendTrimMemoryUsage.cs: 72622004c306f521f76f91b17419eab7 -> 
  custom:scripting/monoscript/fileName/Splitter.cs: c40f5897a879aa5052c758f27af8a059 -> e2c62ef122c5403befbf9a5670e486bb
  custom:video-codec-MediaFoundation-h265: 746d11721c4dcdbdad8f713fa42b33f4 -> 
  custom:scripting/monoscript/fileName/AndroidLogcatEntry.cs: a51f71d96eb46b97cab96118391dbdfa -> d39af3a88a80167ecb3a0f1fb87c0065
  custom:video-decoder-ogg-theora: a1e56fd34408186e4bbccfd4996cb3dc -> 
  custom:scripting/monoscript/fileName/CommandLineParser.cs: a5ce035a20fc026f12db6b796b898d65 -> 25c8ce1c1ecf3aba3903da1187b88166
  custom:scripting/monoscript/fileName/AndroidLogcatManager.cs: 36df967381236737e33e00c15b54c89f -> 7d4535f16b64fb7fe8f2ef42fe786fe5
  custom:scripting/monoscript/fileName/RiderScriptEditor.cs: 4a0f526f1b31c7d9c331714a284a6791 -> 4ddd2581343451de6f696adaf8c0958f
  custom:scripting/monoscript/fileName/AndroidLogcatInternalLog.cs: e693436e637a80bb89eead146e7c6512 -> b8cdf7bcecf8b820e1d422fc82bba241
  custom:scripting/monoscript/fileName/AndroidLogcatInputs.cs: 94fcf05d4afbbdd6e708df8a55528026 -> 5a808ac8ecb3f535fd580f7629cfe853
  custom:scripting/monoscript/fileName/AndroidLogcatConnectToDeviceTask.cs: abb027da3fa0b081b38805b3ae1184f7 -> 638f284c771507871ab93d76e09b4a42
  custom:framework-win-MediaFoundation: 216162199b28c13a410421893ffa2e32 -> 
  custom:scripting/monoscript/fileName/LastWriteTracker.cs: e117305b6c922c0adb79679b01fac2c8 -> c78bd5b4fa28ac60ca7ed50f9c2b99d2
  custom:scripting/monoscript/fileName/AndroidLogcatDispatcher.cs: ffefb6e516621baeb83d569f786bb29e -> beae000db8002b4c9843a72f1b230077
  custom:scripting/monoscript/fileName/AndroidLogcatSettings.cs: df54344e2b6f909c215f365253a8b9d6 -> cb8687d84dc7b88fa5776756f56dc883
  custom:scripting/monoscript/fileName/AndroidLogcat.cs: 40b204debd66b51407f0a80ea84f40ff -> 205526712178aefb12d837d60441451a
  custom:scripting/monoscript/fileName/RiderStyles.cs: cd129c7ac3790ffa53f73149c91a781a -> 871a958d95b29e48af876a5d411c626a
  custom:scripting/monoscript/fileName/AndroidLogcatMessageProvider.cs: 9f73086cb7d69fe213f63f5316916f83 -> eb7bb399efd1fff1eb6f711561b5ce67
  custom:scripting/monoscript/fileName/AndroidLogcatCaptureVideo.cs: 1edd3e1a0e50380c8b8bbfc2dcff3872 -> c23788ed448acababfbb2285cc592e1a
  custom:scripting/monoscript/fileName/AndroidTools.cs: 7d4b1001a9c873c1ad2f5f476b0577ed -> 214b4cb092ffede0be163f7cfe8361ac
  custom:scripting/monoscript/fileName/RiderInitializer.cs: 68ef77945a5c56741cb9a0219dfe7657 -> d44ce07d40dcd4d066b6c1c8d08f3519
  custom:scripting/monoscript/fileName/AndroidLogcatContextMenu.cs: a53f96815da50de15010b1c479bc70cf -> 0cdf409b5aa8d4c25876d72b5c6a3b60
  custom:scripting/monoscript/fileName/TestEvent.cs: 600966b5c87333333e8aa4555a03efa6 -> ff94f6973aa3f0db280f3ed0b7577e48
  custom:scripting/monoscript/fileName/IFileIO.cs: f591b2fd0e7a5b3d1b89896fce5380e7 -> d1715877724f6e7813b95bae6fbc24d5
  custom:scripting/monoscript/fileName/ProjectGeneration.cs: 6a1cff937ba48d4507adb893269bdb3d -> 5d892aecaaa9b5c9f4162e2ae2b374ef
  custom:scripting/monoscript/fileName/RiderPathUtil.cs: b3d293b09b57cc7b91d500a8b861ad70 -> a77167e74e3a3d01856e2c8265c09e64
  custom:CustomObjectIndexerAttribute: 72b91833f83ae208fae7752999fa3104 -> 
  custom:scripting/monoscript/fileName/AndroidLogcatReordableListWithReset.cs: abe5d3682d98d7b597cf493f19d90ec2 -> b2ed22ba09750f598db10987b420086e
  custom:scripting/monoscript/fileName/AndroidLogcatCaptureScreenshot.cs: 93eb61411cd7fadbadf9e4139e5e52e5 -> 3ae68faf67d6f507a08fc742d6728501
  custom:container-demuxer-webm: 4f35f7cbe854078d1ac9338744f61a02 -> 
  custom:scripting/monoscript/fileName/SyncTestRunCallback.cs: 6109fbb45740725119ed9609ae2cb6ab -> 0f406f4b09f3b7bd1bfd8f867df2e978
  custom:scripting/monoscript/fileName/CallbackInitializer.cs: d227e453fc55ff33477a0f8f90826257 -> b6cad195ed4890ee7aed8c4de2807157
  custom:scripting/monoscript/fileName/AndroidLogcatColumnData.cs: 8dd1f35f3b07d077f145a3b7cbfdf6c1 -> 63fdeefc8412eb62a759e3e450e3cb07
  custom:scripting/monoscript/fileName/AndroidLogcatFastListView.cs: 874c9f3e72a54fdb066dc3538d34f127 -> 
  custom:scripting/monoscript/fileName/SyncTestRunEventsHandler.cs: a9e2807330a6f2c36d667ee1a2c4f414 -> 9ebe337aca2d71ac02fccc5c886e0668
  custom:scripting/monoscript/fileName/AndroidLogcatMemoryViewer.cs: 8e87f08d7f562ad0393fb2b64655fa34 -> d1b48d05cc68b5cabad5b8760e23fc2d
  custom:scripting/monoscript/fileName/StringUtils.cs: cd553e77d1122a9b1572dc41482ec6fa -> e49393bed9b27f8092372b1c93fd8ad8
  custom:scripting/monoscript/fileName/AndroidLogcatSessionSettings.cs: 646507e30c255f1bc5a1945e35e5bc1c -> 
  custom:scripting/monoscript/fileName/StringBuilderExtensions.cs: 2b127956e5840d9252dd1e86c60a3e9a -> 9c3fe87dfb0e6e574f80d909898312d9
  custom:scripting/monoscript/fileName/AndroidLogcatTagInformation.cs: 38c3999cec577ff8fe687709428dca5e -> a627b0c35fc6403a9b031d191707e16b
  custom:scripting/monoscript/fileName/IGenerator.cs: e53c624814a84a932e0860f584f7deb9 -> 7460422a7cf0a449df86606b185ffb0e
  custom:scripting/monoscript/fileName/IAssemblyNameProvider.cs: de79d586ca221e8ac344be669ec25f7e -> 005dc9d9c07dc825fea94e0fbc841e20
  custom:scripting/monoscript/fileName/GUIDProvider.cs: 27f6b36734be7c6510b3f0cc4a697fc7 -> cdd3f47e4fe593d2dfdf9915fa537e3f
  custom:scripting/monoscript/fileName/AndroidLogcatMessagesViews.cs: 34c6ff9cf0aa0d720e612550af5c5d26 -> 849ed7f5b11c9db237ef61b01c5a5104
  custom:container-muxer-webm: aa71ff27fc2769a1b78a27578f13a17b -> 
  custom:scripting/monoscript/fileName/IGUIDGenerator.cs: 153317bb7bf55f081a729ef02e3a13bd -> bad2c2e3b2dbec33c36bdfd6fc903e19
  custom:scripting/monoscript/fileName/BulletPool.cs: db00bfd48ef671ec4d643dcd1887ff78 -> 
  custom:video-decoder-webm-vp8: 9c59270c3fd7afecdb556c50c9e8de78 -> 
  custom:scripting/monoscript/fileName/RiderAssetPostprocessor.cs: e6ad4f374cd20986773f123ef82b628b -> e95044eb94149eee30f5192e36c02104
  custom:scripting/monoscript/fileName/AndroidLogcatProcessInformation.cs: b9fecd988ff53630379fd8a2001dc179 -> b5f6f66fc271774e95892a96719b60e7
  custom:scripting/monoscript/fileName/SerializableVersion.cs: 37d1dc623e9e336a7d92f02239a5eea0 -> 66cf30c0372dc35aea960f71af56ff8a
  custom:SearchIndexIgnoredProperties: e643bd26f0fe6173181afceb89e7c659 -> 
  custom:AudioImporter_EditorPlatform: d09bf68614088b80899f8185d706f6e7 -> 
  custom:scripting/monoscript/fileName/RiderMenu.cs: 2f14cf7eed9a2ad63962ab0ec2641b7b -> a430c0ff873704a92fbd3fa96f173c8d
  custom:scripting/monoscript/fileName/AndroidMemoryStatistics.cs: 2ce9cbcf39f824d1761dfcbeeb8f66d7 -> c8dd6364e4cc927fb91711356726b32b
  custom:scripting/monoscript/fileName/AndroidLogcatUtilities.cs: cf520f39e335eb4c1fefa1cc109c3921 -> 1500ae31fd86aca5e0f2a28b63874e7e
  custom:scripting/monoscript/fileName/AndroidLogcatRuntime.cs: 4afdae209d6cdaa6276fabc580530a4d -> c23ad602947592af8383d00a30ba13c2
  custom:scripting/monoscript/fileName/AndroidLogcatExtraWindow.cs: 500ee3b02b80feb8dabdfebb09a3e908 -> d269ad1a2018b11553732e9b38bef9d4
  custom:scripting/monoscript/fileName/Discovery.cs: 8029393f215a21f61e4b017c92f6b3d9 -> 2b1006b9be47307c73378eaafc98b6fb
  custom:scripting/monoscript/fileName/AndroidLogcatSymbolList.cs: 8edd0127280a188d527ee5c600da0490 -> 97f0a553cf445667718f6c906fcaa6e7
  custom:scripting/monoscript/fileName/FileIOProvider.cs: cd91aaa86c461e807d984ea50a1f782b -> 304525d180d2b661ce338fc8a3225752
  custom:scripting/monoscript/fileName/AndroidLogcatScreenCaptureWindow.cs: 8e541a96a5cd17d5297a43c234622030 -> 1d01a673efb48aff75b82bdba75c4246
  custom:scripting/monoscript/fileName/FileSystemUtil.cs: 6856b263874916a35e9cabf0faa6bad8 -> 3a1d37ca0015bdfbd542c903cf738043
  custom:scripting/monoscript/fileName/AndroidLogcatFilterOptions.cs: b4ed8d4d415d010cb2e97a1b66b78aa9 -> 846e2d532fdf85532ac76dbbe21d0159
  custom:scripting/monoscript/fileName/AndroidLogcatUserSettings.cs: 61bc5ca476ec5a6d7dcd4ef78d4d4025 -> 347054011bf0efc1d94a401c3d75fc79
  custom:scripting/monoscript/fileName/AndroidLogcatDevice.cs: c2670e749f385a816b428b8d8582d77e -> 639f84b5b6912bbf895cacbef81b7b3f
  custom:scripting/monoscript/fileName/ProjectileBlastParent.cs: 9979a859d2d7bec494703be12eb25e12 -> 
  custom:scripting/monoscript/fileName/StartUpMethodExecutor.cs: ecce11359b7760342ad14bc80bad2220 -> 45cc23141d36926881d69e4d2f8950c7
  custom:scripting/monoscript/fileName/AndroidLogcatStacktraceWindow.cs: c15a8d0851adf331b87ce01804aa66fe -> e8f4429bfa09e08561dbd128c57f41fd
  custom:video-encoder-webm-vp8: eb34c28f22e8b96e1ab97ce403110664 -> 
  custom:scripting/monoscript/fileName/AndroidBridge.cs: 884c62dada1fdc7ba377751e9aeca71e -> 6a91051db088a471ed986454436f2041
  custom:scripting/monoscript/fileName/AndroidLogcatReordableList.cs: 32627e55e1017bd14632c16e0ba1325d -> eb634ff4e1fba63b75a082b41c1cd75f
  custom:audio-decoder-ogg-vorbis: bf7c407c2cedff20999df2af8eb42d56 -> 
  custom:scripting/monoscript/fileName/PackageManagerTracker.cs: 6b4f549427cfb6e5a3495618f2118a44 -> 651bbc6653e509037fd83f80aa48fad7
  custom:scripting/monoscript/fileName/RiderScriptEditorDataPersisted.cs: 86b94c4c59f51e667ab7e1f2d997c184 -> 93e7c36b8be60b7055550adb6ace534f
  custom:scripting/monoscript/fileName/AssemblyNameProvider.cs: 3f6d31526fee168fdd424ef9cb4d7d60 -> 170b0fd934f78f2e6a09342014bfa1fc
  custom:scripting/monoscript/fileName/AndroidLogcatIPWindow.cs: 57866a2bad27db5ff407873e5a41c36a -> a02671136fc3a3988fa841ab10e8dfc6
  custom:scripting/monoscript/fileName/EditorPluginInterop.cs: 1a28103090f24bb43afd0997a69f9b48 -> 087796556f1ed2025e28209e52d82ccc
  custom:scripting/monoscript/fileName/AndroidLogcatCallbacks.cs: 37c5b7eb189a875508dd3e9cdc4bd73f -> f595ad8ec0517767a0e2865f51462d67
  custom:scripting/monoscript/fileName/RiderScriptEditorData.cs: ac763da56c18afcbbc99b7cf67651110 -> fb9aed0c9d95878995d450a00d549f78
  custom:scripting/monoscript/fileName/RiderTestRunner.cs: a09449e7603772ef60589c92d46be0c3 -> b9ea3ff0565ae2955ea8f15dd6e578d4
  custom:scripting/monoscript/fileName/AndroidLogcatSettingsProvider.cs: 982935ba34c9d2a93a49c47ab7d67a9a -> d003d16e9b268af6fb231c20780fd686
  custom:audio-encoder-webm-vorbis: bf7c407c2cedff20999df2af8eb42d56 -> 
  custom:scripting/monoscript/fileName/Paths.cs: e4bc0d8b7fecc2bbdc4534a26b28f253 -> f07d7c71ab2237634291133cb4a6191b
  custom:scripting/monoscript/fileName/AndroidLogcatTaskInput.cs: d4284ed8d0a2c1cb15342e82189204bf -> 991a74fe3e79b5af5cabd7b947bba382
  custom:scripting/monoscript/fileName/AndroidLogcatStatusBar.cs: f5006dcf5139ff3029715c69907202ac -> 7fbbcdd95b9ebefd0680bbce3a787931
  custom:scripting/monoscript/fileName/PluginSettings.cs: 727424108b6598a2387dd87fa5ed687f -> 4ee82f9c59f87f1dece05e6b9763c365
  custom:scripting/monoscript/fileName/AndroidLogcatTags.cs: 3237a4fa4f7a361b53a58324ed86091b -> 3c14027d9d0ad38a2b377872551d9b6d
  custom:scripting/monoscript/fileName/LibcNativeInterop.cs: c73f097a3ef89ebf41e7633fc6e71aff -> 77c1db6bef2e1063dc874463b520ed18
  custom:scripting/monoscript/fileName/CallbackData.cs: 244f50edb9a06e595eeca45abc022db5 -> b15b13425eedd78fb5c4fc4930a9e8b4
  custom:scripting/monoscript/fileName/AndroidLogcatActivityManager.cs: dffa3c9afcb20f5aa140cf4969503772 -> 
  custom:scripting/monoscript/fileName/Shell.cs: 55aa35c7347bcdd9bf60b882c4a91162 -> d6673e1ce2be2c2665d6f69fcf67ab6f
========================================================================
Received Prepare
Begin MonoManager ReloadAssembly
Duplicate assembly 'websocket-sharp.dll' with different versions detected, using 'Assets/Photon/PhotonLibs/WebSocket/websocket-sharp.dll, AssemblyName=websocket-sharp, Version=1.0.2.59611, Culture=neutral, PublicKeyToken=5660b08a1845a91e' and ignoring 'Packages/com.unity.services.wire/Plugins/websocket-sharp.dll, AssemblyName=websocket-sharp, Version=1.0.2.18559, Culture=neutral, PublicKeyToken=5660b08a1845a91e'.Assembly 'Assets/ExternalDependencyManager/Editor/1.2.167/Google.IOSResolver.dll' will not be loaded due to errors:
Unable to resolve reference 'UnityEditor.iOS.Extensions.Xcode'. Is the assembly missing or incompatible with the current platform?
Reference validation can be disabled in the Plugin Inspector.
Symbol file LoadedFromMemory is not a mono symbol file
- Loaded All Assemblies, in  0.376 seconds
Refreshing native plugins compatible for Editor in 12.52 ms, found 4 plugins.
Native extension for UWP target not found
Native extension for WindowsStandalone target not found
Native extension for Android target not found
Native extension for WebGL target not found
Mono: successfully reloaded assembly
- Finished resetting the current domain, in  0.696 seconds
Domain Reload Profiling: 1069ms
	BeginReloadAssembly (100ms)
		ExecutionOrderSort (0ms)
		DisableScriptedObjects (3ms)
		BackupInstance (0ms)
		ReleaseScriptingObjects (0ms)
		CreateAndSetChildDomain (24ms)
	RebuildCommonClasses (21ms)
	RebuildNativeTypeToScriptingClass (7ms)
	initialDomainReloadingComplete (34ms)
	LoadAllAssembliesAndSetupDomain (210ms)
		LoadAssemblies (240ms)
		RebuildTransferFunctionScriptingTraits (0ms)
		AnalyzeDomain (16ms)
			TypeCache.Refresh (5ms)
				TypeCache.ScanAssembly (0ms)
			ScanForSourceGeneratedMonoScriptInfo (0ms)
			ResolveRequiredComponents (10ms)
	FinalizeReload (696ms)
		ReleaseScriptCaches (0ms)
		RebuildScriptCaches (0ms)
		SetupLoadedEditorAssemblies (327ms)
			LogAssemblyErrors (0ms)
			InitializePlatformSupportModulesInManaged (15ms)
			SetLoadedEditorAssemblies (3ms)
			RefreshPlugins (0ms)
			BeforeProcessingInitializeOnLoad (67ms)
			ProcessInitializeOnLoadAttributes (121ms)
			ProcessInitializeOnLoadMethodAttributes (116ms)
			AfterProcessingInitializeOnLoad (4ms)
			EditorAssembliesLoaded (0ms)
		ExecutionOrderSort2 (0ms)
		AwakeInstancesAfterBackupRestoration (10ms)
Refreshing native plugins compatible for Editor in 11.96 ms, found 4 plugins.
Preloading 0 native plugins for Editor in 0.00 ms.
Unloading 6989 Unused Serialized files (Serialized files now loaded: 0)
Unloading 143 unused Assets / (438.7 KB). Loaded Objects now: 7666.
Memory consumption went from 242.6 MB to 242.2 MB.
Total: 4.162000 ms (FindLiveObjects: 0.266500 ms CreateObjectMapping: 0.108800 ms MarkObjects: 3.605100 ms  DeleteObjects: 0.180900 ms)

Prepare: number of updated asset objects reloaded= 0
AssetImportParameters requested are different than current active one (requested -> active):
  custom:scripting/monoscript/fileName/AndroidLogcatVideoPlayer.cs: 64f32a213ea70852b5fffaa68b0a9425 -> 138f779bba37f053ae0ce30a60592fd3
  custom:scripting/monoscript/fileName/AndroidLogcatTaskResult.cs: 02f922f6788701b6857b35e68a4c2545 -> bbe8f3e47789974a3230748544655998
  custom:scripting/monoscript/fileName/TestsCallback.cs: 6648df980912e96eaae5c39374242936 -> 420027d2a6ccaf7376f849b0f965edcd
  custom:scripting/monoscript/fileName/ProjectPart.cs: fa153b81a1be75d157e4b8a3e4771fc2 -> e09789f5d21ec839c23f3a2c8c340a5a
  custom:scripting/monoscript/fileName/SolutionGuidGenerator.cs: fff5e43ac88ff72f14745857eb692caa -> 39a21c4f5e351b9b4a2916e800641a4a
  custom:scripting/monoscript/fileName/AndroidLogcatStyles.cs: 04ec3fff08fd523ca3f964fcfe43e15d -> 328901f7ff882ee0a8ba487644476bca
  custom:scripting/monoscript/fileName/AndroidLogcatProjectSettingsProvider.cs: e533fada96fe4f84923b37a2905a2969 -> 47e177b5b5659baeb4aabb6539781f33
  custom:container-demuxer-ogg: 62fdf1f143b41e24485cea50d1cbac27 -> 
  custom:scripting/monoscript/fileName/AndroidLogcatDeviceQuery.cs: 089420218261e531bbc84edf0b8634a6 -> 6f7671e49fb6d170e12421ae09b32274
  custom:scripting/monoscript/fileName/AndroidLogcatBuildInfo.cs: 3e80469b02992f102006708fdc5b45a4 -> d36174e1bb8933885ddb0c944c18c40e
  custom:scripting/monoscript/fileName/AndroidLogcatDeviceSelection.cs: ca7529e0852a89cc4e21ee002c3b1cbc -> 9989bfa3f83e5b91c903cac5870d2f78
  custom:scripting/monoscript/fileName/AndroidLogcatSendTrimMemoryUsage.cs: 72622004c306f521f76f91b17419eab7 -> 
  custom:scripting/monoscript/fileName/Splitter.cs: c40f5897a879aa5052c758f27af8a059 -> e2c62ef122c5403befbf9a5670e486bb
  custom:video-codec-MediaFoundation-h265: 746d11721c4dcdbdad8f713fa42b33f4 -> 
  custom:scripting/monoscript/fileName/AndroidLogcatEntry.cs: a51f71d96eb46b97cab96118391dbdfa -> d39af3a88a80167ecb3a0f1fb87c0065
  custom:video-decoder-ogg-theora: a1e56fd34408186e4bbccfd4996cb3dc -> 
  custom:scripting/monoscript/fileName/CommandLineParser.cs: a5ce035a20fc026f12db6b796b898d65 -> 25c8ce1c1ecf3aba3903da1187b88166
  custom:scripting/monoscript/fileName/AndroidLogcatManager.cs: 36df967381236737e33e00c15b54c89f -> 7d4535f16b64fb7fe8f2ef42fe786fe5
  custom:scripting/monoscript/fileName/RiderScriptEditor.cs: 4a0f526f1b31c7d9c331714a284a6791 -> 4ddd2581343451de6f696adaf8c0958f
  custom:scripting/monoscript/fileName/AndroidLogcatInternalLog.cs: e693436e637a80bb89eead146e7c6512 -> b8cdf7bcecf8b820e1d422fc82bba241
  custom:scripting/monoscript/fileName/AndroidLogcatInputs.cs: 94fcf05d4afbbdd6e708df8a55528026 -> 5a808ac8ecb3f535fd580f7629cfe853
  custom:scripting/monoscript/fileName/AndroidLogcatConnectToDeviceTask.cs: abb027da3fa0b081b38805b3ae1184f7 -> 638f284c771507871ab93d76e09b4a42
  custom:framework-win-MediaFoundation: 216162199b28c13a410421893ffa2e32 -> 
  custom:scripting/monoscript/fileName/LastWriteTracker.cs: e117305b6c922c0adb79679b01fac2c8 -> c78bd5b4fa28ac60ca7ed50f9c2b99d2
  custom:scripting/monoscript/fileName/AndroidLogcatDispatcher.cs: ffefb6e516621baeb83d569f786bb29e -> beae000db8002b4c9843a72f1b230077
  custom:scripting/monoscript/fileName/AndroidLogcatSettings.cs: df54344e2b6f909c215f365253a8b9d6 -> cb8687d84dc7b88fa5776756f56dc883
  custom:scripting/monoscript/fileName/AndroidLogcat.cs: 40b204debd66b51407f0a80ea84f40ff -> 205526712178aefb12d837d60441451a
  custom:scripting/monoscript/fileName/RiderStyles.cs: cd129c7ac3790ffa53f73149c91a781a -> 871a958d95b29e48af876a5d411c626a
  custom:scripting/monoscript/fileName/AndroidLogcatMessageProvider.cs: 9f73086cb7d69fe213f63f5316916f83 -> eb7bb399efd1fff1eb6f711561b5ce67
  custom:scripting/monoscript/fileName/AndroidLogcatCaptureVideo.cs: 1edd3e1a0e50380c8b8bbfc2dcff3872 -> c23788ed448acababfbb2285cc592e1a
  custom:scripting/monoscript/fileName/AndroidTools.cs: 7d4b1001a9c873c1ad2f5f476b0577ed -> 214b4cb092ffede0be163f7cfe8361ac
  custom:scripting/monoscript/fileName/RiderInitializer.cs: 68ef77945a5c56741cb9a0219dfe7657 -> d44ce07d40dcd4d066b6c1c8d08f3519
  custom:scripting/monoscript/fileName/AndroidLogcatContextMenu.cs: a53f96815da50de15010b1c479bc70cf -> 0cdf409b5aa8d4c25876d72b5c6a3b60
  custom:scripting/monoscript/fileName/TestEvent.cs: 600966b5c87333333e8aa4555a03efa6 -> ff94f6973aa3f0db280f3ed0b7577e48
  custom:scripting/monoscript/fileName/IFileIO.cs: f591b2fd0e7a5b3d1b89896fce5380e7 -> d1715877724f6e7813b95bae6fbc24d5
  custom:scripting/monoscript/fileName/ProjectGeneration.cs: 6a1cff937ba48d4507adb893269bdb3d -> 5d892aecaaa9b5c9f4162e2ae2b374ef
  custom:scripting/monoscript/fileName/RiderPathUtil.cs: b3d293b09b57cc7b91d500a8b861ad70 -> a77167e74e3a3d01856e2c8265c09e64
  custom:CustomObjectIndexerAttribute: 72b91833f83ae208fae7752999fa3104 -> 
  custom:scripting/monoscript/fileName/AndroidLogcatReordableListWithReset.cs: abe5d3682d98d7b597cf493f19d90ec2 -> b2ed22ba09750f598db10987b420086e
  custom:scripting/monoscript/fileName/AndroidLogcatCaptureScreenshot.cs: 93eb61411cd7fadbadf9e4139e5e52e5 -> 3ae68faf67d6f507a08fc742d6728501
  custom:container-demuxer-webm: 4f35f7cbe854078d1ac9338744f61a02 -> 
  custom:scripting/monoscript/fileName/SyncTestRunCallback.cs: 6109fbb45740725119ed9609ae2cb6ab -> 0f406f4b09f3b7bd1bfd8f867df2e978
  custom:scripting/monoscript/fileName/CallbackInitializer.cs: d227e453fc55ff33477a0f8f90826257 -> b6cad195ed4890ee7aed8c4de2807157
  custom:scripting/monoscript/fileName/AndroidLogcatColumnData.cs: 8dd1f35f3b07d077f145a3b7cbfdf6c1 -> 63fdeefc8412eb62a759e3e450e3cb07
  custom:scripting/monoscript/fileName/AndroidLogcatFastListView.cs: 874c9f3e72a54fdb066dc3538d34f127 -> 
  custom:scripting/monoscript/fileName/SyncTestRunEventsHandler.cs: a9e2807330a6f2c36d667ee1a2c4f414 -> 9ebe337aca2d71ac02fccc5c886e0668
  custom:scripting/monoscript/fileName/AndroidLogcatMemoryViewer.cs: 8e87f08d7f562ad0393fb2b64655fa34 -> d1b48d05cc68b5cabad5b8760e23fc2d
  custom:scripting/monoscript/fileName/StringUtils.cs: cd553e77d1122a9b1572dc41482ec6fa -> e49393bed9b27f8092372b1c93fd8ad8
  custom:scripting/monoscript/fileName/AndroidLogcatSessionSettings.cs: 646507e30c255f1bc5a1945e35e5bc1c -> 
  custom:scripting/monoscript/fileName/StringBuilderExtensions.cs: 2b127956e5840d9252dd1e86c60a3e9a -> 9c3fe87dfb0e6e574f80d909898312d9
  custom:scripting/monoscript/fileName/AndroidLogcatTagInformation.cs: 38c3999cec577ff8fe687709428dca5e -> a627b0c35fc6403a9b031d191707e16b
  custom:scripting/monoscript/fileName/IGenerator.cs: e53c624814a84a932e0860f584f7deb9 -> 7460422a7cf0a449df86606b185ffb0e
  custom:scripting/monoscript/fileName/IAssemblyNameProvider.cs: de79d586ca221e8ac344be669ec25f7e -> 005dc9d9c07dc825fea94e0fbc841e20
  custom:scripting/monoscript/fileName/GUIDProvider.cs: 27f6b36734be7c6510b3f0cc4a697fc7 -> cdd3f47e4fe593d2dfdf9915fa537e3f
  custom:scripting/monoscript/fileName/AndroidLogcatMessagesViews.cs: 34c6ff9cf0aa0d720e612550af5c5d26 -> 849ed7f5b11c9db237ef61b01c5a5104
  custom:container-muxer-webm: aa71ff27fc2769a1b78a27578f13a17b -> 
  custom:scripting/monoscript/fileName/IGUIDGenerator.cs: 153317bb7bf55f081a729ef02e3a13bd -> bad2c2e3b2dbec33c36bdfd6fc903e19
  custom:scripting/monoscript/fileName/BulletPool.cs: db00bfd48ef671ec4d643dcd1887ff78 -> 
  custom:video-decoder-webm-vp8: 9c59270c3fd7afecdb556c50c9e8de78 -> 
  custom:scripting/monoscript/fileName/RiderAssetPostprocessor.cs: e6ad4f374cd20986773f123ef82b628b -> e95044eb94149eee30f5192e36c02104
  custom:scripting/monoscript/fileName/AndroidLogcatProcessInformation.cs: b9fecd988ff53630379fd8a2001dc179 -> b5f6f66fc271774e95892a96719b60e7
  custom:scripting/monoscript/fileName/SerializableVersion.cs: 37d1dc623e9e336a7d92f02239a5eea0 -> 66cf30c0372dc35aea960f71af56ff8a
  custom:SearchIndexIgnoredProperties: e643bd26f0fe6173181afceb89e7c659 -> 
  custom:AudioImporter_EditorPlatform: d09bf68614088b80899f8185d706f6e7 -> 
  custom:scripting/monoscript/fileName/RiderMenu.cs: 2f14cf7eed9a2ad63962ab0ec2641b7b -> a430c0ff873704a92fbd3fa96f173c8d
  custom:scripting/monoscript/fileName/AndroidMemoryStatistics.cs: 2ce9cbcf39f824d1761dfcbeeb8f66d7 -> c8dd6364e4cc927fb91711356726b32b
  custom:scripting/monoscript/fileName/AndroidLogcatUtilities.cs: cf520f39e335eb4c1fefa1cc109c3921 -> 1500ae31fd86aca5e0f2a28b63874e7e
  custom:scripting/monoscript/fileName/AndroidLogcatRuntime.cs: 4afdae209d6cdaa6276fabc580530a4d -> c23ad602947592af8383d00a30ba13c2
  custom:scripting/monoscript/fileName/AndroidLogcatExtraWindow.cs: 500ee3b02b80feb8dabdfebb09a3e908 -> d269ad1a2018b11553732e9b38bef9d4
  custom:scripting/monoscript/fileName/Discovery.cs: 8029393f215a21f61e4b017c92f6b3d9 -> 2b1006b9be47307c73378eaafc98b6fb
  custom:scripting/monoscript/fileName/AndroidLogcatSymbolList.cs: 8edd0127280a188d527ee5c600da0490 -> 97f0a553cf445667718f6c906fcaa6e7
  custom:scripting/monoscript/fileName/FileIOProvider.cs: cd91aaa86c461e807d984ea50a1f782b -> 304525d180d2b661ce338fc8a3225752
  custom:scripting/monoscript/fileName/AndroidLogcatScreenCaptureWindow.cs: 8e541a96a5cd17d5297a43c234622030 -> 1d01a673efb48aff75b82bdba75c4246
  custom:scripting/monoscript/fileName/FileSystemUtil.cs: 6856b263874916a35e9cabf0faa6bad8 -> 3a1d37ca0015bdfbd542c903cf738043
  custom:scripting/monoscript/fileName/AndroidLogcatFilterOptions.cs: b4ed8d4d415d010cb2e97a1b66b78aa9 -> 846e2d532fdf85532ac76dbbe21d0159
  custom:scripting/monoscript/fileName/AndroidLogcatUserSettings.cs: 61bc5ca476ec5a6d7dcd4ef78d4d4025 -> 347054011bf0efc1d94a401c3d75fc79
  custom:scripting/monoscript/fileName/AndroidLogcatDevice.cs: c2670e749f385a816b428b8d8582d77e -> 639f84b5b6912bbf895cacbef81b7b3f
  custom:scripting/monoscript/fileName/ProjectileBlastParent.cs: 9979a859d2d7bec494703be12eb25e12 -> 
  custom:scripting/monoscript/fileName/StartUpMethodExecutor.cs: ecce11359b7760342ad14bc80bad2220 -> 45cc23141d36926881d69e4d2f8950c7
  custom:scripting/monoscript/fileName/AndroidLogcatStacktraceWindow.cs: c15a8d0851adf331b87ce01804aa66fe -> e8f4429bfa09e08561dbd128c57f41fd
  custom:video-encoder-webm-vp8: eb34c28f22e8b96e1ab97ce403110664 -> 
  custom:scripting/monoscript/fileName/AndroidBridge.cs: 884c62dada1fdc7ba377751e9aeca71e -> 6a91051db088a471ed986454436f2041
  custom:scripting/monoscript/fileName/AndroidLogcatReordableList.cs: 32627e55e1017bd14632c16e0ba1325d -> eb634ff4e1fba63b75a082b41c1cd75f
  custom:audio-decoder-ogg-vorbis: bf7c407c2cedff20999df2af8eb42d56 -> 
  custom:scripting/monoscript/fileName/PackageManagerTracker.cs: 6b4f549427cfb6e5a3495618f2118a44 -> 651bbc6653e509037fd83f80aa48fad7
  custom:scripting/monoscript/fileName/RiderScriptEditorDataPersisted.cs: 86b94c4c59f51e667ab7e1f2d997c184 -> 93e7c36b8be60b7055550adb6ace534f
  custom:scripting/monoscript/fileName/AssemblyNameProvider.cs: 3f6d31526fee168fdd424ef9cb4d7d60 -> 170b0fd934f78f2e6a09342014bfa1fc
  custom:scripting/monoscript/fileName/AndroidLogcatIPWindow.cs: 57866a2bad27db5ff407873e5a41c36a -> a02671136fc3a3988fa841ab10e8dfc6
  custom:scripting/monoscript/fileName/EditorPluginInterop.cs: 1a28103090f24bb43afd0997a69f9b48 -> 087796556f1ed2025e28209e52d82ccc
  custom:scripting/monoscript/fileName/AndroidLogcatCallbacks.cs: 37c5b7eb189a875508dd3e9cdc4bd73f -> f595ad8ec0517767a0e2865f51462d67
  custom:scripting/monoscript/fileName/RiderScriptEditorData.cs: ac763da56c18afcbbc99b7cf67651110 -> fb9aed0c9d95878995d450a00d549f78
  custom:scripting/monoscript/fileName/RiderTestRunner.cs: a09449e7603772ef60589c92d46be0c3 -> b9ea3ff0565ae2955ea8f15dd6e578d4
  custom:scripting/monoscript/fileName/AndroidLogcatSettingsProvider.cs: 982935ba34c9d2a93a49c47ab7d67a9a -> d003d16e9b268af6fb231c20780fd686
  custom:audio-encoder-webm-vorbis: bf7c407c2cedff20999df2af8eb42d56 -> 
  custom:scripting/monoscript/fileName/Paths.cs: e4bc0d8b7fecc2bbdc4534a26b28f253 -> f07d7c71ab2237634291133cb4a6191b
  custom:scripting/monoscript/fileName/AndroidLogcatTaskInput.cs: d4284ed8d0a2c1cb15342e82189204bf -> 991a74fe3e79b5af5cabd7b947bba382
  custom:scripting/monoscript/fileName/AndroidLogcatStatusBar.cs: f5006dcf5139ff3029715c69907202ac -> 7fbbcdd95b9ebefd0680bbce3a787931
  custom:scripting/monoscript/fileName/PluginSettings.cs: 727424108b6598a2387dd87fa5ed687f -> 4ee82f9c59f87f1dece05e6b9763c365
  custom:scripting/monoscript/fileName/AndroidLogcatTags.cs: 3237a4fa4f7a361b53a58324ed86091b -> 3c14027d9d0ad38a2b377872551d9b6d
  custom:scripting/monoscript/fileName/LibcNativeInterop.cs: c73f097a3ef89ebf41e7633fc6e71aff -> 77c1db6bef2e1063dc874463b520ed18
  custom:scripting/monoscript/fileName/CallbackData.cs: 244f50edb9a06e595eeca45abc022db5 -> b15b13425eedd78fb5c4fc4930a9e8b4
  custom:scripting/monoscript/fileName/AndroidLogcatActivityManager.cs: dffa3c9afcb20f5aa140cf4969503772 -> 
  custom:scripting/monoscript/fileName/Shell.cs: 55aa35c7347bcdd9bf60b882c4a91162 -> d6673e1ce2be2c2665d6f69fcf67ab6f
