Using pre-set license
Built from '2022.3/staging' branch; Version is '2022.3.7f1 (b16b3b16c7a0) revision 11627323'; Using compiler version '192829333'; Build Type 'Release'
OS: 'Windows 10  (10.0.19045) 64bit Professional' Language: 'en' Physical Memory: 65169 MB
BatchMode: 1, IsHumanControllingUs: 0, StartBugReporterOnCrash: 0, Is64bit: 1, IsPro: 1

COMMAND LINE ARGUMENTS:
C:\Program Files\Unity\Hub\Editor\2022.3.7f1\Editor\Unity.exe
-adb2
-batchMode
-noUpm
-name
AssetImportWorker5
-projectPath
C:/Users/Morgan Houston/Documents/GitHub/ZombCube
-logFile
Logs/AssetImportWorker5.log
-srvPort
65132
Successfully changed project path to: C:/Users/Morgan Houston/Documents/GitHub/ZombCube
C:/Users/Morgan Houston/Documents/GitHub/ZombCube
[UnityMemory] Configuration Parameters - Can be set up in boot.config
    "memorysetup-bucket-allocator-granularity=16"
    "memorysetup-bucket-allocator-bucket-count=8"
    "memorysetup-bucket-allocator-block-size=33554432"
    "memorysetup-bucket-allocator-block-count=8"
    "memorysetup-main-allocator-block-size=16777216"
    "memorysetup-thread-allocator-block-size=16777216"
    "memorysetup-gfx-main-allocator-block-size=16777216"
    "memorysetup-gfx-thread-allocator-block-size=16777216"
    "memorysetup-cache-allocator-block-size=4194304"
    "memorysetup-typetree-allocator-block-size=2097152"
    "memorysetup-profiler-bucket-allocator-granularity=16"
    "memorysetup-profiler-bucket-allocator-bucket-count=8"
    "memorysetup-profiler-bucket-allocator-block-size=33554432"
    "memorysetup-profiler-bucket-allocator-block-count=8"
    "memorysetup-profiler-allocator-block-size=16777216"
    "memorysetup-profiler-editor-allocator-block-size=1048576"
    "memorysetup-temp-allocator-size-main=16777216"
    "memorysetup-job-temp-allocator-block-size=2097152"
    "memorysetup-job-temp-allocator-block-size-background=1048576"
    "memorysetup-job-temp-allocator-reduction-small-platforms=262144"
    "memorysetup-allocator-temp-initial-block-size-main=262144"
    "memorysetup-allocator-temp-initial-block-size-worker=262144"
    "memorysetup-temp-allocator-size-background-worker=32768"
    "memorysetup-temp-allocator-size-job-worker=262144"
    "memorysetup-temp-allocator-size-preload-manager=33554432"
    "memorysetup-temp-allocator-size-nav-mesh-worker=65536"
    "memorysetup-temp-allocator-size-audio-worker=65536"
    "memorysetup-temp-allocator-size-cloud-worker=32768"
    "memorysetup-temp-allocator-size-gi-baking-worker=262144"
    "memorysetup-temp-allocator-size-gfx=262144"
Player connection [12284] Host "[IP] 10.1.8.236 [Port] 0 [Flags] 2 [Guid] 642227303 [EditorId] 642227303 [Version] 1048832 [Id] WindowsEditor(7,DESKTOP-UD6TLU8) [Debug] 1 [PackageName] WindowsEditor [ProjectName] Editor" joined multi-casting on [225.0.0.222:54997]...

Player connection [12284] Host "[IP] 10.1.8.236 [Port] 0 [Flags] 2 [Guid] 642227303 [EditorId] 642227303 [Version] 1048832 [Id] WindowsEditor(7,DESKTOP-UD6TLU8) [Debug] 1 [PackageName] WindowsEditor [ProjectName] Editor" joined alternative multi-casting on [225.0.0.222:34997]...

Refreshing native plugins compatible for Editor in 33.69 ms, found 3 plugins.
Preloading 0 native plugins for Editor in 0.00 ms.
Initialize engine version: 2022.3.7f1 (b16b3b16c7a0)
[Subsystems] Discovering subsystems at path C:/Program Files/Unity/Hub/Editor/2022.3.7f1/Editor/Data/Resources/UnitySubsystems
[Subsystems] Discovering subsystems at path C:/Users/Morgan Houston/Documents/GitHub/ZombCube/Assets
GfxDevice: creating device client; threaded=0; jobified=0
Direct3D:
    Version:  Direct3D 11.0 [level 11.1]
    Renderer: NVIDIA Quadro RTX 5000 (ID=0x1eb5)
    Vendor:   NVIDIA
    VRAM:     16161 MB
    Driver:   31.0.15.3696
Initialize mono
Mono path[0] = 'C:/Program Files/Unity/Hub/Editor/2022.3.7f1/Editor/Data/Managed'
Mono path[1] = 'C:/Program Files/Unity/Hub/Editor/2022.3.7f1/Editor/Data/MonoBleedingEdge/lib/mono/unityjit-win32'
Mono config path = 'C:/Program Files/Unity/Hub/Editor/2022.3.7f1/Editor/Data/MonoBleedingEdge/etc'
Using monoOptions --debugger-agent=transport=dt_socket,embedding=1,server=y,suspend=n,address=127.0.0.1:56404
Begin MonoManager ReloadAssembly
Registering precompiled unity dll's ...
Register platform support module: C:/Program Files/Unity/Hub/Editor/2022.3.7f1/Editor/Data/PlaybackEngines/WebGLSupport/UnityEditor.WebGL.Extensions.dll
Register platform support module: C:/Program Files/Unity/Hub/Editor/2022.3.7f1/Editor/Data/PlaybackEngines/AndroidPlayer/UnityEditor.Android.Extensions.dll
Register platform support module: C:/Program Files/Unity/Hub/Editor/2022.3.7f1/Editor/Data/PlaybackEngines/iOSSupport/UnityEditor.iOS.Extensions.dll
Register platform support module: C:/Program Files/Unity/Hub/Editor/2022.3.7f1/Editor/Data/PlaybackEngines/WindowsStandaloneSupport/UnityEditor.WindowsStandalone.Extensions.dll
Register platform support module: C:/Program Files/Unity/Hub/Editor/2022.3.7f1/Editor/Data/PlaybackEngines/MetroSupport/UnityEditor.UWP.Extensions.dll
Registered in 0.019684 seconds.
- Loaded All Assemblies, in  0.374 seconds
Native extension for UWP target not found
Native extension for WindowsStandalone target not found
[usbmuxd] Start listen thread
[usbmuxd] Listen thread started
Native extension for iOS target not found
Native extension for Android target not found
Android Extension - Scanning For ADB Devices 2221 ms
Native extension for WebGL target not found
Mono: successfully reloaded assembly
- Finished resetting the current domain, in  2.539 seconds
Domain Reload Profiling: 2911ms
	BeginReloadAssembly (103ms)
		ExecutionOrderSort (0ms)
		DisableScriptedObjects (0ms)
		BackupInstance (0ms)
		ReleaseScriptingObjects (0ms)
		CreateAndSetChildDomain (1ms)
	RebuildCommonClasses (40ms)
	RebuildNativeTypeToScriptingClass (15ms)
	initialDomainReloadingComplete (71ms)
	LoadAllAssembliesAndSetupDomain (143ms)
		LoadAssemblies (102ms)
		RebuildTransferFunctionScriptingTraits (0ms)
		AnalyzeDomain (139ms)
			TypeCache.Refresh (138ms)
				TypeCache.ScanAssembly (125ms)
			ScanForSourceGeneratedMonoScriptInfo (1ms)
			ResolveRequiredComponents (0ms)
	FinalizeReload (2539ms)
		ReleaseScriptCaches (0ms)
		RebuildScriptCaches (0ms)
		SetupLoadedEditorAssemblies (2486ms)
			LogAssemblyErrors (0ms)
			InitializePlatformSupportModulesInManaged (2354ms)
			SetLoadedEditorAssemblies (4ms)
			RefreshPlugins (0ms)
			BeforeProcessingInitializeOnLoad (2ms)
			ProcessInitializeOnLoadAttributes (86ms)
			ProcessInitializeOnLoadMethodAttributes (41ms)
			AfterProcessingInitializeOnLoad (0ms)
			EditorAssembliesLoaded (0ms)
		ExecutionOrderSort2 (0ms)
		AwakeInstancesAfterBackupRestoration (0ms)
========================================================================
Worker process is ready to serve import requests
Begin MonoManager ReloadAssembly
Duplicate assembly 'websocket-sharp.dll' with different versions detected, using 'Assets/Photon/PhotonLibs/WebSocket/websocket-sharp.dll, AssemblyName=websocket-sharp, Version=1.0.2.59611, Culture=neutral, PublicKeyToken=5660b08a1845a91e' and ignoring 'Packages/com.unity.services.wire/Plugins/websocket-sharp.dll, AssemblyName=websocket-sharp, Version=1.0.2.18559, Culture=neutral, PublicKeyToken=5660b08a1845a91e'.Symbol file LoadedFromMemory is not a mono symbol file
- Loaded All Assemblies, in  0.812 seconds
Refreshing native plugins compatible for Editor in 22.82 ms, found 3 plugins.
Native extension for UWP target not found
Native extension for WindowsStandalone target not found
Native extension for iOS target not found
Native extension for Android target not found
Native extension for WebGL target not found
Mono: successfully reloaded assembly
- Finished resetting the current domain, in  0.757 seconds
Domain Reload Profiling: 1559ms
	BeginReloadAssembly (149ms)
		ExecutionOrderSort (0ms)
		DisableScriptedObjects (5ms)
		BackupInstance (0ms)
		ReleaseScriptingObjects (0ms)
		CreateAndSetChildDomain (22ms)
	RebuildCommonClasses (38ms)
	RebuildNativeTypeToScriptingClass (11ms)
	initialDomainReloadingComplete (74ms)
	LoadAllAssembliesAndSetupDomain (531ms)
		LoadAssemblies (422ms)
		RebuildTransferFunctionScriptingTraits (0ms)
		AnalyzeDomain (196ms)
			TypeCache.Refresh (147ms)
				TypeCache.ScanAssembly (127ms)
			ScanForSourceGeneratedMonoScriptInfo (35ms)
			ResolveRequiredComponents (13ms)
	FinalizeReload (758ms)
		ReleaseScriptCaches (0ms)
		RebuildScriptCaches (0ms)
		SetupLoadedEditorAssemblies (560ms)
			LogAssemblyErrors (0ms)
			InitializePlatformSupportModulesInManaged (40ms)
			SetLoadedEditorAssemblies (6ms)
			RefreshPlugins (0ms)
			BeforeProcessingInitializeOnLoad (114ms)
			ProcessInitializeOnLoadAttributes (261ms)
			ProcessInitializeOnLoadMethodAttributes (125ms)
			AfterProcessingInitializeOnLoad (13ms)
			EditorAssembliesLoaded (1ms)
		ExecutionOrderSort2 (0ms)
		AwakeInstancesAfterBackupRestoration (8ms)
Launched and connected shader compiler UnityShaderCompiler.exe after 0.04 seconds
Refreshing native plugins compatible for Editor in 23.07 ms, found 3 plugins.
Preloading 0 native plugins for Editor in 0.00 ms.
Unloading 6218 Unused Serialized files (Serialized files now loaded: 0)
Unloading 158 unused Assets / (448.2 KB). Loaded Objects now: 6624.
Memory consumption went from 241.8 MB to 241.3 MB.
Total: 4.422600 ms (FindLiveObjects: 0.482900 ms CreateObjectMapping: 0.517900 ms MarkObjects: 3.139500 ms  DeleteObjects: 0.281600 ms)

AssetImportParameters requested are different than current active one (requested -> active):
  custom:scripting/monoscript/fileName/IEventsClient.cs: df75b65e8a2f4eedd3c75ce719331977 -> 
  custom:scripting/monoscript/fileName/PlayGamesAchievement.cs: 2cc796da06ab20c9c2704b2888e134e0 -> 
  custom:container-demuxer-ogg: 62fdf1f143b41e24485cea50d1cbac27 -> 
  custom:scripting/monoscript/fileName/Achievement.cs: 60d0ae0afd3e93570982eda07eaec834 -> 
  custom:scripting/monoscript/fileName/AndroidTokenClient.cs: 99656452a419d4b9b57b4150736630c2 -> 
  custom:scripting/monoscript/fileName/TokenClient.cs: 70b874cefbfed45f540a516eab539a9e -> 
  custom:scripting/monoscript/fileName/PlayerProfile.cs: eaedd008867e17d93ba2b97779ebd7cf -> 
  custom:scripting/monoscript/fileName/GPGSUpgrader.cs: 8521997bf017854e82cfe90f7fbd9aec -> 
  custom:video-decoder-ogg-theora: a1e56fd34408186e4bbccfd4996cb3dc -> 
  custom:scripting/monoscript/fileName/AndroidSnapshotMetadata.cs: 8a0aec66cc637a4c0fdfe16106a5608e -> 
  custom:framework-win-MediaFoundation: 216162199b28c13a410421893ffa2e32 -> 
  custom:scripting/monoscript/fileName/PlayGamesUserProfile.cs: b3668856aca011e743f4a7d60fa395fd -> 
  custom:scripting/monoscript/fileName/DummyNearbyConnectionClient.cs: 59221e562a8c48562f0c9cb2f1a7c274 -> 
  custom:scripting/monoscript/fileName/DummyClient.cs: d06457f579622d5ee55c8bdb0a05ee67 -> 
  custom:CustomObjectIndexerAttribute: a3ef5dd2817f97addfee359851a9dba5 -> 
  custom:scripting/monoscript/fileName/NearbyHelperObject.cs: ccf41a75cd0cb7900daafc814c343a44 -> 
  custom:scripting/monoscript/fileName/AndroidHelperFragment.cs: 1f2e058b49a85946b8a25a4bff14ddeb -> 
  custom:container-demuxer-webm: 4f35f7cbe854078d1ac9338744f61a02 -> 
  custom:scripting/monoscript/fileName/LeaderboardScoreData.cs: 692c9ede4dbe88ebbfa99295d409bd24 -> 
  custom:scripting/monoscript/fileName/PlatformUtils.cs: dbff6ae7e1009a480ae718fcca723385 -> 
  custom:scripting/monoscript/fileName/AndroidNearbyConnectionClient.cs: 4c1a4fddfc2b902e44184f36d654e88b -> 
  custom:scripting/monoscript/fileName/PlayGamesClientFactory.cs: 6decc7e06b28b64e5bcb77e0ca83cf96 -> 
  custom:scripting/monoscript/fileName/NearbyConnectionClientFactory.cs: 9a529d7823fa4d5f482bbdc0557347fc -> 
  custom:scripting/monoscript/fileName/GameInfo.cs: 07fa963f30736b438b6ae131177e21e5 -> 
  custom:container-muxer-webm: aa71ff27fc2769a1b78a27578f13a17b -> 
  custom:scripting/monoscript/fileName/AndroidEventsClient.cs: 8b70cd2b807ca35121dc023fb57e39f7 -> 
  custom:scripting/monoscript/fileName/PlayGamesScore.cs: 8209a8f70c7e9183ce57ac5dd0704cab -> 
  custom:scripting/monoscript/fileName/ScorePageToken.cs: ae39c429aa37cfad76078eed8f3bcdf4 -> 
  custom:video-decoder-webm-vp8: 9c59270c3fd7afecdb556c50c9e8de78 -> 
  custom:SearchIndexIgnoredProperties: e643bd26f0fe6173181afceb89e7c659 -> 
  custom:AudioImporter_EditorPlatform: d09bf68614088b80899f8185d706f6e7 -> 
  custom:scripting/monoscript/fileName/AndroidUtils.cs: f14de4686b589a012e48daae776f3163 -> 
  custom:scripting/monoscript/fileName/AndroidClient.cs: 622f3c26ea4b05ef3a7d84f5fddb2591 -> 
  custom:scripting/monoscript/fileName/PlayGamesLeaderboard.cs: 730c3ea3933e6af731b0240ae5d085ff -> 
  custom:scripting/monoscript/fileName/GPGSPostBuild.cs: 78a9e1706a07088f3a16f5a5223e35eb -> 
  custom:video-encoder-webm-vp8: eb34c28f22e8b96e1ab97ce403110664 -> 
  custom:scripting/monoscript/fileName/AndroidVideoClient.cs: 76a983f69777a21c04d4f224991e19e2 -> 
  custom:audio-decoder-ogg-vorbis: bf7c407c2cedff20999df2af8eb42d56 -> 
  custom:scripting/monoscript/fileName/AndroidTaskUtils.cs: fad394034cf593abfad08b9b56ca1bf1 -> 
  custom:scripting/monoscript/fileName/AndroidJavaConverter.cs: b252278e034df37a3db7790062246ac8 -> 
  custom:scripting/monoscript/fileName/PlayGamesClientConfiguration.cs: cbda80d08c4fad2108cf8d499a4ce6cd -> 
  custom:scripting/monoscript/fileName/PlayGamesPlatform.cs: d782f6ab2da5137f285f22a6872852b0 -> 
  custom:scripting/monoscript/fileName/AndroidBanner.cs: 282e9473b9351b3ad8cc7993d8b7cc25 -> 
  custom:scripting/monoscript/fileName/AndroidPlatform.cs: ec502a76f2de8159fa482f5b711d49f3 -> 
  custom:scripting/monoscript/fileName/Player.cs: f508e706a80f2cac1ca4753bfc3f3898 -> fcc73d36ccb8f7928d8e51dc0f7f7715
  custom:audio-encoder-webm-vorbis: bf7c407c2cedff20999df2af8eb42d56 -> 
  custom:scripting/monoscript/fileName/PlayGamesLocalUser.cs: 9045fc915278ce40a01ceb6cb6ffa7e7 -> 
  custom:scripting/monoscript/fileName/NearbyConnectionUI.cs: 2081fa82bc293409895cb453499f6de8 -> 
  custom:scripting/monoscript/fileName/AndroidSavedGameClient.cs: cdcaac82abe6dec9df609757cc9ed81b -> 
  custom:scripting/monoscript/fileName/IPlayGamesClient.cs: 1ad719d32c31a6809c48b983027e2d07 -> 
  custom:scripting/monoscript/fileName/PlayerStats.cs: cea33817bc59207de0a5be12e2f79424 -> 
========================================================================
Received Prepare
Refreshing native plugins compatible for Editor in 28.15 ms, found 3 plugins.
Preloading 0 native plugins for Editor in 0.00 ms.
Unloading 3 Unused Serialized files (Serialized files now loaded: 0)
Unloading 3 unused Assets / (354.4 KB). Loaded Objects now: 6624.
Memory consumption went from 111.6 MB to 111.2 MB.
Total: 5.247500 ms (FindLiveObjects: 0.633300 ms CreateObjectMapping: 0.722300 ms MarkObjects: 3.704000 ms  DeleteObjects: 0.186200 ms)

Prepare: number of updated asset objects reloaded= 0
AssetImportParameters requested are different than current active one (requested -> active):
  custom:scripting/monoscript/fileName/IEventsClient.cs: df75b65e8a2f4eedd3c75ce719331977 -> 
  custom:scripting/monoscript/fileName/PlayGamesAchievement.cs: 2cc796da06ab20c9c2704b2888e134e0 -> 
  custom:container-demuxer-ogg: 62fdf1f143b41e24485cea50d1cbac27 -> 
  custom:scripting/monoscript/fileName/Achievement.cs: 60d0ae0afd3e93570982eda07eaec834 -> 
  custom:scripting/monoscript/fileName/AndroidTokenClient.cs: 99656452a419d4b9b57b4150736630c2 -> 
  custom:scripting/monoscript/fileName/TokenClient.cs: 70b874cefbfed45f540a516eab539a9e -> 
  custom:scripting/monoscript/fileName/PlayerProfile.cs: eaedd008867e17d93ba2b97779ebd7cf -> 
  custom:scripting/monoscript/fileName/GPGSUpgrader.cs: 8521997bf017854e82cfe90f7fbd9aec -> 
  custom:video-decoder-ogg-theora: a1e56fd34408186e4bbccfd4996cb3dc -> 
  custom:scripting/monoscript/fileName/AndroidSnapshotMetadata.cs: 8a0aec66cc637a4c0fdfe16106a5608e -> 
  custom:framework-win-MediaFoundation: 216162199b28c13a410421893ffa2e32 -> 
  custom:scripting/monoscript/fileName/PlayGamesUserProfile.cs: b3668856aca011e743f4a7d60fa395fd -> 
  custom:scripting/monoscript/fileName/DummyNearbyConnectionClient.cs: 59221e562a8c48562f0c9cb2f1a7c274 -> 
  custom:scripting/monoscript/fileName/DummyClient.cs: d06457f579622d5ee55c8bdb0a05ee67 -> 
  custom:CustomObjectIndexerAttribute: a3ef5dd2817f97addfee359851a9dba5 -> 
  custom:scripting/monoscript/fileName/NearbyHelperObject.cs: ccf41a75cd0cb7900daafc814c343a44 -> 
  custom:scripting/monoscript/fileName/AndroidHelperFragment.cs: 1f2e058b49a85946b8a25a4bff14ddeb -> 
  custom:container-demuxer-webm: 4f35f7cbe854078d1ac9338744f61a02 -> 
  custom:scripting/monoscript/fileName/LeaderboardScoreData.cs: 692c9ede4dbe88ebbfa99295d409bd24 -> 
  custom:scripting/monoscript/fileName/PlatformUtils.cs: dbff6ae7e1009a480ae718fcca723385 -> 
  custom:scripting/monoscript/fileName/AndroidNearbyConnectionClient.cs: 4c1a4fddfc2b902e44184f36d654e88b -> 
  custom:scripting/monoscript/fileName/PlayGamesClientFactory.cs: 6decc7e06b28b64e5bcb77e0ca83cf96 -> 
  custom:scripting/monoscript/fileName/NearbyConnectionClientFactory.cs: 9a529d7823fa4d5f482bbdc0557347fc -> 
  custom:scripting/monoscript/fileName/GameInfo.cs: 07fa963f30736b438b6ae131177e21e5 -> 
  custom:container-muxer-webm: aa71ff27fc2769a1b78a27578f13a17b -> 
  custom:scripting/monoscript/fileName/AndroidEventsClient.cs: 8b70cd2b807ca35121dc023fb57e39f7 -> 
  custom:scripting/monoscript/fileName/PlayGamesScore.cs: 8209a8f70c7e9183ce57ac5dd0704cab -> 
  custom:scripting/monoscript/fileName/ScorePageToken.cs: ae39c429aa37cfad76078eed8f3bcdf4 -> 
  custom:video-decoder-webm-vp8: 9c59270c3fd7afecdb556c50c9e8de78 -> 
  custom:SearchIndexIgnoredProperties: e643bd26f0fe6173181afceb89e7c659 -> 
  custom:AudioImporter_EditorPlatform: d09bf68614088b80899f8185d706f6e7 -> 
  custom:scripting/monoscript/fileName/AndroidUtils.cs: f14de4686b589a012e48daae776f3163 -> 
  custom:scripting/monoscript/fileName/AndroidClient.cs: 622f3c26ea4b05ef3a7d84f5fddb2591 -> 
  custom:scripting/monoscript/fileName/PlayGamesLeaderboard.cs: 730c3ea3933e6af731b0240ae5d085ff -> 
  custom:scripting/monoscript/fileName/GPGSPostBuild.cs: 78a9e1706a07088f3a16f5a5223e35eb -> 
  custom:video-encoder-webm-vp8: eb34c28f22e8b96e1ab97ce403110664 -> 
  custom:scripting/monoscript/fileName/AndroidVideoClient.cs: 76a983f69777a21c04d4f224991e19e2 -> 
  custom:audio-decoder-ogg-vorbis: bf7c407c2cedff20999df2af8eb42d56 -> 
  custom:scripting/monoscript/fileName/AndroidTaskUtils.cs: fad394034cf593abfad08b9b56ca1bf1 -> 
  custom:scripting/monoscript/fileName/AndroidJavaConverter.cs: b252278e034df37a3db7790062246ac8 -> 
  custom:scripting/monoscript/fileName/PlayGamesClientConfiguration.cs: cbda80d08c4fad2108cf8d499a4ce6cd -> 
  custom:scripting/monoscript/fileName/PlayGamesPlatform.cs: d782f6ab2da5137f285f22a6872852b0 -> 
  custom:scripting/monoscript/fileName/AndroidBanner.cs: 282e9473b9351b3ad8cc7993d8b7cc25 -> 
  custom:scripting/monoscript/fileName/AndroidPlatform.cs: ec502a76f2de8159fa482f5b711d49f3 -> 
  custom:scripting/monoscript/fileName/Player.cs: f508e706a80f2cac1ca4753bfc3f3898 -> fcc73d36ccb8f7928d8e51dc0f7f7715
  custom:audio-encoder-webm-vorbis: bf7c407c2cedff20999df2af8eb42d56 -> 
  custom:scripting/monoscript/fileName/PlayGamesLocalUser.cs: 9045fc915278ce40a01ceb6cb6ffa7e7 -> 
  custom:scripting/monoscript/fileName/NearbyConnectionUI.cs: 2081fa82bc293409895cb453499f6de8 -> 
  custom:scripting/monoscript/fileName/AndroidSavedGameClient.cs: cdcaac82abe6dec9df609757cc9ed81b -> 
  custom:scripting/monoscript/fileName/IPlayGamesClient.cs: 1ad719d32c31a6809c48b983027e2d07 -> 
  custom:scripting/monoscript/fileName/PlayerStats.cs: cea33817bc59207de0a5be12e2f79424 -> 
========================================================================
Received Prepare
Refreshing native plugins compatible for Editor in 33.65 ms, found 3 plugins.
Preloading 0 native plugins for Editor in 0.00 ms.
Unloading 3 Unused Serialized files (Serialized files now loaded: 0)
Unloading 3 unused Assets / (362.3 KB). Loaded Objects now: 6624.
Memory consumption went from 110.5 MB to 110.1 MB.
Total: 9.472900 ms (FindLiveObjects: 3.576300 ms CreateObjectMapping: 0.763300 ms MarkObjects: 4.921700 ms  DeleteObjects: 0.210700 ms)

Prepare: number of updated asset objects reloaded= 0
AssetImportParameters requested are different than current active one (requested -> active):
  custom:scripting/monoscript/fileName/IEventsClient.cs: df75b65e8a2f4eedd3c75ce719331977 -> 
  custom:scripting/monoscript/fileName/PlayGamesAchievement.cs: 2cc796da06ab20c9c2704b2888e134e0 -> 
  custom:container-demuxer-ogg: 62fdf1f143b41e24485cea50d1cbac27 -> 
  custom:scripting/monoscript/fileName/Achievement.cs: 60d0ae0afd3e93570982eda07eaec834 -> 
  custom:scripting/monoscript/fileName/AndroidTokenClient.cs: 99656452a419d4b9b57b4150736630c2 -> 
  custom:scripting/monoscript/fileName/TokenClient.cs: 70b874cefbfed45f540a516eab539a9e -> 
  custom:scripting/monoscript/fileName/PlayerProfile.cs: eaedd008867e17d93ba2b97779ebd7cf -> 
  custom:scripting/monoscript/fileName/GPGSUpgrader.cs: 8521997bf017854e82cfe90f7fbd9aec -> 
  custom:video-decoder-ogg-theora: a1e56fd34408186e4bbccfd4996cb3dc -> 
  custom:scripting/monoscript/fileName/AndroidSnapshotMetadata.cs: 8a0aec66cc637a4c0fdfe16106a5608e -> 
  custom:framework-win-MediaFoundation: 216162199b28c13a410421893ffa2e32 -> 
  custom:scripting/monoscript/fileName/PlayGamesUserProfile.cs: b3668856aca011e743f4a7d60fa395fd -> 
  custom:scripting/monoscript/fileName/DummyNearbyConnectionClient.cs: 59221e562a8c48562f0c9cb2f1a7c274 -> 
  custom:scripting/monoscript/fileName/DummyClient.cs: d06457f579622d5ee55c8bdb0a05ee67 -> 
  custom:CustomObjectIndexerAttribute: a3ef5dd2817f97addfee359851a9dba5 -> 
  custom:scripting/monoscript/fileName/NearbyHelperObject.cs: ccf41a75cd0cb7900daafc814c343a44 -> 
  custom:scripting/monoscript/fileName/AndroidHelperFragment.cs: 1f2e058b49a85946b8a25a4bff14ddeb -> 
  custom:container-demuxer-webm: 4f35f7cbe854078d1ac9338744f61a02 -> 
  custom:scripting/monoscript/fileName/LeaderboardScoreData.cs: 692c9ede4dbe88ebbfa99295d409bd24 -> 
  custom:scripting/monoscript/fileName/PlatformUtils.cs: dbff6ae7e1009a480ae718fcca723385 -> 
  custom:scripting/monoscript/fileName/AndroidNearbyConnectionClient.cs: 4c1a4fddfc2b902e44184f36d654e88b -> 
  custom:scripting/monoscript/fileName/PlayGamesClientFactory.cs: 6decc7e06b28b64e5bcb77e0ca83cf96 -> 
  custom:scripting/monoscript/fileName/NearbyConnectionClientFactory.cs: 9a529d7823fa4d5f482bbdc0557347fc -> 
  custom:scripting/monoscript/fileName/GameInfo.cs: 07fa963f30736b438b6ae131177e21e5 -> 
  custom:container-muxer-webm: aa71ff27fc2769a1b78a27578f13a17b -> 
  custom:scripting/monoscript/fileName/AndroidEventsClient.cs: 8b70cd2b807ca35121dc023fb57e39f7 -> 
  custom:scripting/monoscript/fileName/PlayGamesScore.cs: 8209a8f70c7e9183ce57ac5dd0704cab -> 
  custom:scripting/monoscript/fileName/ScorePageToken.cs: ae39c429aa37cfad76078eed8f3bcdf4 -> 
  custom:video-decoder-webm-vp8: 9c59270c3fd7afecdb556c50c9e8de78 -> 
  custom:SearchIndexIgnoredProperties: e643bd26f0fe6173181afceb89e7c659 -> 
  custom:AudioImporter_EditorPlatform: d09bf68614088b80899f8185d706f6e7 -> 
  custom:scripting/monoscript/fileName/AndroidUtils.cs: f14de4686b589a012e48daae776f3163 -> 
  custom:scripting/monoscript/fileName/AndroidClient.cs: 622f3c26ea4b05ef3a7d84f5fddb2591 -> 
  custom:scripting/monoscript/fileName/PlayGamesLeaderboard.cs: 730c3ea3933e6af731b0240ae5d085ff -> 
  custom:scripting/monoscript/fileName/GPGSPostBuild.cs: 78a9e1706a07088f3a16f5a5223e35eb -> 
  custom:video-encoder-webm-vp8: eb34c28f22e8b96e1ab97ce403110664 -> 
  custom:scripting/monoscript/fileName/AndroidVideoClient.cs: 76a983f69777a21c04d4f224991e19e2 -> 
  custom:audio-decoder-ogg-vorbis: bf7c407c2cedff20999df2af8eb42d56 -> 
  custom:scripting/monoscript/fileName/AndroidTaskUtils.cs: fad394034cf593abfad08b9b56ca1bf1 -> 
  custom:scripting/monoscript/fileName/AndroidJavaConverter.cs: b252278e034df37a3db7790062246ac8 -> 
  custom:scripting/monoscript/fileName/PlayGamesClientConfiguration.cs: cbda80d08c4fad2108cf8d499a4ce6cd -> 
  custom:scripting/monoscript/fileName/PlayGamesPlatform.cs: d782f6ab2da5137f285f22a6872852b0 -> 
  custom:scripting/monoscript/fileName/AndroidBanner.cs: 282e9473b9351b3ad8cc7993d8b7cc25 -> 
  custom:scripting/monoscript/fileName/AndroidPlatform.cs: ec502a76f2de8159fa482f5b711d49f3 -> 
  custom:scripting/monoscript/fileName/Player.cs: f508e706a80f2cac1ca4753bfc3f3898 -> fcc73d36ccb8f7928d8e51dc0f7f7715
  custom:audio-encoder-webm-vorbis: bf7c407c2cedff20999df2af8eb42d56 -> 
  custom:scripting/monoscript/fileName/PlayGamesLocalUser.cs: 9045fc915278ce40a01ceb6cb6ffa7e7 -> 
  custom:scripting/monoscript/fileName/NearbyConnectionUI.cs: 2081fa82bc293409895cb453499f6de8 -> 
  custom:scripting/monoscript/fileName/AndroidSavedGameClient.cs: cdcaac82abe6dec9df609757cc9ed81b -> 
  custom:scripting/monoscript/fileName/IPlayGamesClient.cs: 1ad719d32c31a6809c48b983027e2d07 -> 
  custom:scripting/monoscript/fileName/PlayerStats.cs: cea33817bc59207de0a5be12e2f79424 -> 
========================================================================
Received Prepare
Begin MonoManager ReloadAssembly
Duplicate assembly 'websocket-sharp.dll' with different versions detected, using 'Assets/Photon/PhotonLibs/WebSocket/websocket-sharp.dll, AssemblyName=websocket-sharp, Version=1.0.2.59611, Culture=neutral, PublicKeyToken=5660b08a1845a91e' and ignoring 'Packages/com.unity.services.wire/Plugins/websocket-sharp.dll, AssemblyName=websocket-sharp, Version=1.0.2.18559, Culture=neutral, PublicKeyToken=5660b08a1845a91e'.Symbol file LoadedFromMemory is not a mono symbol file
- Loaded All Assemblies, in  0.760 seconds
Refreshing native plugins compatible for Editor in 25.66 ms, found 3 plugins.
Native extension for UWP target not found
Native extension for WindowsStandalone target not found
Native extension for iOS target not found
Native extension for Android target not found
Native extension for WebGL target not found
Unable to write to 'ProjectSettings\GvhProjectSettings.xml' (System.IO.IOException: Sharing violation on path C:\Users\Morgan Houston\Documents\GitHub\ZombCube\ProjectSettings\GvhProjectSettings.xml
  at System.IO.FileStream..ctor (System.String path, System.IO.FileMode mode, System.IO.FileAccess access, System.IO.FileShare share, System.Int32 bufferSize, System.Boolean anonymous, System.IO.FileOptions options) [0x0019e] in <b89873cb176e44a995a4781c7487d410>:0 
  at System.IO.FileStream..ctor (System.String path, System.IO.FileMode mode, System.IO.FileAccess access, System.IO.FileShare share, System.Int32 bufferSize, System.IO.FileOptions options) [0x00000] in <b89873cb176e44a995a4781c7487d410>:0 
  at System.IO.FileStream..ctor (System.String path, System.IO.FileMode mode, System.IO.FileAccess access, System.IO.FileShare share, System.Int32 bufferSize, System.Boolean useAsync) [0x00000] in <b89873cb176e44a995a4781c7487d410>:0 
  at (wrapper remoting-invoke-with-check) System.IO.FileStream..ctor(string,System.IO.FileMode,System.IO.FileAccess,System.IO.FileShare,int,bool)
  at System.Xml.XmlWriterSettings.CreateWriter (System.String outputFileName) [0x00051] in <e14f12b8a91b42bd8e49b8fddfbeacba>:0 
  at System.Xml.XmlWriter.Create (System.String outputFileName, System.Xml.XmlWriterSettings settings) [0x0000a] in <e14f12b8a91b42bd8e49b8fddfbeacba>:0 
  at Google.ProjectSettings.Save () [0x0006d] in /Users/chkuang/Workspace/git/unity-jar-resolver/source/VersionHandlerImpl/src/ProjectSettings.cs:821 , Project settings were not saved!
UnityEngine.StackTraceUtility:ExtractStackTrace ()
UnityEngine.DebugLogHandler:LogFormat (UnityEngine.LogType,UnityEngine.Object,string,object[])
UnityEngine.Logger:Log (UnityEngine.LogType,object)
UnityEngine.Debug:LogError (object)
Google.Logger:Log (string,Google.LogLevel) (at /Users/chkuang/Workspace/git/unity-jar-resolver/source/VersionHandlerImpl/src/Logger.cs:136)
Google.ProjectSettings:Save () (at /Users/chkuang/Workspace/git/unity-jar-resolver/source/VersionHandlerImpl/src/ProjectSettings.cs:844)
Google.ProjectSettings:SetBool (string,bool,Google.SettingsLocation) (at /Users/chkuang/Workspace/git/unity-jar-resolver/source/VersionHandlerImpl/src/ProjectSettings.cs:485)
Google.ProjectSettings:SetBool (string,bool) (at /Users/chkuang/Workspace/git/unity-jar-resolver/source/VersionHandlerImpl/src/ProjectSettings.cs:497)
Google.IOSResolver:set_VerboseLoggingEnabled (bool) (at /Users/chkuang/Workspace/git/unity-jar-resolver/source/IOSResolver/src/IOSResolver.cs:998)
Google.IOSResolver:.cctor () (at /Users/chkuang/Workspace/git/unity-jar-resolver/source/IOSResolver/src/IOSResolver.cs:692)
System.Runtime.CompilerServices.RuntimeHelpers:RunClassConstructor (System.RuntimeTypeHandle)
UnityEditor.EditorAssemblies:ProcessInitializeOnLoadAttributes (System.Type[])

(Filename: /Users/chkuang/Workspace/git/unity-jar-resolver/source/VersionHandlerImpl/src/ProjectSettings.cs Line: 844)

Mono: successfully reloaded assembly
- Finished resetting the current domain, in  1.460 seconds
Domain Reload Profiling: 2212ms
	BeginReloadAssembly (218ms)
		ExecutionOrderSort (0ms)
		DisableScriptedObjects (6ms)
		BackupInstance (0ms)
		ReleaseScriptingObjects (0ms)
		CreateAndSetChildDomain (51ms)
	RebuildCommonClasses (41ms)
	RebuildNativeTypeToScriptingClass (11ms)
	initialDomainReloadingComplete (72ms)
	LoadAllAssembliesAndSetupDomain (409ms)
		LoadAssemblies (495ms)
		RebuildTransferFunctionScriptingTraits (0ms)
		AnalyzeDomain (24ms)
			TypeCache.Refresh (10ms)
				TypeCache.ScanAssembly (0ms)
			ScanForSourceGeneratedMonoScriptInfo (0ms)
			ResolveRequiredComponents (13ms)
	FinalizeReload (1461ms)
		ReleaseScriptCaches (0ms)
		RebuildScriptCaches (0ms)
		SetupLoadedEditorAssemblies (622ms)
			LogAssemblyErrors (0ms)
			InitializePlatformSupportModulesInManaged (48ms)
			SetLoadedEditorAssemblies (8ms)
			RefreshPlugins (0ms)
			BeforeProcessingInitializeOnLoad (130ms)
			ProcessInitializeOnLoadAttributes (292ms)
			ProcessInitializeOnLoadMethodAttributes (129ms)
			AfterProcessingInitializeOnLoad (14ms)
			EditorAssembliesLoaded (1ms)
		ExecutionOrderSort2 (0ms)
		AwakeInstancesAfterBackupRestoration (23ms)
Refreshing native plugins compatible for Editor in 38.38 ms, found 3 plugins.
Preloading 0 native plugins for Editor in 0.00 ms.
Unloading 6021 Unused Serialized files (Serialized files now loaded: 0)
Unloading 119 unused Assets / (428.8 KB). Loaded Objects now: 6629.
Memory consumption went from 205.1 MB to 204.7 MB.
Total: 9.014400 ms (FindLiveObjects: 2.091400 ms CreateObjectMapping: 1.499400 ms MarkObjects: 5.132000 ms  DeleteObjects: 0.289200 ms)

Prepare: number of updated asset objects reloaded= 0
AssetImportParameters requested are different than current active one (requested -> active):
  custom:scripting/monoscript/fileName/IEventsClient.cs: df75b65e8a2f4eedd3c75ce719331977 -> 
  custom:scripting/monoscript/fileName/PlayGamesAchievement.cs: 2cc796da06ab20c9c2704b2888e134e0 -> 
  custom:container-demuxer-ogg: 62fdf1f143b41e24485cea50d1cbac27 -> 
  custom:scripting/monoscript/fileName/Achievement.cs: 60d0ae0afd3e93570982eda07eaec834 -> 
  custom:scripting/monoscript/fileName/AndroidTokenClient.cs: 99656452a419d4b9b57b4150736630c2 -> 
  custom:scripting/monoscript/fileName/TokenClient.cs: 70b874cefbfed45f540a516eab539a9e -> 
  custom:scripting/monoscript/fileName/PlayerProfile.cs: eaedd008867e17d93ba2b97779ebd7cf -> 
  custom:scripting/monoscript/fileName/GPGSUpgrader.cs: 8521997bf017854e82cfe90f7fbd9aec -> 
  custom:video-decoder-ogg-theora: a1e56fd34408186e4bbccfd4996cb3dc -> 
  custom:scripting/monoscript/fileName/AndroidSnapshotMetadata.cs: 8a0aec66cc637a4c0fdfe16106a5608e -> 
  custom:framework-win-MediaFoundation: 216162199b28c13a410421893ffa2e32 -> 
  custom:scripting/monoscript/fileName/PlayGamesUserProfile.cs: b3668856aca011e743f4a7d60fa395fd -> 
  custom:scripting/monoscript/fileName/DummyNearbyConnectionClient.cs: 59221e562a8c48562f0c9cb2f1a7c274 -> 
  custom:scripting/monoscript/fileName/DummyClient.cs: d06457f579622d5ee55c8bdb0a05ee67 -> 
  custom:CustomObjectIndexerAttribute: a3ef5dd2817f97addfee359851a9dba5 -> 
  custom:scripting/monoscript/fileName/NearbyHelperObject.cs: ccf41a75cd0cb7900daafc814c343a44 -> 
  custom:scripting/monoscript/fileName/AndroidHelperFragment.cs: 1f2e058b49a85946b8a25a4bff14ddeb -> 
  custom:container-demuxer-webm: 4f35f7cbe854078d1ac9338744f61a02 -> 
  custom:scripting/monoscript/fileName/LeaderboardScoreData.cs: 692c9ede4dbe88ebbfa99295d409bd24 -> 
  custom:scripting/monoscript/fileName/PlatformUtils.cs: dbff6ae7e1009a480ae718fcca723385 -> 
  custom:scripting/monoscript/fileName/AndroidNearbyConnectionClient.cs: 4c1a4fddfc2b902e44184f36d654e88b -> 
  custom:scripting/monoscript/fileName/PlayGamesClientFactory.cs: 6decc7e06b28b64e5bcb77e0ca83cf96 -> 
  custom:scripting/monoscript/fileName/NearbyConnectionClientFactory.cs: 9a529d7823fa4d5f482bbdc0557347fc -> 
  custom:scripting/monoscript/fileName/GameInfo.cs: 07fa963f30736b438b6ae131177e21e5 -> 
  custom:container-muxer-webm: aa71ff27fc2769a1b78a27578f13a17b -> 
  custom:scripting/monoscript/fileName/AndroidEventsClient.cs: 8b70cd2b807ca35121dc023fb57e39f7 -> 
  custom:scripting/monoscript/fileName/PlayGamesScore.cs: 8209a8f70c7e9183ce57ac5dd0704cab -> 
  custom:scripting/monoscript/fileName/ScorePageToken.cs: ae39c429aa37cfad76078eed8f3bcdf4 -> 
  custom:video-decoder-webm-vp8: 9c59270c3fd7afecdb556c50c9e8de78 -> 
  custom:SearchIndexIgnoredProperties: e643bd26f0fe6173181afceb89e7c659 -> 
  custom:AudioImporter_EditorPlatform: d09bf68614088b80899f8185d706f6e7 -> 
  custom:scripting/monoscript/fileName/AndroidUtils.cs: f14de4686b589a012e48daae776f3163 -> 
  custom:scripting/monoscript/fileName/AndroidClient.cs: 622f3c26ea4b05ef3a7d84f5fddb2591 -> 
  custom:scripting/monoscript/fileName/PlayGamesLeaderboard.cs: 730c3ea3933e6af731b0240ae5d085ff -> 
  custom:scripting/monoscript/fileName/GPGSPostBuild.cs: 78a9e1706a07088f3a16f5a5223e35eb -> 
  custom:video-encoder-webm-vp8: eb34c28f22e8b96e1ab97ce403110664 -> 
  custom:scripting/monoscript/fileName/AndroidVideoClient.cs: 76a983f69777a21c04d4f224991e19e2 -> 
  custom:audio-decoder-ogg-vorbis: bf7c407c2cedff20999df2af8eb42d56 -> 
  custom:scripting/monoscript/fileName/AndroidTaskUtils.cs: fad394034cf593abfad08b9b56ca1bf1 -> 
  custom:scripting/monoscript/fileName/AndroidJavaConverter.cs: b252278e034df37a3db7790062246ac8 -> 
  custom:scripting/monoscript/fileName/PlayGamesClientConfiguration.cs: cbda80d08c4fad2108cf8d499a4ce6cd -> 
  custom:scripting/monoscript/fileName/PlayGamesPlatform.cs: d782f6ab2da5137f285f22a6872852b0 -> 
  custom:scripting/monoscript/fileName/AndroidBanner.cs: 282e9473b9351b3ad8cc7993d8b7cc25 -> 
  custom:scripting/monoscript/fileName/AndroidPlatform.cs: ec502a76f2de8159fa482f5b711d49f3 -> 
  custom:scripting/monoscript/fileName/Player.cs: f508e706a80f2cac1ca4753bfc3f3898 -> fcc73d36ccb8f7928d8e51dc0f7f7715
  custom:audio-encoder-webm-vorbis: bf7c407c2cedff20999df2af8eb42d56 -> 
  custom:scripting/monoscript/fileName/PlayGamesLocalUser.cs: 9045fc915278ce40a01ceb6cb6ffa7e7 -> 
  custom:scripting/monoscript/fileName/NearbyConnectionUI.cs: 2081fa82bc293409895cb453499f6de8 -> 
  custom:scripting/monoscript/fileName/AndroidSavedGameClient.cs: cdcaac82abe6dec9df609757cc9ed81b -> 
  custom:scripting/monoscript/fileName/IPlayGamesClient.cs: 1ad719d32c31a6809c48b983027e2d07 -> 
  custom:scripting/monoscript/fileName/PlayerStats.cs: cea33817bc59207de0a5be12e2f79424 -> 
